#
# A fatal error has been detected by the Java Runtime Environment:
#
#  SIGSEGV (0xb) at pc=0x00007f181fc1459b, pid=17405, tid=139742574331648
#
# JRE version: Java(TM) SE Runtime Environment (8.0_72-b15) (build 1.8.0_72-b15)
# Java VM: Java HotSpot(TM) 64-Bit Server VM (25.72-b15 mixed mode linux-amd64 compressed oops)
# Problematic frame:
# C  [i965_dri.so+0x40059b]
#
# Failed to write core dump. Core dumps have been disabled. To enable core dumping, try "ulimit -c unlimited" before starting Java again
#
# If you would like to submit a bug report, please visit:
#   http://bugreport.java.com/bugreport/crash.jsp
# The crash happened outside the Java Virtual Machine in native code.
# See problematic frame for where to report the bug.
#

---------------  T H R E A D  ---------------

Current thread (0x00007f18702b2000):  JavaThread "QuantumRenderer-0" daemon [_thread_in_native, id=17423, stack(0x00007f185a70c000,0x00007f185a80d000)]

siginfo: si_signo: 11 (SIGSEGV), si_code: 1 (SEGV_MAPERR), si_addr: 0x0000000000000040

Registers:
RAX=0x0000000000000005, RBX=0x00007f1819ba2730, RCX=0x00007f181f8d1720, RDX=0x0000000000000001
RSP=0x00007f185a80b0f0, RBP=0x00007f1819c55c90, RSI=0x0000000000000001, RDI=0x0000000000000005
R8 =0x0000000000000000, R9 =0x0000000000000000, R10=0x0000000000000006, R11=0x0000000000000001
R12=0x00007f18182cbf54, R13=0x00007f18182a7278, R14=0x0000000000000000, R15=0x00007f1819c55890
RIP=0x00007f181fc1459b, EFLAGS=0x0000000000010203, CSGSFS=0x0000000000000033, ERR=0x0000000000000004
  TRAPNO=0x000000000000000e

Top of Stack: (sp=0x00007f185a80b0f0)
0x00007f185a80b0f0:   00007f18196dec20 00007f184c2d822b
0x00007f185a80b100:   0000000000000000 da50fd17b2d92800
0x00007f185a80b110:   0000000000000008 00007f18182a7278
0x00007f185a80b120:   00007f1819c55c90 00007f18182cbf54
0x00007f185a80b130:   00007f18182cbf54 0000000000000000
0x00007f185a80b140:   00007f1819c55890 00007f181fc04309
0x00007f185a80b150:   0000000000000000 00000556000002e8
0x00007f185a80b160:   00007f18182cbf5c 00007f18182a7278
0x00007f185a80b170:   00007f18182cc6b0 ffffffffffffffff
0x00007f185a80b180:   00007f181fffcce0 000000000c414000
0x00007f185a80b190:   00007f18182cc968 00007f181fc043a1
0x00007f185a80b1a0:   00007f18182a7278 00007f181fbd9f69
0x00007f185a80b1b0:   00007f185a80b25c da50fd17b2d92800
0x00007f185a80b1c0:   00007f18182cb340 00007f18182a7278
0x00007f185a80b1d0:   0000000000000004 da50fd17b2d92800
0x00007f185a80b1e0:   0000000000000000 00007f18182a7278
0x00007f185a80b1f0:   00007f185a80b2d0 00007f185a80b2f0
0x00007f185a80b200:   0000000000000003 0000000000000000
0x00007f185a80b210:   00007f185a80b2f0 00007f181fb63252
0x00007f185a80b220:   00007f1819b47500 0000000000000000
0x00007f185a80b230:   00007f181fffcce0 0000000100000000
0x00007f185a80b240:   00007f18182caf00 00007f1818303580
0x00007f185a80b250:   0000000001000000 0000000019bd4ed8
0x00007f185a80b260:   00007f180abf0e20 0000000000000000
0x00007f185a80b270:   00000000ffffffff 00007f18182a7278
0x00007f185a80b280:   00007f18183002e0 0000000000000006
0x00007f185a80b290:   00000000ffffffff 00007f181f99f8b8
0x00007f185a80b2a0:   0000000000000003 0000000000000000
0x00007f185a80b2b0:   0000000000000000 0000000000000000
0x00007f185a80b2c0:   00007f185a80b5f8 0000000400000000
0x00007f185a80b2d0:   0000140300000006 00007f181830a810
0x00007f185a80b2e0:   0000000000000000 00000000ecbd2540 

Instructions: (pc=0x00007f181fc1459b)
0x00007f181fc1457b:   00 00 00 00 00 48 89 f3 4c 8b b6 88 00 00 00 8b
0x00007f181fc1458b:   76 54 49 89 fd e8 3b 2f c6 ff 8b b3 a0 00 00 00
0x00007f181fc1459b:   41 8b 7e 40 b9 01 00 00 00 89 cd 89 44 24 04 8b
0x00007f181fc145ab:   83 9c 00 00 00 85 f6 0f 45 ab a0 00 00 00 85 ff 

Register to memory mapping:

RAX=0x0000000000000005 is an unknown value
RBX=0x00007f1819ba2730 is an unknown value
RCX=0x00007f181f8d1720: <offset 0xbd720> in /usr/lib/x86_64-linux-gnu/dri/i965_dri.so at 0x00007f181f814000
RDX=0x0000000000000001 is an unknown value
RSP=0x00007f185a80b0f0 is pointing into the stack for thread: 0x00007f18702b2000
RBP=0x00007f1819c55c90 is an unknown value
RSI=0x0000000000000001 is an unknown value
RDI=0x0000000000000005 is an unknown value
R8 =0x0000000000000000 is an unknown value
R9 =0x0000000000000000 is an unknown value
R10=0x0000000000000006 is an unknown value
R11=0x0000000000000001 is an unknown value
R12=0x00007f18182cbf54 is an unknown value
R13=0x00007f18182a7278 is an unknown value
R14=0x0000000000000000 is an unknown value
R15=0x00007f1819c55890 is an unknown value


Stack: [0x00007f185a70c000,0x00007f185a80d000],  sp=0x00007f185a80b0f0,  free space=1020k
Native frames: (J=compiled Java code, j=interpreted, Vv=VM code, C=native code)
C  [i965_dri.so+0x40059b]

Java frames: (J=compiled Java code, j=interpreted, Vv=VM code)
J 1350  com.sun.prism.es2.GLContext.nDrawIndexedQuads(JI[F[B)V (0 bytes) @ 0x00007f186142ce6c [0x00007f186142ce00+0x6c]
J 1348 C1 com.sun.prism.es2.ES2VertexBuffer.drawQuads(I)V (17 bytes) @ 0x00007f186142d314 [0x00007f186142d1c0+0x154]
J 1065 C1 com.sun.prism.impl.BaseContext.flushVertexBuffer()V (104 bytes) @ 0x00007f18613a93f4 [0x00007f18613a8d60+0x694]
j  com.sun.prism.es2.ES2SwapChain.drawTexture(Lcom/sun/prism/es2/ES2Graphics;Lcom/sun/prism/RTTexture;FFFFFFFF)V+68
j  com.sun.prism.es2.ES2SwapChain.prepare(Lcom/sun/javafx/geom/Rectangle;)Z+146
j  com.sun.javafx.tk.quantum.PresentingPainter.run()V+350
j  java.util.concurrent.Executors$RunnableAdapter.call()Ljava/lang/Object;+4
j  java.util.concurrent.FutureTask.runAndReset()Z+47
j  com.sun.javafx.tk.RenderJob.run()V+1
j  java.util.concurrent.ThreadPoolExecutor.runWorker(Ljava/util/concurrent/ThreadPoolExecutor$Worker;)V+95
j  java.util.concurrent.ThreadPoolExecutor$Worker.run()V+5
j  com.sun.javafx.tk.quantum.QuantumRenderer$PipelineRunnable.run()V+8
j  java.lang.Thread.run()V+11
v  ~StubRoutines::call_stub

---------------  P R O C E S S  ---------------

Java Threads: ( => current thread )
  0x00007f17fc26d000 JavaThread "Prism Font Disposer" daemon [_thread_blocked, id=17430, stack(0x00007f180ad4e000,0x00007f180ae4f000)]
  0x00007f1870362000 JavaThread "JavaFX-Launcher" [_thread_blocked, id=17429, stack(0x00007f181c1b3000,0x00007f181c2b4000)]
  0x00007f187035e000 JavaThread "JavaFX Application Thread" [_thread_blocked, id=17428, stack(0x00007f181c2b4000,0x00007f181c3b5000)]
  0x00007f187035a800 JavaThread "Thread-1" daemon [_thread_blocked, id=17425, stack(0x00007f181cbb6000,0x00007f181ccb7000)]
=>0x00007f18702b2000 JavaThread "QuantumRenderer-0" daemon [_thread_in_native, id=17423, stack(0x00007f185a70c000,0x00007f185a80d000)]
  0x00007f1870190000 JavaThread "Service Thread" daemon [_thread_blocked, id=17421, stack(0x00007f185a90e000,0x00007f185aa0f000)]
  0x00007f1870185000 JavaThread "C1 CompilerThread2" daemon [_thread_blocked, id=17420, stack(0x00007f185aa0f000,0x00007f185ab10000)]
  0x00007f1870183000 JavaThread "C2 CompilerThread1" daemon [_thread_in_native, id=17419, stack(0x00007f185ab10000,0x00007f185ac11000)]
  0x00007f1870180000 JavaThread "C2 CompilerThread0" daemon [_thread_in_native, id=17418, stack(0x00007f185ac11000,0x00007f185ad12000)]
  0x00007f187017e800 JavaThread "Signal Dispatcher" daemon [_thread_blocked, id=17417, stack(0x00007f185ad12000,0x00007f185ae13000)]
  0x00007f187014b800 JavaThread "Finalizer" daemon [_thread_blocked, id=17416, stack(0x00007f185b4f5000,0x00007f185b5f6000)]
  0x00007f1870147000 JavaThread "Reference Handler" daemon [_thread_blocked, id=17415, stack(0x00007f185b5f6000,0x00007f185b6f7000)]
  0x00007f187000a000 JavaThread "main" [_thread_blocked, id=17409, stack(0x00007f1877d23000,0x00007f1877e24000)]

Other Threads:
  0x00007f187013f000 VMThread [stack: 0x00007f185b6f7000,0x00007f185b7f8000] [id=17414]
  0x00007f1870193000 WatcherThread [stack: 0x00007f185a80d000,0x00007f185a90e000] [id=17422]

VM state:not at safepoint (normal execution)

VM Mutex/Monitor currently owned by a thread: None

Heap:
 PSYoungGen      total 17920K, used 14764K [0x00000000ec000000, 0x00000000ee300000, 0x0000000100000000)
  eden space 15360K, 79% used [0x00000000ec000000,0x00000000ecbef300,0x00000000ecf00000)
  from space 2560K, 99% used [0x00000000ee080000,0x00000000ee2fc030,0x00000000ee300000)
  to   space 2560K, 0% used [0x00000000ecf00000,0x00000000ecf00000,0x00000000ed180000)
 ParOldGen       total 40960K, used 2982K [0x00000000c4000000, 0x00000000c6800000, 0x00000000ec000000)
  object space 40960K, 7% used [0x00000000c4000000,0x00000000c42e9b18,0x00000000c6800000)
 Metaspace       used 16454K, capacity 17522K, committed 17792K, reserved 1064960K
  class space    used 2445K, capacity 2674K, committed 2688K, reserved 1048576K

Card table byte_map: [0x00007f1874900000,0x00007f1874ae1000] byte_map_base: 0x00007f18742e0000

Marking Bits: (ParMarkBitMap*) 0x00007f18771f8100
 Begin Bits: [0x00007f1857200000, 0x00007f1858100000)
 End Bits:   [0x00007f1858100000, 0x00007f1859000000)

Polling page: 0x00007f1877e45000

CodeCache: size=245760Kb used=7621Kb max_used=7621Kb free=238138Kb
 bounds [0x00007f1861000000, 0x00007f1861780000, 0x00007f1870000000]
 total_blobs=3127 nmethods=2496 adapters=543
 compilation: enabled

Compilation events (10 events):
Event: 6.836 Thread 0x00007f1870185000 nmethod 2490 0x00007f186176e210 code [0x00007f186176e3c0, 0x00007f186176eaf8]
Event: 6.836 Thread 0x00007f1870185000 2493       1       java.util.concurrent.locks.AbstractQueuedSynchronizer::setState (6 bytes)
Event: 6.836 Thread 0x00007f1870185000 nmethod 2493 0x00007f186176ecd0 code [0x00007f186176ee20, 0x00007f186176ef30]
Event: 6.836 Thread 0x00007f1870185000 2491       3       com.sun.prism.impl.BaseGraphics::drawTexture3SliceH (369 bytes)
Event: 6.838 Thread 0x00007f1870185000 nmethod 2491 0x00007f186176f310 code [0x00007f186176f560, 0x00007f1861770818]
Event: 6.838 Thread 0x00007f1870185000 2494       1       com.sun.javafx.sg.prism.NGRegion::supportsOpaqueRegions (2 bytes)
Event: 6.839 Thread 0x00007f1870185000 nmethod 2494 0x00007f1861770fd0 code [0x00007f1861771120, 0x00007f1861771230]
Event: 6.839 Thread 0x00007f1870185000 2496       3       javafx.scene.control.TabPane::getSide (24 bytes)
Event: 6.840 Thread 0x00007f1870185000 nmethod 2496 0x00007f1861771290 code [0x00007f1861771420, 0x00007f1861771788]
Event: 6.840 Thread 0x00007f1870185000 2497       3       javafx.scene.Parent::updateCachedBounds (502 bytes)

GC Heap History (4 events):
Event: 0.677 GC heap before
{Heap before GC invocations=1 (full 0):
 PSYoungGen      total 17920K, used 15360K [0x00000000ec000000, 0x00000000ed400000, 0x0000000100000000)
  eden space 15360K, 100% used [0x00000000ec000000,0x00000000ecf00000,0x00000000ecf00000)
  from space 2560K, 0% used [0x00000000ed180000,0x00000000ed180000,0x00000000ed400000)
  to   space 2560K, 0% used [0x00000000ecf00000,0x00000000ecf00000,0x00000000ed180000)
 ParOldGen       total 40960K, used 0K [0x00000000c4000000, 0x00000000c6800000, 0x00000000ec000000)
  object space 40960K, 0% used [0x00000000c4000000,0x00000000c4000000,0x00000000c6800000)
 Metaspace       used 9105K, capacity 9492K, committed 9600K, reserved 1056768K
  class space    used 1234K, capacity 1347K, committed 1408K, reserved 1048576K
Event: 0.687 GC heap after
Heap after GC invocations=1 (full 0):
 PSYoungGen      total 17920K, used 2544K [0x00000000ec000000, 0x00000000ee300000, 0x0000000100000000)
  eden space 15360K, 0% used [0x00000000ec000000,0x00000000ec000000,0x00000000ecf00000)
  from space 2560K, 99% used [0x00000000ecf00000,0x00000000ed17c030,0x00000000ed180000)
  to   space 2560K, 0% used [0x00000000ee080000,0x00000000ee080000,0x00000000ee300000)
 ParOldGen       total 40960K, used 184K [0x00000000c4000000, 0x00000000c6800000, 0x00000000ec000000)
  object space 40960K, 0% used [0x00000000c4000000,0x00000000c402e000,0x00000000c6800000)
 Metaspace       used 9105K, capacity 9492K, committed 9600K, reserved 1056768K
  class space    used 1234K, capacity 1347K, committed 1408K, reserved 1048576K
}
Event: 2.823 GC heap before
{Heap before GC invocations=2 (full 0):
 PSYoungGen      total 17920K, used 17904K [0x00000000ec000000, 0x00000000ee300000, 0x0000000100000000)
  eden space 15360K, 100% used [0x00000000ec000000,0x00000000ecf00000,0x00000000ecf00000)
  from space 2560K, 99% used [0x00000000ecf00000,0x00000000ed17c030,0x00000000ed180000)
  to   space 2560K, 0% used [0x00000000ee080000,0x00000000ee080000,0x00000000ee300000)
 ParOldGen       total 40960K, used 184K [0x00000000c4000000, 0x00000000c6800000, 0x00000000ec000000)
  object space 40960K, 0% used [0x00000000c4000000,0x00000000c402e000,0x00000000c6800000)
 Metaspace       used 14625K, capacity 15458K, committed 15488K, reserved 1062912K
  class space    used 2202K, capacity 2420K, committed 2432K, reserved 1048576K
Event: 2.830 GC heap after
Heap after GC invocations=2 (full 0):
 PSYoungGen      total 17920K, used 2544K [0x00000000ec000000, 0x00000000ee300000, 0x0000000100000000)
  eden space 15360K, 0% used [0x00000000ec000000,0x00000000ec000000,0x00000000ecf00000)
  from space 2560K, 99% used [0x00000000ee080000,0x00000000ee2fc030,0x00000000ee300000)
  to   space 2560K, 0% used [0x00000000ecf00000,0x00000000ecf00000,0x00000000ed180000)
 ParOldGen       total 40960K, used 2982K [0x00000000c4000000, 0x00000000c6800000, 0x00000000ec000000)
  object space 40960K, 7% used [0x00000000c4000000,0x00000000c42e9b18,0x00000000c6800000)
 Metaspace       used 14625K, capacity 15458K, committed 15488K, reserved 1062912K
  class space    used 2202K, capacity 2420K, committed 2432K, reserved 1048576K
}

Deoptimization events (10 events):
Event: 1.134 Thread 0x00007f187035e000 Uncommon trap: reason=unstable_if action=reinterpret pc=0x00007f18612c5e24 method=jdk.internal.org.objectweb.asm.Type.getArgumentsAndReturnSizes(Ljava/lang/String;)I @ 47
Event: 2.793 Thread 0x00007f187035e000 Uncommon trap: reason=unstable_if action=reinterpret pc=0x00007f18613a5038 method=java.lang.StrictMath.floorOrCeil(DDDD)D @ 38
Event: 2.953 Thread 0x00007f187035e000 Uncommon trap: reason=array_check action=maybe_recompile pc=0x00007f18614c8530 method=com.sun.javafx.css.SimpleSelector.applies(Ljavafx/css/Styleable;[Ljava/util/Set;I)Z @ 37
Event: 2.955 Thread 0x00007f187035e000 Uncommon trap: reason=array_check action=maybe_recompile pc=0x00007f18614c8530 method=com.sun.javafx.css.SimpleSelector.applies(Ljavafx/css/Styleable;[Ljava/util/Set;I)Z @ 37
Event: 2.955 Thread 0x00007f187035e000 Uncommon trap: reason=array_check action=maybe_recompile pc=0x00007f18614c8530 method=com.sun.javafx.css.SimpleSelector.applies(Ljavafx/css/Styleable;[Ljava/util/Set;I)Z @ 37
Event: 2.955 Thread 0x00007f187035e000 Uncommon trap: reason=array_check action=maybe_recompile pc=0x00007f18614c8530 method=com.sun.javafx.css.SimpleSelector.applies(Ljavafx/css/Styleable;[Ljava/util/Set;I)Z @ 37
Event: 4.983 Thread 0x00007f187035e000 Uncommon trap: reason=array_check action=maybe_recompile pc=0x00007f18615d63ac method=com.sun.javafx.css.CompoundSelector.applies(Ljavafx/css/Styleable;[Ljava/util/Set;I)Z @ 128
Event: 4.983 Thread 0x00007f187035e000 Uncommon trap: reason=array_check action=maybe_recompile pc=0x00007f18615d63ac method=com.sun.javafx.css.CompoundSelector.applies(Ljavafx/css/Styleable;[Ljava/util/Set;I)Z @ 128
Event: 4.983 Thread 0x00007f187035e000 Uncommon trap: reason=array_check action=maybe_recompile pc=0x00007f18615d63ac method=com.sun.javafx.css.CompoundSelector.applies(Ljavafx/css/Styleable;[Ljava/util/Set;I)Z @ 128
Event: 4.983 Thread 0x00007f187035e000 Uncommon trap: reason=array_check action=maybe_recompile pc=0x00007f18615d63ac method=com.sun.javafx.css.CompoundSelector.applies(Ljavafx/css/Styleable;[Ljava/util/Set;I)Z @ 128

Internal exceptions (10 events):
Event: 0.171 Thread 0x00007f187000a000 Exception <a 'java/lang/NoSuchFieldError': method resolution failed> (0x00000000ec1d3fe0) thrown at [/HUDSON/workspace/8-2-build-linux-amd64/jdk8u72/5732/hotspot/src/share/vm/prims/methodHandles.cpp, line 1146]
Event: 0.203 Thread 0x00007f187000a000 Exception <a 'java/security/PrivilegedActionException'> (0x00000000ec25dba8) thrown at [/HUDSON/workspace/8-2-build-linux-amd64/jdk8u72/5732/hotspot/src/share/vm/prims/jvm.cpp, line 1386]
Event: 0.203 Thread 0x00007f187000a000 Exception <a 'java/security/PrivilegedActionException'> (0x00000000ec25ddb8) thrown at [/HUDSON/workspace/8-2-build-linux-amd64/jdk8u72/5732/hotspot/src/share/vm/prims/jvm.cpp, line 1386]
Event: 0.204 Thread 0x00007f187000a000 Exception <a 'java/security/PrivilegedActionException'> (0x00000000ec2601f8) thrown at [/HUDSON/workspace/8-2-build-linux-amd64/jdk8u72/5732/hotspot/src/share/vm/prims/jvm.cpp, line 1386]
Event: 0.204 Thread 0x00007f187000a000 Exception <a 'java/security/PrivilegedActionException'> (0x00000000ec260408) thrown at [/HUDSON/workspace/8-2-build-linux-amd64/jdk8u72/5732/hotspot/src/share/vm/prims/jvm.cpp, line 1386]
Event: 0.204 Thread 0x00007f187000a000 Exception <a 'java/lang/NullPointerException'> (0x00000000ec2609e0) thrown at [/HUDSON/workspace/8-2-build-linux-amd64/jdk8u72/5732/hotspot/src/share/vm/interpreter/linkResolver.cpp, line 1178]
Event: 0.487 Thread 0x00007f187035e000 Exception <a 'java/lang/NullPointerException'> (0x00000000eca07df0) thrown at [/HUDSON/workspace/8-2-build-linux-amd64/jdk8u72/5732/hotspot/src/share/vm/interpreter/linkResolver.cpp, line 1178]
Event: 0.487 Thread 0x00007f187035e000 Exception <a 'java/lang/NullPointerException'> (0x00000000eca07df0) thrown at [/HUDSON/workspace/8-2-build-linux-amd64/jdk8u72/5732/hotspot/src/share/vm/prims/jvm.cpp, line 1390]
Event: 0.670 Thread 0x00007f187035e000 Implicit null exception at 0x00007f18612405f5 to 0x00007f18612407d9
Event: 0.714 Thread 0x00007f187035e000 Implicit null exception at 0x00007f186126dcb3 to 0x00007f186126e01d

Events (10 events):
Event: 5.032 loading class javafx/scene/effect/InnerShadow$5
Event: 5.032 loading class javafx/scene/effect/InnerShadow$5 done
Event: 5.032 loading class javafx/scene/effect/InnerShadow$2
Event: 5.032 loading class javafx/scene/effect/InnerShadow$2 done
Event: 5.032 loading class javafx/scene/effect/InnerShadow$3
Event: 5.032 loading class javafx/scene/effect/InnerShadow$3 done
Event: 5.072 loading class com/sun/javafx/geom/DirtyRegionPool$PoolItem
Event: 5.072 loading class com/sun/javafx/geom/DirtyRegionPool$PoolItem done
Event: 5.768 Thread 0x00007f187035e000 DEOPT PACKING pc=0x00007f186145b7ee sp=0x00007f181c3b0360
Event: 5.769 Thread 0x00007f187035e000 DEOPT UNPACKING pc=0x00007f1861047633 sp=0x00007f181c3b00e0 mode 0


Dynamic libraries:
00400000-00401000 r-xp 00000000 08:05 5781194                            /usr/lib/jvm/java-8-oracle/jre/bin/java
00600000-00601000 rw-p 00000000 08:05 5781194                            /usr/lib/jvm/java-8-oracle/jre/bin/java
0141a000-0143b000 rw-p 00000000 00:00 0                                  [heap]
c4000000-c6800000 rw-p 00000000 00:00 0 
c6800000-ec000000 ---p 00000000 00:00 0 
ec000000-ee300000 rw-p 00000000 00:00 0 
ee300000-100000000 ---p 00000000 00:00 0 
100000000-1002a0000 rw-p 00000000 00:00 0 
1002a0000-140000000 ---p 00000000 00:00 0 
7f17f4000000-7f17f4021000 rw-p 00000000 00:00 0 
7f17f4021000-7f17f8000000 ---p 00000000 00:00 0 
7f17fc000000-7f17fc34c000 rw-p 00000000 00:00 0 
7f17fc34c000-7f1800000000 ---p 00000000 00:00 0 
7f1800000000-7f1800021000 rw-p 00000000 00:00 0 
7f1800021000-7f1804000000 ---p 00000000 00:00 0 
7f1804000000-7f1804022000 rw-p 00000000 00:00 0 
7f1804022000-7f1808000000 ---p 00000000 00:00 0 
7f180a1c5000-7f180a1d5000 rw-s 00000000 00:05 407970                     /drm mm object (deleted)
7f180a1d5000-7f180a1dd000 rw-s 00000000 00:05 407969                     /drm mm object (deleted)
7f180a1dd000-7f180a1ed000 rw-s 00000000 00:05 407967                     /drm mm object (deleted)
7f180a1ed000-7f180a1f5000 rw-s 00000000 00:05 407966                     /drm mm object (deleted)
7f180a1f5000-7f180a205000 rw-s 00000000 00:05 407964                     /drm mm object (deleted)
7f180a205000-7f180a20d000 rw-s 00000000 00:05 407963                     /drm mm object (deleted)
7f180a20d000-7f180a21d000 rw-s 00000000 00:05 407961                     /drm mm object (deleted)
7f180a21d000-7f180a2dd000 rw-p 00000000 00:00 0 
7f180a2dd000-7f180a41d000 ---p 00000000 00:00 0 
7f180a41d000-7f180a42d000 rw-s 00000000 00:05 406645                     /drm mm object (deleted)
7f180a42d000-7f180a42e000 rw-s 00000000 00:05 409081                     /drm mm object (deleted)
7f180a42e000-7f180a42f000 rw-s 00000000 00:05 409076                     /drm mm object (deleted)
7f180a42f000-7f180a430000 rw-s 00000000 00:05 409075                     /drm mm object (deleted)
7f180a430000-7f180a440000 rw-s 00000000 00:05 404965                     /drm mm object (deleted)
7f180a440000-7f180a448000 rw-s 00000000 00:05 404964                     /drm mm object (deleted)
7f180a448000-7f180a450000 rw-s 00000000 00:05 404962                     /drm mm object (deleted)
7f180a450000-7f180a458000 rw-s 00000000 00:05 404960                     /drm mm object (deleted)
7f180a458000-7f180a468000 rw-s 00000000 00:05 409096                     /drm mm object (deleted)
7f180a468000-7f180a470000 rw-s 00000000 00:05 409095                     /drm mm object (deleted)
7f180a470000-7f180a474000 rw-s 102280000 00:06 355                       /dev/dri/card0
7f180a474000-7f180a674000 rw-p 00000000 00:00 0 
7f180a674000-7f180a684000 rw-s 00000000 00:05 409090                     /drm mm object (deleted)
7f180a684000-7f180a6e4000 rw-s 00000000 00:05 409088                     /drm mm object (deleted)
7f180a6e4000-7f180a6f2000 rw-s 00000000 00:05 409087                     /drm mm object (deleted)
7f180a6f3000-7f180a6f4000 rw-p 00000000 00:00 0 
7f180a6f4000-7f180a8b4000 rw-s 1020be000 00:06 355                       /dev/dri/card0
7f180a8b4000-7f180aa74000 rw-s 00000000 00:05 409079                     /drm mm object (deleted)
7f180aa74000-7f180aa84000 rw-s 00000000 00:05 409082                     /drm mm object (deleted)
7f180aa84000-7f180aa90000 rw-s 00000000 00:05 409065                     /drm mm object (deleted)
7f180aa90000-7f180aaa2000 r--s 00345000 08:05 5641302                    /usr/lib/jvm/java-8-oracle/jre/lib/resources.jar
7f180aaa2000-7f180aca2000 rw-p 00000000 00:00 0 
7f180aca2000-7f180ad4e000 r--p 00000000 08:05 525411                     /usr/share/fonts/truetype/dejavu/DejaVuSans-Bold.ttf
7f180ad4e000-7f180ad51000 ---p 00000000 00:00 0 
7f180ad51000-7f180ae4f000 rw-p 00000000 00:00 0                          [stack:17430]
7f180ae4f000-7f180af08000 r--p 00000000 08:05 525412                     /usr/share/fonts/truetype/dejavu/DejaVuSans.ttf
7f180af08000-7f180af56000 r--p 00000000 08:05 5781144                    /usr/lib/jvm/java-8-oracle/jre/lib/fonts/LucidaSansDemiBold.ttf
7f180af56000-7f180af6a000 r--p 00000000 08:05 5781138                    /usr/lib/jvm/java-8-oracle/jre/lib/fonts/LucidaBrightItalic.ttf
7f180af6a000-7f180afa6000 r--p 00000000 08:05 5781137                    /usr/lib/jvm/java-8-oracle/jre/lib/fonts/LucidaTypewriterRegular.ttf
7f180afa6000-7f180afe0000 r--p 00000000 08:05 5781140                    /usr/lib/jvm/java-8-oracle/jre/lib/fonts/LucidaTypewriterBold.ttf
7f180afe0000-7f180aff3000 r--p 00000000 08:05 5781142                    /usr/lib/jvm/java-8-oracle/jre/lib/fonts/LucidaBrightDemiItalic.ttf
7f180aff3000-7f180aff7000 r-xp 00000000 08:05 5781019                    /usr/lib/jvm/java-8-oracle/jre/lib/amd64/libjavafx_font_pango.so
7f180aff7000-7f180b1f6000 ---p 00004000 08:05 5781019                    /usr/lib/jvm/java-8-oracle/jre/lib/amd64/libjavafx_font_pango.so
7f180b1f6000-7f180b1f7000 rw-p 00003000 08:05 5781019                    /usr/lib/jvm/java-8-oracle/jre/lib/amd64/libjavafx_font_pango.so
7f180b1f7000-7f180b3f7000 rw-p 00000000 00:00 0 
7f180b3f7000-7f180b3fc000 r-xp 00000000 08:05 5780943                    /usr/lib/jvm/java-8-oracle/jre/lib/amd64/libjavafx_font_freetype.so
7f180b3fc000-7f180b5fb000 ---p 00005000 08:05 5780943                    /usr/lib/jvm/java-8-oracle/jre/lib/amd64/libjavafx_font_freetype.so
7f180b5fb000-7f180b5fc000 rw-p 00004000 08:05 5780943                    /usr/lib/jvm/java-8-oracle/jre/lib/amd64/libjavafx_font_freetype.so
7f180b5fc000-7f180b5ff000 r-xp 00000000 08:05 5780947                    /usr/lib/jvm/java-8-oracle/jre/lib/amd64/libjavafx_font.so
7f180b5ff000-7f180b7fe000 ---p 00003000 08:05 5780947                    /usr/lib/jvm/java-8-oracle/jre/lib/amd64/libjavafx_font.so
7f180b7fe000-7f180b7ff000 rw-p 00002000 08:05 5780947                    /usr/lib/jvm/java-8-oracle/jre/lib/amd64/libjavafx_font.so
7f180b7ff000-7f180b800000 ---p 00000000 00:00 0 
7f180b800000-7f180c000000 rw-p 00000000 00:00 0                          [stack:17427]
7f180c000000-7f180c021000 rw-p 00000000 00:00 0 
7f180c021000-7f1810000000 ---p 00000000 00:00 0 
7f1810000000-7f1810021000 rw-p 00000000 00:00 0 
7f1810021000-7f1814000000 ---p 00000000 00:00 0 
7f1814000000-7f1814021000 rw-p 00000000 00:00 0 
7f1814021000-7f1818000000 ---p 00000000 00:00 0 
7f1818000000-7f1819d92000 rw-p 00000000 00:00 0 
7f1819d92000-7f181c000000 ---p 00000000 00:00 0 
7f181c000000-7f181c008000 rw-s 00000000 00:05 409085                     /drm mm object (deleted)
7f181c008000-7f181c00d000 r--s 00084000 08:05 5641292                    /usr/lib/jvm/java-8-oracle/jre/lib/jfr.jar
7f181c00d000-7f181c0b8000 r--p 00000000 08:05 5781141                    /usr/lib/jvm/java-8-oracle/jre/lib/fonts/LucidaSansRegular.ttf
7f181c0b8000-7f181c0cb000 r--p 00000000 08:05 5781143                    /usr/lib/jvm/java-8-oracle/jre/lib/fonts/LucidaBrightDemiBold.ttf
7f181c0cb000-7f181c120000 r--p 00000000 08:05 5781139                    /usr/lib/jvm/java-8-oracle/jre/lib/fonts/LucidaBrightRegular.ttf
7f181c120000-7f181c121000 r--s 00001000 08:05 1968891                    /home/kraulain/NetBeansProjects/COT-MIS2/dist/run446797677/lib/slf4j-simple-1.6.1.jar
7f181c121000-7f181c129000 r--s 000c4000 08:05 1968889                    /home/kraulain/NetBeansProjects/COT-MIS2/dist/run446797677/lib/mysql-connector-java-5.1.23-bin.jar
7f181c129000-7f181c133000 r--s 000a2000 08:05 1968885                    /home/kraulain/NetBeansProjects/COT-MIS2/dist/run446797677/lib/javassist-3.18.1-GA.jar
7f181c133000-7f181c141000 r--s 00090000 08:05 1968883                    /home/kraulain/NetBeansProjects/COT-MIS2/dist/run446797677/lib/hibernate-entitymanager-4.3.1.Final.jar
7f181c141000-7f181c19e000 r--s 00496000 08:05 1968881                    /home/kraulain/NetBeansProjects/COT-MIS2/dist/run446797677/lib/hibernate-core-4.3.1.Final.jar
7f181c19e000-7f181c1b3000 r--s 000e1000 08:05 1968878                    /home/kraulain/NetBeansProjects/COT-MIS2/dist/run446797677/lib/ehcache-core-2.4.3.jar
7f181c1b3000-7f181c1b6000 ---p 00000000 00:00 0 
7f181c1b6000-7f181c2b4000 rw-p 00000000 00:00 0                          [stack:17429]
7f181c2b4000-7f181c2b7000 ---p 00000000 00:00 0 
7f181c2b7000-7f181c3b5000 rw-p 00000000 00:00 0                          [stack:17428]
7f181c3b5000-7f181c3b6000 ---p 00000000 00:00 0 
7f181c3b6000-7f181cbb6000 rw-p 00000000 00:00 0                          [stack:17426]
7f181cbb6000-7f181cbb9000 ---p 00000000 00:00 0 
7f181cbb9000-7f181ccb7000 rw-p 00000000 00:00 0                          [stack:17425]
7f181ccb7000-7f181ccb8000 ---p 00000000 00:00 0 
7f181ccb8000-7f181d4b8000 rw-p 00000000 00:00 0                          [stack:17424]
7f181d4b8000-7f181d4c3000 r-xp 00000000 08:05 5636574                    /usr/lib/x86_64-linux-gnu/gio/modules/libdconfsettings.so
7f181d4c3000-7f181d6c3000 ---p 0000b000 08:05 5636574                    /usr/lib/x86_64-linux-gnu/gio/modules/libdconfsettings.so
7f181d6c3000-7f181d6c4000 r--p 0000b000 08:05 5636574                    /usr/lib/x86_64-linux-gnu/gio/modules/libdconfsettings.so
7f181d6c4000-7f181d6c5000 rw-p 0000c000 08:05 5636574                    /usr/lib/x86_64-linux-gnu/gio/modules/libdconfsettings.so
7f181d6c5000-7f181d6cc000 r-xp 00000000 08:05 5252813                    /usr/lib/x86_64-linux-gnu/libogg.so.0.8.2
7f181d6cc000-7f181d8cc000 ---p 00007000 08:05 5252813                    /usr/lib/x86_64-linux-gnu/libogg.so.0.8.2
7f181d8cc000-7f181d8cd000 r--p 00007000 08:05 5252813                    /usr/lib/x86_64-linux-gnu/libogg.so.0.8.2
7f181d8cd000-7f181d8ce000 rw-p 00008000 08:05 5252813                    /usr/lib/x86_64-linux-gnu/libogg.so.0.8.2
7f181d8ce000-7f181d8f9000 r-xp 00000000 08:05 5253133                    /usr/lib/x86_64-linux-gnu/libvorbis.so.0.4.7
7f181d8f9000-7f181daf8000 ---p 0002b000 08:05 5253133                    /usr/lib/x86_64-linux-gnu/libvorbis.so.0.4.7
7f181daf8000-7f181daf9000 r--p 0002a000 08:05 5253133                    /usr/lib/x86_64-linux-gnu/libvorbis.so.0.4.7
7f181daf9000-7f181dafa000 rw-p 0002b000 08:05 5253133                    /usr/lib/x86_64-linux-gnu/libvorbis.so.0.4.7
7f181dafa000-7f181db03000 r-xp 00000000 08:05 5252698                    /usr/lib/x86_64-linux-gnu/libltdl.so.7.3.0
7f181db03000-7f181dd02000 ---p 00009000 08:05 5252698                    /usr/lib/x86_64-linux-gnu/libltdl.so.7.3.0
7f181dd02000-7f181dd03000 r--p 00008000 08:05 5252698                    /usr/lib/x86_64-linux-gnu/libltdl.so.7.3.0
7f181dd03000-7f181dd04000 rw-p 00009000 08:05 5252698                    /usr/lib/x86_64-linux-gnu/libltdl.so.7.3.0
7f181dd04000-7f181dd18000 r-xp 00000000 08:05 5253040                    /usr/lib/x86_64-linux-gnu/libtdb.so.1.3.5
7f181dd18000-7f181df17000 ---p 00014000 08:05 5253040                    /usr/lib/x86_64-linux-gnu/libtdb.so.1.3.5
7f181df17000-7f181df18000 r--p 00013000 08:05 5253040                    /usr/lib/x86_64-linux-gnu/libtdb.so.1.3.5
7f181df18000-7f181df19000 rw-p 00014000 08:05 5253040                    /usr/lib/x86_64-linux-gnu/libtdb.so.1.3.5
7f181df19000-7f181df20000 r-xp 00000000 08:05 5253137                    /usr/lib/x86_64-linux-gnu/libvorbisfile.so.3.3.6
7f181df20000-7f181e120000 ---p 00007000 08:05 5253137                    /usr/lib/x86_64-linux-gnu/libvorbisfile.so.3.3.6
7f181e120000-7f181e121000 r--p 00007000 08:05 5253137                    /usr/lib/x86_64-linux-gnu/libvorbisfile.so.3.3.6
7f181e121000-7f181e122000 rw-p 00008000 08:05 5253137                    /usr/lib/x86_64-linux-gnu/libvorbisfile.so.3.3.6
7f181e122000-7f181e132000 r-xp 00000000 08:05 5252207                    /usr/lib/x86_64-linux-gnu/libcanberra.so.0.2.5
7f181e132000-7f181e332000 ---p 00010000 08:05 5252207                    /usr/lib/x86_64-linux-gnu/libcanberra.so.0.2.5
7f181e332000-7f181e333000 r--p 00010000 08:05 5252207                    /usr/lib/x86_64-linux-gnu/libcanberra.so.0.2.5
7f181e333000-7f181e334000 rw-p 00011000 08:05 5252207                    /usr/lib/x86_64-linux-gnu/libcanberra.so.0.2.5
7f181e334000-7f181e338000 r-xp 00000000 08:05 5252203                    /usr/lib/x86_64-linux-gnu/libcanberra-gtk.so.0.1.9
7f181e338000-7f181e537000 ---p 00004000 08:05 5252203                    /usr/lib/x86_64-linux-gnu/libcanberra-gtk.so.0.1.9
7f181e537000-7f181e538000 r--p 00003000 08:05 5252203                    /usr/lib/x86_64-linux-gnu/libcanberra-gtk.so.0.1.9
7f181e538000-7f181e539000 rw-p 00004000 08:05 5252203                    /usr/lib/x86_64-linux-gnu/libcanberra-gtk.so.0.1.9
7f181e539000-7f181e53e000 r-xp 00000000 08:05 5636607                    /usr/lib/x86_64-linux-gnu/gtk-2.0/modules/libcanberra-gtk-module.so
7f181e53e000-7f181e73d000 ---p 00005000 08:05 5636607                    /usr/lib/x86_64-linux-gnu/gtk-2.0/modules/libcanberra-gtk-module.so
7f181e73d000-7f181e73e000 r--p 00004000 08:05 5636607                    /usr/lib/x86_64-linux-gnu/gtk-2.0/modules/libcanberra-gtk-module.so
7f181e73e000-7f181e73f000 rw-p 00005000 08:05 5636607                    /usr/lib/x86_64-linux-gnu/gtk-2.0/modules/libcanberra-gtk-module.so
7f181e73f000-7f181e76e000 r-xp 00000000 08:05 5636589                    /usr/lib/x86_64-linux-gnu/gtk-2.0/2.10.0/engines/libmurrine.so
7f181e76e000-7f181e96e000 ---p 0002f000 08:05 5636589                    /usr/lib/x86_64-linux-gnu/gtk-2.0/2.10.0/engines/libmurrine.so
7f181e96e000-7f181e96f000 r--p 0002f000 08:05 5636589                    /usr/lib/x86_64-linux-gnu/gtk-2.0/2.10.0/engines/libmurrine.so
7f181e96f000-7f181e970000 rw-p 00030000 08:05 5636589                    /usr/lib/x86_64-linux-gnu/gtk-2.0/2.10.0/engines/libmurrine.so
7f181e970000-7f181e980000 r-xp 00000000 08:05 5253096                    /usr/lib/x86_64-linux-gnu/libunity-gtk2-parser.so.0.0.0
7f181e980000-7f181eb80000 ---p 00010000 08:05 5253096                    /usr/lib/x86_64-linux-gnu/libunity-gtk2-parser.so.0.0.0
7f181eb80000-7f181eb81000 r--p 00010000 08:05 5253096                    /usr/lib/x86_64-linux-gnu/libunity-gtk2-parser.so.0.0.0
7f181eb81000-7f181eb82000 rw-p 00011000 08:05 5253096                    /usr/lib/x86_64-linux-gnu/libunity-gtk2-parser.so.0.0.0
7f181eb82000-7f181eb87000 r-xp 00000000 08:05 5636611                    /usr/lib/x86_64-linux-gnu/gtk-2.0/modules/libunity-gtk-module.so
7f181eb87000-7f181ed86000 ---p 00005000 08:05 5636611                    /usr/lib/x86_64-linux-gnu/gtk-2.0/modules/libunity-gtk-module.so
7f181ed86000-7f181ed87000 r--p 00004000 08:05 5636611                    /usr/lib/x86_64-linux-gnu/gtk-2.0/modules/libunity-gtk-module.so
7f181ed87000-7f181ed88000 rw-p 00005000 08:05 5636611                    /usr/lib/x86_64-linux-gnu/gtk-2.0/modules/libunity-gtk-module.so
7f181ed88000-7f181ed99000 r-xp 00000000 08:05 5636610                    /usr/lib/x86_64-linux-gnu/gtk-2.0/modules/liboverlay-scrollbar.so
7f181ed99000-7f181ef99000 ---p 00011000 08:05 5636610                    /usr/lib/x86_64-linux-gnu/gtk-2.0/modules/liboverlay-scrollbar.so
7f181ef99000-7f181ef9a000 r--p 00011000 08:05 5636610                    /usr/lib/x86_64-linux-gnu/gtk-2.0/modules/liboverlay-scrollbar.so
7f181ef9a000-7f181ef9b000 rw-p 00012000 08:05 5636610                    /usr/lib/x86_64-linux-gnu/gtk-2.0/modules/liboverlay-scrollbar.so
7f181ef9b000-7f181efc4000 r-xp 00000000 08:05 5780952                    /usr/lib/jvm/java-8-oracle/jre/lib/amd64/libglass.so
7f181efc4000-7f181f1c3000 ---p 00029000 08:05 5780952                    /usr/lib/jvm/java-8-oracle/jre/lib/amd64/libglass.so
7f181f1c3000-7f181f1c6000 rw-p 00028000 08:05 5780952                    /usr/lib/jvm/java-8-oracle/jre/lib/amd64/libglass.so
7f181f1c6000-7f181f1fd000 r-xp 00000000 08:05 5253079                    /usr/lib/x86_64-linux-gnu/libtxc_dxtn_s2tc.so.0.0.0
7f181f1fd000-7f181f3fc000 ---p 00037000 08:05 5253079                    /usr/lib/x86_64-linux-gnu/libtxc_dxtn_s2tc.so.0.0.0
7f181f3fc000-7f181f3fd000 r--p 00036000 08:05 5253079                    /usr/lib/x86_64-linux-gnu/libtxc_dxtn_s2tc.so.0.0.0
7f181f3fd000-7f181f3fe000 rw-p 00037000 08:05 5253079                    /usr/lib/x86_64-linux-gnu/libtxc_dxtn_s2tc.so.0.0.0
7f181f3fe000-7f181f406000 r-xp 00000000 08:05 5252843                    /usr/lib/x86_64-linux-gnu/libpciaccess.so.0.11.1
7f181f406000-7f181f606000 ---p 00008000 08:05 5252843                    /usr/lib/x86_64-linux-gnu/libpciaccess.so.0.11.1
7f181f606000-7f181f607000 r--p 00008000 08:05 5252843                    /usr/lib/x86_64-linux-gnu/libpciaccess.so.0.11.1
7f181f607000-7f181f608000 rw-p 00009000 08:05 5252843                    /usr/lib/x86_64-linux-gnu/libpciaccess.so.0.11.1
7f181f608000-7f181f613000 r-xp 00000000 08:05 5252333                    /usr/lib/x86_64-linux-gnu/libdrm_radeon.so.1.0.1
7f181f613000-7f181f812000 ---p 0000b000 08:05 5252333                    /usr/lib/x86_64-linux-gnu/libdrm_radeon.so.1.0.1
7f181f812000-7f181f813000 r--p 0000a000 08:05 5252333                    /usr/lib/x86_64-linux-gnu/libdrm_radeon.so.1.0.1
7f181f813000-7f181f814000 rw-p 0000b000 08:05 5252333                    /usr/lib/x86_64-linux-gnu/libdrm_radeon.so.1.0.1
7f181f814000-7f181fdc6000 r-xp 00000000 08:05 5508073                    /usr/lib/x86_64-linux-gnu/dri/i965_dri.so
7f181fdc6000-7f181ffc5000 ---p 005b2000 08:05 5508073                    /usr/lib/x86_64-linux-gnu/dri/i965_dri.so
7f181ffc5000-7f181fff2000 r--p 005b1000 08:05 5508073                    /usr/lib/x86_64-linux-gnu/dri/i965_dri.so
7f181fff2000-7f181fff8000 rw-p 005de000 08:05 5508073                    /usr/lib/x86_64-linux-gnu/dri/i965_dri.so
7f181fff8000-7f1820000000 rw-p 00000000 00:00 0 
7f1820000000-7f1820021000 rw-p 00000000 00:00 0 
7f1820021000-7f1824000000 ---p 00000000 00:00 0 
7f1824000000-7f1824021000 rw-p 00000000 00:00 0 
7f1824021000-7f1828000000 ---p 00000000 00:00 0 
7f1828000000-7f18283d5000 rw-p 00000000 00:00 0 
7f18283d5000-7f182c000000 ---p 00000000 00:00 0 
7f182c000000-7f182c473000 rw-p 00000000 00:00 0 
7f182c473000-7f1830000000 ---p 00000000 00:00 0 
7f1830000000-7f1830021000 rw-p 00000000 00:00 0 
7f1830021000-7f1834000000 ---p 00000000 00:00 0 
7f1834000000-7f183456c000 rw-p 00000000 00:00 0 
7f183456c000-7f1838000000 ---p 00000000 00:00 0 
7f1838000000-7f1838021000 rw-p 00000000 00:00 0 
7f1838021000-7f183c000000 ---p 00000000 00:00 0 
7f183c000000-7f183c021000 rw-p 00000000 00:00 0 
7f183c021000-7f1840000000 ---p 00000000 00:00 0 
7f1840000000-7f1840021000 rw-p 00000000 00:00 0 
7f1840021000-7f1844000000 ---p 00000000 00:00 0 
7f1844000000-7f1844021000 rw-p 00000000 00:00 0 
7f1844021000-7f1848000000 ---p 00000000 00:00 0 
7f1848000000-7f1848021000 rw-p 00000000 00:00 0 
7f1848021000-7f184c000000 ---p 00000000 00:00 0 
7f184c000000-7f184c002000 r--s 00005000 08:05 1968890                    /home/kraulain/NetBeansProjects/COT-MIS2/dist/run446797677/lib/slf4j-api-1.6.1.jar
7f184c002000-7f184c003000 r--s 00006000 08:05 1968887                    /home/kraulain/NetBeansProjects/COT-MIS2/dist/run446797677/lib/jboss-transaction-api_1.2_spec-1.0.0.Final.jar
7f184c003000-7f184c006000 r--s 0000c000 08:05 1968886                    /home/kraulain/NetBeansProjects/COT-MIS2/dist/run446797677/lib/jboss-logging-3.1.3.GA.jar
7f184c006000-7f184c00c000 r--s 00017000 08:05 1968884                    /home/kraulain/NetBeansProjects/COT-MIS2/dist/run446797677/lib/hibernate-jpa-2.1-api-1.0.0.Final.jar
7f184c00c000-7f184c00f000 r--s 0001e000 08:05 1968882                    /home/kraulain/NetBeansProjects/COT-MIS2/dist/run446797677/lib/hibernate-ehcache-4.3.1.Final.jar
7f184c00f000-7f184c012000 r--s 00010000 08:05 1968880                    /home/kraulain/NetBeansProjects/COT-MIS2/dist/run446797677/lib/hibernate-commons-annotations-4.0.4.Final.jar
7f184c012000-7f184c013000 r--s 00009000 08:05 1968879                    /home/kraulain/NetBeansProjects/COT-MIS2/dist/run446797677/lib/hibernate-c3p0-4.3.1.Final.jar
7f184c013000-7f184c018000 r--s 00047000 08:05 1968877                    /home/kraulain/NetBeansProjects/COT-MIS2/dist/run446797677/lib/dom4j-1.6.1.jar
7f184c018000-7f184c027000 r--s 00080000 08:05 1968888                    /home/kraulain/NetBeansProjects/COT-MIS2/dist/run446797677/lib/mchange-commons-java-0.2.3.4.jar
7f184c027000-7f184c02e000 r--s 00061000 08:05 1968876                    /home/kraulain/NetBeansProjects/COT-MIS2/dist/run446797677/lib/c3p0-0.9.2.1.jar
7f184c02e000-7f184c033000 r--s 00066000 08:05 1968875                    /home/kraulain/NetBeansProjects/COT-MIS2/dist/run446797677/lib/antlr-2.7.7.jar
7f184c033000-7f184c03e000 r--s 00000000 08:05 4849754                    /var/cache/fontconfig/945677eb7aeaf62f1d50efc3fb3ec7d8-le64.cache-4
7f184c03e000-7f184c044000 r--s 00000000 08:05 4849739                    /var/cache/fontconfig/2cd17615ca594fa2959ae173292e504c-le64.cache-4
7f184c044000-7f184c045000 r--s 00000000 08:05 4849736                    /var/cache/fontconfig/0d8c3b2ac0904cb8a57a757ad11a4a08-le64.cache-4
7f184c045000-7f184c04c000 r--s 00000000 08:05 4849758                    /var/cache/fontconfig/a755afe4a08bf5b97852ceb7400b47bc-le64.cache-4
7f184c04c000-7f184c050000 r--s 00000000 08:05 4862139                    /var/cache/fontconfig/de156ccd2eddbdc19d37a45b8b2aac9c-le64.cache-4
7f184c050000-7f184c051000 r--s 00000000 08:05 4849757                    /var/cache/fontconfig/a6354e3ac43af67bd8d7b8e43c34e49f-le64.cache-4
7f184c051000-7f184c067000 r--s 00000000 08:05 4849734                    /var/cache/fontconfig/04aabc0a78ac019cf9454389977116d2-le64.cache-4
7f184c067000-7f184c068000 r--s 00000000 08:05 4849738                    /var/cache/fontconfig/1ac9eb803944fde146138c791f5cc56a-le64.cache-4
7f184c068000-7f184c06c000 r--s 00000000 08:05 4849742                    /var/cache/fontconfig/385c0604a188198f04d133e54aba7fe7-le64.cache-4
7f184c06c000-7f184c06d000 r--s 00000000 08:05 4849768                    /var/cache/fontconfig/dc05db6664285cc2f12bf69c139ae4c3-le64.cache-4
7f184c06d000-7f184c06f000 r--s 00000000 08:05 4849751                    /var/cache/fontconfig/767a8244fc0220cfb567a839d0392e0b-le64.cache-4
7f184c06f000-7f184c070000 r--s 00000000 08:05 4862228                    /var/cache/fontconfig/4794a0821666d79190d59a36cb4f44b5-le64.cache-4
7f184c070000-7f184c075000 r--s 00000000 08:05 4849753                    /var/cache/fontconfig/8801497958630a81b71ace7c5f9b32a8-le64.cache-4
7f184c075000-7f184c0b0000 r--s 00000000 08:05 4859834                    /var/cache/fontconfig/365b55f210c0a22e9a19e35191240f32-le64.cache-4
7f184c0b0000-7f184c0b1000 r--s 00000000 08:05 4849761                    /var/cache/fontconfig/bab58bb527bb656aaa9f116d68a48d89-le64.cache-4
7f184c0b1000-7f184c0b8000 r--s 00000000 08:05 4849740                    /var/cache/fontconfig/3047814df9a2f067bd2d96a2b9c36e5a-le64.cache-4
7f184c0b8000-7f184c0cb000 r--s 00000000 08:05 4849765                    /var/cache/fontconfig/d52a8644073d54c13679302ca1180695-le64.cache-4
7f184c0cb000-7f184c0d1000 r-xp 00000000 08:05 5252331                    /usr/lib/x86_64-linux-gnu/libdrm_nouveau.so.2.0.0
7f184c0d1000-7f184c2d0000 ---p 00006000 08:05 5252331                    /usr/lib/x86_64-linux-gnu/libdrm_nouveau.so.2.0.0
7f184c2d0000-7f184c2d1000 r--p 00005000 08:05 5252331                    /usr/lib/x86_64-linux-gnu/libdrm_nouveau.so.2.0.0
7f184c2d1000-7f184c2d2000 rw-p 00006000 08:05 5252331                    /usr/lib/x86_64-linux-gnu/libdrm_nouveau.so.2.0.0
7f184c2d2000-7f184c2f2000 r-xp 00000000 08:05 5252329                    /usr/lib/x86_64-linux-gnu/libdrm_intel.so.1.0.0
7f184c2f2000-7f184c4f1000 ---p 00020000 08:05 5252329                    /usr/lib/x86_64-linux-gnu/libdrm_intel.so.1.0.0
7f184c4f1000-7f184c4f2000 r--p 0001f000 08:05 5252329                    /usr/lib/x86_64-linux-gnu/libdrm_intel.so.1.0.0
7f184c4f2000-7f184c4f3000 rw-p 00020000 08:05 5252329                    /usr/lib/x86_64-linux-gnu/libdrm_intel.so.1.0.0
7f184c4f3000-7f184c4f9000 r-xp 00000000 08:05 5252282                    /usr/lib/x86_64-linux-gnu/libdatrie.so.1.3.2
7f184c4f9000-7f184c6f8000 ---p 00006000 08:05 5252282                    /usr/lib/x86_64-linux-gnu/libdatrie.so.1.3.2
7f184c6f8000-7f184c6f9000 r--p 00005000 08:05 5252282                    /usr/lib/x86_64-linux-gnu/libdatrie.so.1.3.2
7f184c6f9000-7f184c6fa000 rw-p 00006000 08:05 5252282                    /usr/lib/x86_64-linux-gnu/libdatrie.so.1.3.2
7f184c6fa000-7f184c6ff000 r-xp 00000000 08:05 5252065                    /usr/lib/x86_64-linux-gnu/libXdmcp.so.6.0.0
7f184c6ff000-7f184c8fe000 ---p 00005000 08:05 5252065                    /usr/lib/x86_64-linux-gnu/libXdmcp.so.6.0.0
7f184c8fe000-7f184c8ff000 r--p 00004000 08:05 5252065                    /usr/lib/x86_64-linux-gnu/libXdmcp.so.6.0.0
7f184c8ff000-7f184c900000 rw-p 00005000 08:05 5252065                    /usr/lib/x86_64-linux-gnu/libXdmcp.so.6.0.0
7f184c900000-7f184c902000 r-xp 00000000 08:05 5252054                    /usr/lib/x86_64-linux-gnu/libXau.so.6.0.0
7f184c902000-7f184cb02000 ---p 00002000 08:05 5252054                    /usr/lib/x86_64-linux-gnu/libXau.so.6.0.0
7f184cb02000-7f184cb03000 r--p 00002000 08:05 5252054                    /usr/lib/x86_64-linux-gnu/libXau.so.6.0.0
7f184cb03000-7f184cb04000 rw-p 00003000 08:05 5252054                    /usr/lib/x86_64-linux-gnu/libXau.so.6.0.0
7f184cb04000-7f184cb1d000 r-xp 00000000 08:05 5248584                    /usr/lib/x86_64-linux-gnu/libgraphite2.so.3.0.1
7f184cb1d000-7f184cd1c000 ---p 00019000 08:05 5248584                    /usr/lib/x86_64-linux-gnu/libgraphite2.so.3.0.1
7f184cd1c000-7f184cd1e000 r--p 00018000 08:05 5248584                    /usr/lib/x86_64-linux-gnu/libgraphite2.so.3.0.1
7f184cd1e000-7f184cd1f000 rw-p 0001a000 08:05 5248584                    /usr/lib/x86_64-linux-gnu/libgraphite2.so.3.0.1
7f184cd1f000-7f184cd2c000 r-xp 00000000 08:05 5252325                    /usr/lib/x86_64-linux-gnu/libdrm.so.2.4.0
7f184cd2c000-7f184cf2b000 ---p 0000d000 08:05 5252325                    /usr/lib/x86_64-linux-gnu/libdrm.so.2.4.0
7f184cf2b000-7f184cf2c000 r--p 0000c000 08:05 5252325                    /usr/lib/x86_64-linux-gnu/libdrm.so.2.4.0
7f184cf2c000-7f184cf2d000 rw-p 0000d000 08:05 5252325                    /usr/lib/x86_64-linux-gnu/libdrm.so.2.4.0
7f184cf2d000-7f184cf2e000 r-xp 00000000 08:05 5253258                    /usr/lib/x86_64-linux-gnu/libxshmfence.so.1.0.0
7f184cf2e000-7f184d12e000 ---p 00001000 08:05 5253258                    /usr/lib/x86_64-linux-gnu/libxshmfence.so.1.0.0
7f184d12e000-7f184d12f000 r--p 00001000 08:05 5253258                    /usr/lib/x86_64-linux-gnu/libxshmfence.so.1.0.0
7f184d12f000-7f184d130000 rw-p 00002000 08:05 5253258                    /usr/lib/x86_64-linux-gnu/libxshmfence.so.1.0.0
7f184d130000-7f184d135000 r-xp 00000000 08:05 5253240                    /usr/lib/x86_64-linux-gnu/libxcb-sync.so.1.0.0
7f184d135000-7f184d335000 ---p 00005000 08:05 5253240                    /usr/lib/x86_64-linux-gnu/libxcb-sync.so.1.0.0
7f184d335000-7f184d336000 r--p 00005000 08:05 5253240                    /usr/lib/x86_64-linux-gnu/libxcb-sync.so.1.0.0
7f184d336000-7f184d337000 rw-p 00006000 08:05 5253240                    /usr/lib/x86_64-linux-gnu/libxcb-sync.so.1.0.0
7f184d337000-7f184d339000 r-xp 00000000 08:05 5253228                    /usr/lib/x86_64-linux-gnu/libxcb-present.so.0.0.0
7f184d339000-7f184d538000 ---p 00002000 08:05 5253228                    /usr/lib/x86_64-linux-gnu/libxcb-present.so.0.0.0
7f184d538000-7f184d539000 r--p 00001000 08:05 5253228                    /usr/lib/x86_64-linux-gnu/libxcb-present.so.0.0.0
7f184d539000-7f184d53a000 rw-p 00002000 08:05 5253228                    /usr/lib/x86_64-linux-gnu/libxcb-present.so.0.0.0
7f184d53a000-7f184d53c000 r-xp 00000000 08:05 5253218                    /usr/lib/x86_64-linux-gnu/libxcb-dri3.so.0.0.0
7f184d53c000-7f184d73b000 ---p 00002000 08:05 5253218                    /usr/lib/x86_64-linux-gnu/libxcb-dri3.so.0.0.0
7f184d73b000-7f184d73c000 r--p 00001000 08:05 5253218                    /usr/lib/x86_64-linux-gnu/libxcb-dri3.so.0.0.0
7f184d73c000-7f184d73d000 rw-p 00002000 08:05 5253218                    /usr/lib/x86_64-linux-gnu/libxcb-dri3.so.0.0.0
7f184d73d000-7f184d741000 r-xp 00000000 08:05 5253216                    /usr/lib/x86_64-linux-gnu/libxcb-dri2.so.0.0.0
7f184d741000-7f184d940000 ---p 00004000 08:05 5253216                    /usr/lib/x86_64-linux-gnu/libxcb-dri2.so.0.0.0
7f184d940000-7f184d941000 r--p 00003000 08:05 5253216                    /usr/lib/x86_64-linux-gnu/libxcb-dri2.so.0.0.0
7f184d941000-7f184d942000 rw-p 00004000 08:05 5253216                    /usr/lib/x86_64-linux-gnu/libxcb-dri2.so.0.0.0
7f184d942000-7f184d959000 r-xp 00000000 08:05 5253220                    /usr/lib/x86_64-linux-gnu/libxcb-glx.so.0.0.0
7f184d959000-7f184db58000 ---p 00017000 08:05 5253220                    /usr/lib/x86_64-linux-gnu/libxcb-glx.so.0.0.0
7f184db58000-7f184db5a000 r--p 00016000 08:05 5253220                    /usr/lib/x86_64-linux-gnu/libxcb-glx.so.0.0.0
7f184db5a000-7f184db5b000 rw-p 00018000 08:05 5253220                    /usr/lib/x86_64-linux-gnu/libxcb-glx.so.0.0.0
7f184db5b000-7f184db5c000 r-xp 00000000 08:05 5252048                    /usr/lib/x86_64-linux-gnu/libX11-xcb.so.1.0.0
7f184db5c000-7f184dd5b000 ---p 00001000 08:05 5252048                    /usr/lib/x86_64-linux-gnu/libX11-xcb.so.1.0.0
7f184dd5b000-7f184dd5c000 r--p 00000000 08:05 5252048                    /usr/lib/x86_64-linux-gnu/libX11-xcb.so.1.0.0
7f184dd5c000-7f184dd5d000 rw-p 00001000 08:05 5252048                    /usr/lib/x86_64-linux-gnu/libX11-xcb.so.1.0.0
7f184dd5d000-7f184dd86000 r-xp 00000000 08:05 5252484                    /usr/lib/x86_64-linux-gnu/libglapi.so.0.0.0
7f184dd86000-7f184df85000 ---p 00029000 08:05 5252484                    /usr/lib/x86_64-linux-gnu/libglapi.so.0.0.0
7f184df85000-7f184df89000 r--p 00028000 08:05 5252484                    /usr/lib/x86_64-linux-gnu/libglapi.so.0.0.0
7f184df89000-7f184df8a000 rw-p 0002c000 08:05 5252484                    /usr/lib/x86_64-linux-gnu/libglapi.so.0.0.0
7f184df8a000-7f184df8b000 rw-p 00000000 00:00 0 
7f184df8b000-7f184dff7000 r-xp 00000000 08:05 2101774                    /lib/x86_64-linux-gnu/libpcre.so.3.13.1
7f184dff7000-7f184e1f6000 ---p 0006c000 08:05 2101774                    /lib/x86_64-linux-gnu/libpcre.so.3.13.1
7f184e1f6000-7f184e1f7000 r--p 0006b000 08:05 2101774                    /lib/x86_64-linux-gnu/libpcre.so.3.13.1
7f184e1f7000-7f184e1f8000 rw-p 0006c000 08:05 2101774                    /lib/x86_64-linux-gnu/libpcre.so.3.13.1
7f184e1f8000-7f184e1ff000 r-xp 00000000 08:05 5252373                    /usr/lib/x86_64-linux-gnu/libffi.so.6.0.4
7f184e1ff000-7f184e3fe000 ---p 00007000 08:05 5252373                    /usr/lib/x86_64-linux-gnu/libffi.so.6.0.4
7f184e3fe000-7f184e3ff000 r--p 00006000 08:05 5252373                    /usr/lib/x86_64-linux-gnu/libffi.so.6.0.4
7f184e3ff000-7f184e400000 rw-p 00007000 08:05 5252373                    /usr/lib/x86_64-linux-gnu/libffi.so.6.0.4
7f184e400000-7f184e426000 r-xp 00000000 08:05 2101681                    /lib/x86_64-linux-gnu/libexpat.so.1.6.0
7f184e426000-7f184e626000 ---p 00026000 08:05 2101681                    /lib/x86_64-linux-gnu/libexpat.so.1.6.0
7f184e626000-7f184e628000 r--p 00026000 08:05 2101681                    /lib/x86_64-linux-gnu/libexpat.so.1.6.0
7f184e628000-7f184e629000 rw-p 00028000 08:05 2101681                    /lib/x86_64-linux-gnu/libexpat.so.1.6.0
7f184e629000-7f184e631000 r-xp 00000000 08:05 5253052                    /usr/lib/x86_64-linux-gnu/libthai.so.0.2.2
7f184e631000-7f184e830000 ---p 00008000 08:05 5253052                    /usr/lib/x86_64-linux-gnu/libthai.so.0.2.2
7f184e830000-7f184e831000 r--p 00007000 08:05 5253052                    /usr/lib/x86_64-linux-gnu/libthai.so.0.2.2
7f184e831000-7f184e832000 rw-p 00008000 08:05 5253052                    /usr/lib/x86_64-linux-gnu/libthai.so.0.2.2
7f184e832000-7f184e852000 r-xp 00000000 08:05 5253248                    /usr/lib/x86_64-linux-gnu/libxcb.so.1.1.0
7f184e852000-7f184ea51000 ---p 00020000 08:05 5253248                    /usr/lib/x86_64-linux-gnu/libxcb.so.1.1.0
7f184ea51000-7f184ea52000 r--p 0001f000 08:05 5253248                    /usr/lib/x86_64-linux-gnu/libxcb.so.1.1.0
7f184ea52000-7f184ea53000 rw-p 00020000 08:05 5253248                    /usr/lib/x86_64-linux-gnu/libxcb.so.1.1.0
7f184ea53000-7f184ea5b000 r-xp 00000000 08:05 5253234                    /usr/lib/x86_64-linux-gnu/libxcb-render.so.0.0.0
7f184ea5b000-7f184ec5b000 ---p 00008000 08:05 5253234                    /usr/lib/x86_64-linux-gnu/libxcb-render.so.0.0.0
7f184ec5b000-7f184ec5c000 r--p 00008000 08:05 5253234                    /usr/lib/x86_64-linux-gnu/libxcb-render.so.0.0.0
7f184ec5c000-7f184ec5d000 rw-p 00009000 08:05 5253234                    /usr/lib/x86_64-linux-gnu/libxcb-render.so.0.0.0
7f184ec5d000-7f184ec5f000 r-xp 00000000 08:05 5253238                    /usr/lib/x86_64-linux-gnu/libxcb-shm.so.0.0.0
7f184ec5f000-7f184ee5f000 ---p 00002000 08:05 5253238                    /usr/lib/x86_64-linux-gnu/libxcb-shm.so.0.0.0
7f184ee5f000-7f184ee60000 r--p 00002000 08:05 5253238                    /usr/lib/x86_64-linux-gnu/libxcb-shm.so.0.0.0
7f184ee60000-7f184ee61000 rw-p 00003000 08:05 5253238                    /usr/lib/x86_64-linux-gnu/libxcb-shm.so.0.0.0
7f184ee61000-7f184ee86000 r-xp 00000000 08:05 2106866                    /lib/x86_64-linux-gnu/libpng12.so.0.51.0
7f184ee86000-7f184f085000 ---p 00025000 08:05 2106866                    /lib/x86_64-linux-gnu/libpng12.so.0.51.0
7f184f085000-7f184f086000 r--p 00024000 08:05 2106866                    /lib/x86_64-linux-gnu/libpng12.so.0.51.0
7f184f086000-7f184f087000 rw-p 00025000 08:05 2106866                    /lib/x86_64-linux-gnu/libpng12.so.0.51.0
7f184f087000-7f184f12c000 r-xp 00000000 08:05 5252854                    /usr/lib/x86_64-linux-gnu/libpixman-1.so.0.32.6
7f184f12c000-7f184f32b000 ---p 000a5000 08:05 5252854                    /usr/lib/x86_64-linux-gnu/libpixman-1.so.0.32.6
7f184f32b000-7f184f333000 r--p 000a4000 08:05 5252854                    /usr/lib/x86_64-linux-gnu/libpixman-1.so.0.32.6
7f184f333000-7f184f334000 rw-p 000ac000 08:05 5252854                    /usr/lib/x86_64-linux-gnu/libpixman-1.so.0.32.6
7f184f334000-7f184f390000 r-xp 00000000 08:05 5252608                    /usr/lib/x86_64-linux-gnu/libharfbuzz.so.0.10000.1
7f184f390000-7f184f590000 ---p 0005c000 08:05 5252608                    /usr/lib/x86_64-linux-gnu/libharfbuzz.so.0.10000.1
7f184f590000-7f184f591000 r--p 0005c000 08:05 5252608                    /usr/lib/x86_64-linux-gnu/libharfbuzz.so.0.10000.1
7f184f591000-7f184f592000 rw-p 0005d000 08:05 5252608                    /usr/lib/x86_64-linux-gnu/libharfbuzz.so.0.10000.1
7f184f592000-7f184f5a9000 r-xp 00000000 08:05 2103968                    /lib/x86_64-linux-gnu/libresolv-2.21.so
7f184f5a9000-7f184f7a9000 ---p 00017000 08:05 2103968                    /lib/x86_64-linux-gnu/libresolv-2.21.so
7f184f7a9000-7f184f7aa000 r--p 00017000 08:05 2103968                    /lib/x86_64-linux-gnu/libresolv-2.21.so
7f184f7aa000-7f184f7ab000 rw-p 00018000 08:05 2103968                    /lib/x86_64-linux-gnu/libresolv-2.21.so
7f184f7ab000-7f184f7ad000 rw-p 00000000 00:00 0 
7f184f7ad000-7f184f7ce000 r-xp 00000000 08:05 2101803                    /lib/x86_64-linux-gnu/libselinux.so.1
7f184f7ce000-7f184f9cd000 ---p 00021000 08:05 2101803                    /lib/x86_64-linux-gnu/libselinux.so.1
7f184f9cd000-7f184f9ce000 r--p 00020000 08:05 2101803                    /lib/x86_64-linux-gnu/libselinux.so.1
7f184f9ce000-7f184f9cf000 rw-p 00021000 08:05 2101803                    /lib/x86_64-linux-gnu/libselinux.so.1
7f184f9cf000-7f184f9d1000 rw-p 00000000 00:00 0 
7f184f9d1000-7f184f9ea000 r-xp 00000000 08:05 2101834                    /lib/x86_64-linux-gnu/libz.so.1.2.8
7f184f9ea000-7f184fbe9000 ---p 00019000 08:05 2101834                    /lib/x86_64-linux-gnu/libz.so.1.2.8
7f184fbe9000-7f184fbea000 r--p 00018000 08:05 2101834                    /lib/x86_64-linux-gnu/libz.so.1.2.8
7f184fbea000-7f184fbeb000 rw-p 00019000 08:05 2101834                    /lib/x86_64-linux-gnu/libz.so.1.2.8
7f184fbeb000-7f184fbfc000 r-xp 00000000 08:05 5252067                    /usr/lib/x86_64-linux-gnu/libXext.so.6.4.0
7f184fbfc000-7f184fdfb000 ---p 00011000 08:05 5252067                    /usr/lib/x86_64-linux-gnu/libXext.so.6.4.0
7f184fdfb000-7f184fdfc000 r--p 00010000 08:05 5252067                    /usr/lib/x86_64-linux-gnu/libXext.so.6.4.0
7f184fdfc000-7f184fdfd000 rw-p 00011000 08:05 5252067                    /usr/lib/x86_64-linux-gnu/libXext.so.6.4.0
7f184fdfd000-7f184fdff000 r-xp 00000000 08:05 5252063                    /usr/lib/x86_64-linux-gnu/libXdamage.so.1.1.0
7f184fdff000-7f184fffe000 ---p 00002000 08:05 5252063                    /usr/lib/x86_64-linux-gnu/libXdamage.so.1.1.0
7f184fffe000-7f184ffff000 r--p 00001000 08:05 5252063                    /usr/lib/x86_64-linux-gnu/libXdamage.so.1.1.0
7f184ffff000-7f1850000000 rw-p 00002000 08:05 5252063                    /usr/lib/x86_64-linux-gnu/libXdamage.so.1.1.0
7f1850000000-7f1850021000 rw-p 00000000 00:00 0 
7f1850021000-7f1854000000 ---p 00000000 00:00 0 
7f1854000000-7f1854001000 r--s 00000000 08:05 4849747                    /var/cache/fontconfig/56cf4f4769d0f4abc89a4895d7bd3ae1-le64.cache-4
7f1854001000-7f1854002000 r--s 00000000 08:05 4849760                    /var/cache/fontconfig/b9d506c9ac06c20b433354fa67a72993-le64.cache-4
7f1854002000-7f1854008000 r--s 00000000 08:05 4849759                    /var/cache/fontconfig/b47c4e1ecd0709278f4910c18777a504-le64.cache-4
7f1854008000-7f1854012000 r--s 00000000 08:05 4849743                    /var/cache/fontconfig/3f7329c5293ffd510edef78f73874cfd-le64.cache-4
7f1854012000-7f185401d000 r--s 00000000 08:05 4859832                    /var/cache/fontconfig/d589a48862398ed80a3d6066f4f56f4c-le64.cache-4
7f185401d000-7f1854028000 r--s 00000000 08:05 4859105                    /var/cache/fontconfig/83bf95040141907cd45bb53cf7c1c148-le64.cache-4
7f1854028000-7f1854031000 r--s 00000000 08:05 4861630                    /var/cache/fontconfig/d0972c3d32f097851eb916381fc38920-le64.cache-4
7f1854031000-7f1854077000 r--p 00000000 08:05 524722                     /usr/share/glib-2.0/schemas/gschemas.compiled
7f1854077000-7f1854094000 r-xp 00000000 08:05 2101819                    /lib/x86_64-linux-gnu/libudev.so.1.6.4
7f1854094000-7f1854095000 r--p 0001c000 08:05 2101819                    /lib/x86_64-linux-gnu/libudev.so.1.6.4
7f1854095000-7f1854096000 rw-p 0001d000 08:05 2101819                    /lib/x86_64-linux-gnu/libudev.so.1.6.4
7f1854096000-7f1854098000 r-xp 00000000 08:05 5252059                    /usr/lib/x86_64-linux-gnu/libXcomposite.so.1.0.0
7f1854098000-7f1854297000 ---p 00002000 08:05 5252059                    /usr/lib/x86_64-linux-gnu/libXcomposite.so.1.0.0
7f1854297000-7f1854298000 r--p 00001000 08:05 5252059                    /usr/lib/x86_64-linux-gnu/libXcomposite.so.1.0.0
7f1854298000-7f1854299000 rw-p 00002000 08:05 5252059                    /usr/lib/x86_64-linux-gnu/libXcomposite.so.1.0.0
7f1854299000-7f18542a2000 r-xp 00000000 08:05 5252061                    /usr/lib/x86_64-linux-gnu/libXcursor.so.1.0.2
7f18542a2000-7f18544a1000 ---p 00009000 08:05 5252061                    /usr/lib/x86_64-linux-gnu/libXcursor.so.1.0.2
7f18544a1000-7f18544a2000 r--p 00008000 08:05 5252061                    /usr/lib/x86_64-linux-gnu/libXcursor.so.1.0.2
7f18544a2000-7f18544a3000 rw-p 00009000 08:05 5252061                    /usr/lib/x86_64-linux-gnu/libXcursor.so.1.0.2
7f18544a3000-7f18544ad000 r-xp 00000000 08:05 5252085                    /usr/lib/x86_64-linux-gnu/libXrandr.so.2.2.0
7f18544ad000-7f18546ac000 ---p 0000a000 08:05 5252085                    /usr/lib/x86_64-linux-gnu/libXrandr.so.2.2.0
7f18546ac000-7f18546ad000 r--p 00009000 08:05 5252085                    /usr/lib/x86_64-linux-gnu/libXrandr.so.2.2.0
7f18546ad000-7f18546ae000 rw-p 0000a000 08:05 5252085                    /usr/lib/x86_64-linux-gnu/libXrandr.so.2.2.0
7f18546ae000-7f18546bd000 r-xp 00000000 08:05 5252075                    /usr/lib/x86_64-linux-gnu/libXi.so.6.1.0
7f18546bd000-7f18548bc000 ---p 0000f000 08:05 5252075                    /usr/lib/x86_64-linux-gnu/libXi.so.6.1.0
7f18548bc000-7f18548bd000 r--p 0000e000 08:05 5252075                    /usr/lib/x86_64-linux-gnu/libXi.so.6.1.0
7f18548bd000-7f18548be000 rw-p 0000f000 08:05 5252075                    /usr/lib/x86_64-linux-gnu/libXi.so.6.1.0
7f18548be000-7f18548c0000 r-xp 00000000 08:05 5252077                    /usr/lib/x86_64-linux-gnu/libXinerama.so.1.0.0
7f18548c0000-7f1854abf000 ---p 00002000 08:05 5252077                    /usr/lib/x86_64-linux-gnu/libXinerama.so.1.0.0
7f1854abf000-7f1854ac0000 r--p 00001000 08:05 5252077                    /usr/lib/x86_64-linux-gnu/libXinerama.so.1.0.0
7f1854ac0000-7f1854ac1000 rw-p 00002000 08:05 5252077                    /usr/lib/x86_64-linux-gnu/libXinerama.so.1.0.0
7f1854ac1000-7f1854aca000 r-xp 00000000 08:05 5252087                    /usr/lib/x86_64-linux-gnu/libXrender.so.1.3.0
7f1854aca000-7f1854cc9000 ---p 00009000 08:05 5252087                    /usr/lib/x86_64-linux-gnu/libXrender.so.1.3.0
7f1854cc9000-7f1854cca000 r--p 00008000 08:05 5252087                    /usr/lib/x86_64-linux-gnu/libXrender.so.1.3.0
7f1854cca000-7f1854ccb000 rw-p 00009000 08:05 5252087                    /usr/lib/x86_64-linux-gnu/libXrender.so.1.3.0
7f1854ccb000-7f1854cd0000 r-xp 00000000 08:05 5252069                    /usr/lib/x86_64-linux-gnu/libXfixes.so.3.1.0
7f1854cd0000-7f1854ecf000 ---p 00005000 08:05 5252069                    /usr/lib/x86_64-linux-gnu/libXfixes.so.3.1.0
7f1854ecf000-7f1854ed0000 r--p 00004000 08:05 5252069                    /usr/lib/x86_64-linux-gnu/libXfixes.so.3.1.0
7f1854ed0000-7f1854ed1000 rw-p 00005000 08:05 5252069                    /usr/lib/x86_64-linux-gnu/libXfixes.so.3.1.0
7f1854ed1000-7f1854ee7000 r-xp 00000000 08:05 2101688                    /lib/x86_64-linux-gnu/libgcc_s.so.1
7f1854ee7000-7f18550e6000 ---p 00016000 08:05 2101688                    /lib/x86_64-linux-gnu/libgcc_s.so.1
7f18550e6000-7f18550e7000 r--p 00015000 08:05 2101688                    /lib/x86_64-linux-gnu/libgcc_s.so.1
7f18550e7000-7f18550e8000 rw-p 00016000 08:05 2101688                    /lib/x86_64-linux-gnu/libgcc_s.so.1
7f18550e8000-7f185525b000 r-xp 00000000 08:05 5253030                    /usr/lib/x86_64-linux-gnu/libstdc++.so.6.0.21
7f185525b000-7f185545a000 ---p 00173000 08:05 5253030                    /usr/lib/x86_64-linux-gnu/libstdc++.so.6.0.21
7f185545a000-7f1855464000 r--p 00172000 08:05 5253030                    /usr/lib/x86_64-linux-gnu/libstdc++.so.6.0.21
7f1855464000-7f1855466000 rw-p 0017c000 08:05 5253030                    /usr/lib/x86_64-linux-gnu/libstdc++.so.6.0.21
7f1855466000-7f185546a000 rw-p 00000000 00:00 0 
7f185546a000-7f18554fe000 r-xp 00000000 08:05 5637098                    /usr/lib/x86_64-linux-gnu/mesa/libGL.so.1.2.0
7f18554fe000-7f18556fd000 ---p 00094000 08:05 5637098                    /usr/lib/x86_64-linux-gnu/mesa/libGL.so.1.2.0
7f18556fd000-7f1855700000 r--p 00093000 08:05 5637098                    /usr/lib/x86_64-linux-gnu/mesa/libGL.so.1.2.0
7f1855700000-7f1855701000 rw-p 00096000 08:05 5637098                    /usr/lib/x86_64-linux-gnu/mesa/libGL.so.1.2.0
7f1855701000-7f1855702000 rw-p 00000000 00:00 0 
7f1855702000-7f1855707000 r-xp 00000000 08:05 5252103                    /usr/lib/x86_64-linux-gnu/libXxf86vm.so.1.0.0
7f1855707000-7f1855906000 ---p 00005000 08:05 5252103                    /usr/lib/x86_64-linux-gnu/libXxf86vm.so.1.0.0
7f1855906000-7f1855907000 r--p 00004000 08:05 5252103                    /usr/lib/x86_64-linux-gnu/libXxf86vm.so.1.0.0
7f1855907000-7f1855908000 rw-p 00005000 08:05 5252103                    /usr/lib/x86_64-linux-gnu/libXxf86vm.so.1.0.0
7f1855908000-7f1855a3d000 r-xp 00000000 08:05 5252050                    /usr/lib/x86_64-linux-gnu/libX11.so.6.3.0
7f1855a3d000-7f1855c3d000 ---p 00135000 08:05 5252050                    /usr/lib/x86_64-linux-gnu/libX11.so.6.3.0
7f1855c3d000-7f1855c3e000 r--p 00135000 08:05 5252050                    /usr/lib/x86_64-linux-gnu/libX11.so.6.3.0
7f1855c3e000-7f1855c42000 rw-p 00136000 08:05 5252050                    /usr/lib/x86_64-linux-gnu/libX11.so.6.3.0
7f1855c42000-7f1855c47000 r-xp 00000000 08:05 5252093                    /usr/lib/x86_64-linux-gnu/libXtst.so.6.1.0
7f1855c47000-7f1855e46000 ---p 00005000 08:05 5252093                    /usr/lib/x86_64-linux-gnu/libXtst.so.6.1.0
7f1855e46000-7f1855e47000 r--p 00004000 08:05 5252093                    /usr/lib/x86_64-linux-gnu/libXtst.so.6.1.0
7f1855e47000-7f1855e48000 rw-p 00005000 08:05 5252093                    /usr/lib/x86_64-linux-gnu/libXtst.so.6.1.0
7f1855e48000-7f1855f55000 r-xp 00000000 08:05 2101692                    /lib/x86_64-linux-gnu/libglib-2.0.so.0.4600.1
7f1855f55000-7f1856154000 ---p 0010d000 08:05 2101692                    /lib/x86_64-linux-gnu/libglib-2.0.so.0.4600.1
7f1856154000-7f1856155000 r--p 0010c000 08:05 2101692                    /lib/x86_64-linux-gnu/libglib-2.0.so.0.4600.1
7f1856155000-7f1856156000 rw-p 0010d000 08:05 2101692                    /lib/x86_64-linux-gnu/libglib-2.0.so.0.4600.1
7f1856156000-7f1856157000 rw-p 00000000 00:00 0 
7f1856157000-7f185615a000 r-xp 00000000 08:05 5252492                    /usr/lib/x86_64-linux-gnu/libgmodule-2.0.so.0.4600.1
7f185615a000-7f1856359000 ---p 00003000 08:05 5252492                    /usr/lib/x86_64-linux-gnu/libgmodule-2.0.so.0.4600.1
7f1856359000-7f185635a000 r--p 00002000 08:05 5252492                    /usr/lib/x86_64-linux-gnu/libgmodule-2.0.so.0.4600.1
7f185635a000-7f185635b000 rw-p 00003000 08:05 5252492                    /usr/lib/x86_64-linux-gnu/libgmodule-2.0.so.0.4600.1
7f185635b000-7f18563ad000 r-xp 00000000 08:05 5252508                    /usr/lib/x86_64-linux-gnu/libgobject-2.0.so.0.4600.1
7f18563ad000-7f18565ac000 ---p 00052000 08:05 5252508                    /usr/lib/x86_64-linux-gnu/libgobject-2.0.so.0.4600.1
7f18565ac000-7f18565ad000 r--p 00051000 08:05 5252508                    /usr/lib/x86_64-linux-gnu/libgobject-2.0.so.0.4600.1
7f18565ad000-7f18565ae000 rw-p 00052000 08:05 5252508                    /usr/lib/x86_64-linux-gnu/libgobject-2.0.so.0.4600.1
7f18565ae000-7f18565ea000 r-xp 00000000 08:05 5252387                    /usr/lib/x86_64-linux-gnu/libfontconfig.so.1.8.0
7f18565ea000-7f18567e9000 ---p 0003c000 08:05 5252387                    /usr/lib/x86_64-linux-gnu/libfontconfig.so.1.8.0
7f18567e9000-7f18567eb000 r--p 0003b000 08:05 5252387                    /usr/lib/x86_64-linux-gnu/libfontconfig.so.1.8.0
7f18567eb000-7f18567ec000 rw-p 0003d000 08:05 5252387                    /usr/lib/x86_64-linux-gnu/libfontconfig.so.1.8.0
7f18567ec000-7f185688c000 r-xp 00000000 08:05 5252419                    /usr/lib/x86_64-linux-gnu/libfreetype.so.6.11.1
7f185688c000-7f1856a8b000 ---p 000a0000 08:05 5252419                    /usr/lib/x86_64-linux-gnu/libfreetype.so.6.11.1
7f1856a8b000-7f1856a91000 r--p 0009f000 08:05 5252419                    /usr/lib/x86_64-linux-gnu/libfreetype.so.6.11.1
7f1856a91000-7f1856a92000 rw-p 000a5000 08:05 5252419                    /usr/lib/x86_64-linux-gnu/libfreetype.so.6.11.1
7f1856a92000-7f1856add000 r-xp 00000000 08:05 5252827                    /usr/lib/x86_64-linux-gnu/libpango-1.0.so.0.3600.8
7f1856add000-7f1856cdd000 ---p 0004b000 08:05 5252827                    /usr/lib/x86_64-linux-gnu/libpango-1.0.so.0.3600.8
7f1856cdd000-7f1856cdf000 r--p 0004b000 08:05 5252827                    /usr/lib/x86_64-linux-gnu/libpango-1.0.so.0.3600.8
7f1856cdf000-7f1856ce0000 rw-p 0004d000 08:05 5252827                    /usr/lib/x86_64-linux-gnu/libpango-1.0.so.0.3600.8
7f1856ce0000-7f1856dee000 r-xp 00000000 08:05 5252199                    /usr/lib/x86_64-linux-gnu/libcairo.so.2.11400.2
7f1856dee000-7f1856fed000 ---p 0010e000 08:05 5252199                    /usr/lib/x86_64-linux-gnu/libcairo.so.2.11400.2
7f1856fed000-7f1856ff0000 r--p 0010d000 08:05 5252199                    /usr/lib/x86_64-linux-gnu/libcairo.so.2.11400.2
7f1856ff0000-7f1856ff1000 rw-p 00110000 08:05 5252199                    /usr/lib/x86_64-linux-gnu/libcairo.so.2.11400.2
7f1856ff1000-7f1856ff3000 rw-p 00000000 00:00 0 
7f1856ff3000-7f1856fff000 r-xp 00000000 08:05 5252829                    /usr/lib/x86_64-linux-gnu/libpangocairo-1.0.so.0.3600.8
7f1856fff000-7f18571fe000 ---p 0000c000 08:05 5252829                    /usr/lib/x86_64-linux-gnu/libpangocairo-1.0.so.0.3600.8
7f18571fe000-7f18571ff000 r--p 0000b000 08:05 5252829                    /usr/lib/x86_64-linux-gnu/libpangocairo-1.0.so.0.3600.8
7f18571ff000-7f1857200000 rw-p 0000c000 08:05 5252829                    /usr/lib/x86_64-linux-gnu/libpangocairo-1.0.so.0.3600.8
7f1857200000-7f1859000000 rw-p 00000000 00:00 0 
7f1859000000-7f1859001000 r--s 00000000 08:05 4849746                    /var/cache/fontconfig/551ecf3b0e8b0bca0f25c0944f561853-le64.cache-4
7f1859001000-7f1859002000 r-xp 00000000 08:05 5252579                    /usr/lib/x86_64-linux-gnu/libgthread-2.0.so.0.4600.1
7f1859002000-7f1859201000 ---p 00001000 08:05 5252579                    /usr/lib/x86_64-linux-gnu/libgthread-2.0.so.0.4600.1
7f1859201000-7f1859202000 r--p 00000000 08:05 5252579                    /usr/lib/x86_64-linux-gnu/libgthread-2.0.so.0.4600.1
7f1859202000-7f1859203000 rw-p 00001000 08:05 5252579                    /usr/lib/x86_64-linux-gnu/libgthread-2.0.so.0.4600.1
7f1859203000-7f1859224000 r-xp 00000000 08:05 5252454                    /usr/lib/x86_64-linux-gnu/libgdk_pixbuf-2.0.so.0.3200.1
7f1859224000-7f1859423000 ---p 00021000 08:05 5252454                    /usr/lib/x86_64-linux-gnu/libgdk_pixbuf-2.0.so.0.3200.1
7f1859423000-7f1859424000 r--p 00020000 08:05 5252454                    /usr/lib/x86_64-linux-gnu/libgdk_pixbuf-2.0.so.0.3200.1
7f1859424000-7f1859425000 rw-p 00021000 08:05 5252454                    /usr/lib/x86_64-linux-gnu/libgdk_pixbuf-2.0.so.0.3200.1
7f1859425000-7f1859439000 r-xp 00000000 08:05 5252831                    /usr/lib/x86_64-linux-gnu/libpangoft2-1.0.so.0.3600.8
7f1859439000-7f1859639000 ---p 00014000 08:05 5252831                    /usr/lib/x86_64-linux-gnu/libpangoft2-1.0.so.0.3600.8
7f1859639000-7f185963a000 r--p 00014000 08:05 5252831                    /usr/lib/x86_64-linux-gnu/libpangoft2-1.0.so.0.3600.8
7f185963a000-7f185963b000 rw-p 00015000 08:05 5252831                    /usr/lib/x86_64-linux-gnu/libpangoft2-1.0.so.0.3600.8
7f185963b000-7f18597b5000 r-xp 00000000 08:05 5252478                    /usr/lib/x86_64-linux-gnu/libgio-2.0.so.0.4600.1
7f18597b5000-7f18599b4000 ---p 0017a000 08:05 5252478                    /usr/lib/x86_64-linux-gnu/libgio-2.0.so.0.4600.1
7f18599b4000-7f18599b8000 r--p 00179000 08:05 5252478                    /usr/lib/x86_64-linux-gnu/libgio-2.0.so.0.4600.1
7f18599b8000-7f18599ba000 rw-p 0017d000 08:05 5252478                    /usr/lib/x86_64-linux-gnu/libgio-2.0.so.0.4600.1
7f18599ba000-7f18599bc000 rw-p 00000000 00:00 0 
7f18599bc000-7f18599de000 r-xp 00000000 08:05 5252144                    /usr/lib/x86_64-linux-gnu/libatk-1.0.so.0.21609.1
7f18599de000-7f1859bdd000 ---p 00022000 08:05 5252144                    /usr/lib/x86_64-linux-gnu/libatk-1.0.so.0.21609.1
7f1859bdd000-7f1859be0000 r--p 00021000 08:05 5252144                    /usr/lib/x86_64-linux-gnu/libatk-1.0.so.0.21609.1
7f1859be0000-7f1859be1000 rw-p 00024000 08:05 5252144                    /usr/lib/x86_64-linux-gnu/libatk-1.0.so.0.21609.1
7f1859be1000-7f1859c91000 r-xp 00000000 08:05 5248579                    /usr/lib/x86_64-linux-gnu/libgdk-x11-2.0.so.0.2400.28
7f1859c91000-7f1859e90000 ---p 000b0000 08:05 5248579                    /usr/lib/x86_64-linux-gnu/libgdk-x11-2.0.so.0.2400.28
7f1859e90000-7f1859e94000 r--p 000af000 08:05 5248579                    /usr/lib/x86_64-linux-gnu/libgdk-x11-2.0.so.0.2400.28
7f1859e94000-7f1859e96000 rw-p 000b3000 08:05 5248579                    /usr/lib/x86_64-linux-gnu/libgdk-x11-2.0.so.0.2400.28
7f1859e96000-7f185a2d4000 r-xp 00000000 08:05 5248580                    /usr/lib/x86_64-linux-gnu/libgtk-x11-2.0.so.0.2400.28
7f185a2d4000-7f185a4d4000 ---p 0043e000 08:05 5248580                    /usr/lib/x86_64-linux-gnu/libgtk-x11-2.0.so.0.2400.28
7f185a4d4000-7f185a4db000 r--p 0043e000 08:05 5248580                    /usr/lib/x86_64-linux-gnu/libgtk-x11-2.0.so.0.2400.28
7f185a4db000-7f185a4df000 rw-p 00445000 08:05 5248580                    /usr/lib/x86_64-linux-gnu/libgtk-x11-2.0.so.0.2400.28
7f185a4df000-7f185a4e2000 rw-p 00000000 00:00 0 
7f185a4e2000-7f185a4e3000 r--s 00000000 08:05 4849735                    /var/cache/fontconfig/0c9eb80ebd1c36541ebe2852d3bb0c49-le64.cache-4
7f185a4e3000-7f185a4f0000 r--s 00000000 08:05 4849864                    /var/cache/fontconfig/e13b20fdb08344e0e664864cc2ede53d-le64.cache-4
7f185a4f0000-7f185a4f8000 rw-s 00000000 00:05 409064                     /drm mm object (deleted)
7f185a4f8000-7f185a500000 rw-s 00000000 00:05 407942                     /drm mm object (deleted)
7f185a500000-7f185a50c000 r-xp 00000000 08:05 5781013                    /usr/lib/jvm/java-8-oracle/jre/lib/amd64/libprism_es2.so
7f185a50c000-7f185a70b000 ---p 0000c000 08:05 5781013                    /usr/lib/jvm/java-8-oracle/jre/lib/amd64/libprism_es2.so
7f185a70b000-7f185a70c000 rw-p 0000b000 08:05 5781013                    /usr/lib/jvm/java-8-oracle/jre/lib/amd64/libprism_es2.so
7f185a70c000-7f185a70f000 ---p 00000000 00:00 0 
7f185a70f000-7f185a80d000 rw-p 00000000 00:00 0                          [stack:17423]
7f185a80d000-7f185a80e000 ---p 00000000 00:00 0 
7f185a80e000-7f185a90e000 rw-p 00000000 00:00 0                          [stack:17422]
7f185a90e000-7f185a911000 ---p 00000000 00:00 0 
7f185a911000-7f185aa0f000 rw-p 00000000 00:00 0                          [stack:17421]
7f185aa0f000-7f185aa12000 ---p 00000000 00:00 0 
7f185aa12000-7f185ab10000 rw-p 00000000 00:00 0                          [stack:17420]
7f185ab10000-7f185ab13000 ---p 00000000 00:00 0 
7f185ab13000-7f185ac11000 rw-p 00000000 00:00 0                          [stack:17419]
7f185ac11000-7f185ac14000 ---p 00000000 00:00 0 
7f185ac14000-7f185ad12000 rw-p 00000000 00:00 0                          [stack:17418]
7f185ad12000-7f185ad15000 ---p 00000000 00:00 0 
7f185ad15000-7f185ae13000 rw-p 00000000 00:00 0                          [stack:17417]
7f185ae13000-7f185b4f5000 r--p 00000000 08:05 5250806                    /usr/lib/locale/locale-archive
7f185b4f5000-7f185b4f8000 ---p 00000000 00:00 0 
7f185b4f8000-7f185b5f6000 rw-p 00000000 00:00 0                          [stack:17416]
7f185b5f6000-7f185b5f9000 ---p 00000000 00:00 0 
7f185b5f9000-7f185b6f7000 rw-p 00000000 00:00 0                          [stack:17415]
7f185b6f7000-7f185b6f8000 ---p 00000000 00:00 0 
7f185b6f8000-7f185c000000 rw-p 00000000 00:00 0                          [stack:17414]
7f185c000000-7f185c021000 rw-p 00000000 00:00 0 
7f185c021000-7f1860000000 ---p 00000000 00:00 0 
7f1860000000-7f1860004000 r--s 00000000 08:05 4859082                    /var/cache/fontconfig/7ef2298fde41cc6eeb7af42e48b7d293-le64.cache-4
7f1860004000-7f186000c000 rw-s 00000000 00:05 406636                     /drm mm object (deleted)
7f186000c000-7f1860014000 rw-s 00000000 00:05 406632                     /drm mm object (deleted)
7f1860014000-7f18600aa000 r--s 01102000 08:05 5781155                    /usr/lib/jvm/java-8-oracle/jre/lib/ext/jfxrt.jar
7f18600aa000-7f1861000000 rw-p 00000000 00:00 0 
7f1861000000-7f1861780000 rwxp 00000000 00:00 0 
7f1861780000-7f1870000000 ---p 00000000 00:00 0 
7f1870000000-7f18704fd000 rw-p 00000000 00:00 0 
7f18704fd000-7f1874000000 ---p 00000000 00:00 0 
7f1874000000-7f1874003000 r--s 00000000 08:05 4859110                    /var/cache/fontconfig/75114ca45c98e8a441da0ff356701271-le64.cache-4
7f1874003000-7f1874004000 rw-s 1020bd000 00:06 355                       /dev/dri/card0
7f1874004000-7f18741dc000 r--s 03d1d000 08:05 5641291                    /usr/lib/jvm/java-8-oracle/jre/lib/rt.jar
7f18741dc000-7f18743bc000 rw-p 00000000 00:00 0 
7f18743bc000-7f18743bd000 ---p 00000000 00:00 0 
7f18743bd000-7f18744bd000 rw-p 00000000 00:00 0                          [stack:17413]
7f18744bd000-7f18744be000 ---p 00000000 00:00 0 
7f18744be000-7f18745be000 rw-p 00000000 00:00 0                          [stack:17412]
7f18745be000-7f18745bf000 ---p 00000000 00:00 0 
7f18745bf000-7f18746bf000 rw-p 00000000 00:00 0                          [stack:17411]
7f18746bf000-7f18746c0000 ---p 00000000 00:00 0 
7f18746c0000-7f18747d4000 rw-p 00000000 00:00 0                          [stack:17410]
7f18747d4000-7f1874900000 ---p 00000000 00:00 0 
7f1874900000-7f1874914000 rw-p 00000000 00:00 0 
7f1874914000-7f1874a40000 ---p 00000000 00:00 0 
7f1874a40000-7f1874a52000 rw-p 00000000 00:00 0 
7f1874a52000-7f1874ae0000 ---p 00000000 00:00 0 
7f1874ae0000-7f1874aff000 rw-p 00000000 00:00 0 
7f1874aff000-7f1874ea1000 ---p 00000000 00:00 0 
7f1874ea1000-7f1874ebb000 r-xp 00000000 08:05 5780973                    /usr/lib/jvm/java-8-oracle/jre/lib/amd64/libzip.so
7f1874ebb000-7f18750bb000 ---p 0001a000 08:05 5780973                    /usr/lib/jvm/java-8-oracle/jre/lib/amd64/libzip.so
7f18750bb000-7f18750bc000 rw-p 0001a000 08:05 5780973                    /usr/lib/jvm/java-8-oracle/jre/lib/amd64/libzip.so
7f18750bc000-7f18750c8000 r-xp 00000000 08:05 2102970                    /lib/x86_64-linux-gnu/libnss_files-2.21.so
7f18750c8000-7f18752c7000 ---p 0000c000 08:05 2102970                    /lib/x86_64-linux-gnu/libnss_files-2.21.so
7f18752c7000-7f18752c8000 r--p 0000b000 08:05 2102970                    /lib/x86_64-linux-gnu/libnss_files-2.21.so
7f18752c8000-7f18752c9000 rw-p 0000c000 08:05 2102970                    /lib/x86_64-linux-gnu/libnss_files-2.21.so
7f18752c9000-7f18752d4000 r-xp 00000000 08:05 2103956                    /lib/x86_64-linux-gnu/libnss_nis-2.21.so
7f18752d4000-7f18754d3000 ---p 0000b000 08:05 2103956                    /lib/x86_64-linux-gnu/libnss_nis-2.21.so
7f18754d3000-7f18754d4000 r--p 0000a000 08:05 2103956                    /lib/x86_64-linux-gnu/libnss_nis-2.21.so
7f18754d4000-7f18754d5000 rw-p 0000b000 08:05 2103956                    /lib/x86_64-linux-gnu/libnss_nis-2.21.so
7f18754d5000-7f18754ec000 r-xp 00000000 08:05 2102975                    /lib/x86_64-linux-gnu/libnsl-2.21.so
7f18754ec000-7f18756eb000 ---p 00017000 08:05 2102975                    /lib/x86_64-linux-gnu/libnsl-2.21.so
7f18756eb000-7f18756ec000 r--p 00016000 08:05 2102975                    /lib/x86_64-linux-gnu/libnsl-2.21.so
7f18756ec000-7f18756ed000 rw-p 00017000 08:05 2102975                    /lib/x86_64-linux-gnu/libnsl-2.21.so
7f18756ed000-7f18756ef000 rw-p 00000000 00:00 0 
7f18756ef000-7f18756f7000 r-xp 00000000 08:05 2102971                    /lib/x86_64-linux-gnu/libnss_compat-2.21.so
7f18756f7000-7f18758f6000 ---p 00008000 08:05 2102971                    /lib/x86_64-linux-gnu/libnss_compat-2.21.so
7f18758f6000-7f18758f7000 r--p 00007000 08:05 2102971                    /lib/x86_64-linux-gnu/libnss_compat-2.21.so
7f18758f7000-7f18758f8000 rw-p 00008000 08:05 2102971                    /lib/x86_64-linux-gnu/libnss_compat-2.21.so
7f18758f8000-7f1875922000 r-xp 00000000 08:05 5780951                    /usr/lib/jvm/java-8-oracle/jre/lib/amd64/libjava.so
7f1875922000-7f1875b22000 ---p 0002a000 08:05 5780951                    /usr/lib/jvm/java-8-oracle/jre/lib/amd64/libjava.so
7f1875b22000-7f1875b24000 rw-p 0002a000 08:05 5780951                    /usr/lib/jvm/java-8-oracle/jre/lib/amd64/libjava.so
7f1875b24000-7f1875b31000 r-xp 00000000 08:05 5780967                    /usr/lib/jvm/java-8-oracle/jre/lib/amd64/libverify.so
7f1875b31000-7f1875d31000 ---p 0000d000 08:05 5780967                    /usr/lib/jvm/java-8-oracle/jre/lib/amd64/libverify.so
7f1875d31000-7f1875d33000 rw-p 0000d000 08:05 5780967                    /usr/lib/jvm/java-8-oracle/jre/lib/amd64/libverify.so
7f1875d33000-7f1875d3a000 r-xp 00000000 08:05 2102968                    /lib/x86_64-linux-gnu/librt-2.21.so
7f1875d3a000-7f1875f39000 ---p 00007000 08:05 2102968                    /lib/x86_64-linux-gnu/librt-2.21.so
7f1875f39000-7f1875f3a000 r--p 00006000 08:05 2102968                    /lib/x86_64-linux-gnu/librt-2.21.so
7f1875f3a000-7f1875f3b000 rw-p 00007000 08:05 2102968                    /lib/x86_64-linux-gnu/librt-2.21.so
7f1875f3b000-7f1876042000 r-xp 00000000 08:05 2103960                    /lib/x86_64-linux-gnu/libm-2.21.so
7f1876042000-7f1876241000 ---p 00107000 08:05 2103960                    /lib/x86_64-linux-gnu/libm-2.21.so
7f1876241000-7f1876242000 r--p 00106000 08:05 2103960                    /lib/x86_64-linux-gnu/libm-2.21.so
7f1876242000-7f1876243000 rw-p 00107000 08:05 2103960                    /lib/x86_64-linux-gnu/libm-2.21.so
7f1876243000-7f1876f02000 r-xp 00000000 08:05 5781007                    /usr/lib/jvm/java-8-oracle/jre/lib/amd64/server/libjvm.so
7f1876f02000-7f1877101000 ---p 00cbf000 08:05 5781007                    /usr/lib/jvm/java-8-oracle/jre/lib/amd64/server/libjvm.so
7f1877101000-7f18771da000 rw-p 00cbe000 08:05 5781007                    /usr/lib/jvm/java-8-oracle/jre/lib/amd64/server/libjvm.so
7f18771da000-7f1877223000 rw-p 00000000 00:00 0 
7f1877223000-7f18773e3000 r-xp 00000000 08:05 2103962                    /lib/x86_64-linux-gnu/libc-2.21.so
7f18773e3000-7f18775e3000 ---p 001c0000 08:05 2103962                    /lib/x86_64-linux-gnu/libc-2.21.so
7f18775e3000-7f18775e7000 r--p 001c0000 08:05 2103962                    /lib/x86_64-linux-gnu/libc-2.21.so
7f18775e7000-7f18775e9000 rw-p 001c4000 08:05 2103962                    /lib/x86_64-linux-gnu/libc-2.21.so
7f18775e9000-7f18775ed000 rw-p 00000000 00:00 0 
7f18775ed000-7f18775f0000 r-xp 00000000 08:05 2103954                    /lib/x86_64-linux-gnu/libdl-2.21.so
7f18775f0000-7f18777ef000 ---p 00003000 08:05 2103954                    /lib/x86_64-linux-gnu/libdl-2.21.so
7f18777ef000-7f18777f0000 r--p 00002000 08:05 2103954                    /lib/x86_64-linux-gnu/libdl-2.21.so
7f18777f0000-7f18777f1000 rw-p 00003000 08:05 2103954                    /lib/x86_64-linux-gnu/libdl-2.21.so
7f18777f1000-7f1877806000 r-xp 00000000 08:05 5780961                    /usr/lib/jvm/java-8-oracle/jre/lib/amd64/jli/libjli.so
7f1877806000-7f1877a06000 ---p 00015000 08:05 5780961                    /usr/lib/jvm/java-8-oracle/jre/lib/amd64/jli/libjli.so
7f1877a06000-7f1877a07000 rw-p 00015000 08:05 5780961                    /usr/lib/jvm/java-8-oracle/jre/lib/amd64/jli/libjli.so
7f1877a07000-7f1877a1f000 r-xp 00000000 08:05 2102969                    /lib/x86_64-linux-gnu/libpthread-2.21.so
7f1877a1f000-7f1877c1f000 ---p 00018000 08:05 2102969                    /lib/x86_64-linux-gnu/libpthread-2.21.so
7f1877c1f000-7f1877c20000 r--p 00018000 08:05 2102969                    /lib/x86_64-linux-gnu/libpthread-2.21.so
7f1877c20000-7f1877c21000 rw-p 00019000 08:05 2102969                    /lib/x86_64-linux-gnu/libpthread-2.21.so
7f1877c21000-7f1877c25000 rw-p 00000000 00:00 0 
7f1877c25000-7f1877c49000 r-xp 00000000 08:05 2102978                    /lib/x86_64-linux-gnu/ld-2.21.so
7f1877c49000-7f1877c4f000 r--p 00000000 08:05 1843244                    /home/kraulain/.config/dconf/user
7f1877c4f000-7f1877c50000 rw-s 00000000 00:05 406634                     /drm mm object (deleted)
7f1877c50000-7f1877c52000 r--s 00007000 08:05 1968872                    /home/kraulain/NetBeansProjects/COT-MIS2/dist/run446797677/COT-MIS2.jar
7f1877c52000-7f1877d23000 rw-p 00000000 00:00 0 
7f1877d23000-7f1877d26000 ---p 00000000 00:00 0 
7f1877d26000-7f1877e28000 rw-p 00000000 00:00 0                          [stack:17409]
7f1877e28000-7f1877e29000 r--s 00000000 00:2a 34                         /run/user/1000/dconf/user
7f1877e29000-7f1877e3c000 rw-p 00000000 00:00 0 
7f1877e3c000-7f1877e44000 rw-s 00000000 08:05 1322579                    /tmp/hsperfdata_kraulain/17405
7f1877e44000-7f1877e45000 rw-p 00000000 00:00 0 
7f1877e45000-7f1877e46000 r--p 00000000 00:00 0 
7f1877e46000-7f1877e48000 rw-p 00000000 00:00 0 
7f1877e48000-7f1877e49000 r--p 00023000 08:05 2102978                    /lib/x86_64-linux-gnu/ld-2.21.so
7f1877e49000-7f1877e4a000 rw-p 00024000 08:05 2102978                    /lib/x86_64-linux-gnu/ld-2.21.so
7f1877e4a000-7f1877e4b000 rw-p 00000000 00:00 0 
7ffd37cd0000-7ffd37cf1000 rw-p 00000000 00:00 0                          [stack]
7ffd37d48000-7ffd37d4a000 r--p 00000000 00:00 0                          [vvar]
7ffd37d4a000-7ffd37d4c000 r-xp 00000000 00:00 0                          [vdso]
ffffffffff600000-ffffffffff601000 r-xp 00000000 00:00 0                  [vsyscall]

VM Arguments:
jvm_args: -Dfile.encoding=UTF-8 
java_command: /home/kraulain/NetBeansProjects/COT-MIS2/dist/run446797677/COT-MIS2.jar
java_class_path (initial): /home/kraulain/NetBeansProjects/COT-MIS2/dist/run446797677/COT-MIS2.jar
Launcher Type: SUN_STANDARD

Environment Variables:
PATH=/usr/local/sbin:/usr/local/bin:/usr/sbin:/usr/bin:/sbin:/bin:/usr/games:/usr/local/games
LD_LIBRARY_PATH=/usr/lib/jvm/java-8-oracle/jre/lib/amd64:/usr/lib/jvm/java-8-oracle/jre/lib/i386:
SHELL=/bin/bash
DISPLAY=:0

Signal Handlers:
SIGSEGV: [libjvm.so+0xabb070], sa_mask[0]=11111111011111111101111111111110, sa_flags=SA_RESTART|SA_SIGINFO
SIGBUS: [libjvm.so+0xabb070], sa_mask[0]=11111111011111111101111111111110, sa_flags=SA_RESTART|SA_SIGINFO
SIGFPE: [libjvm.so+0x918480], sa_mask[0]=11111111011111111101111111111110, sa_flags=SA_RESTART|SA_SIGINFO
SIGPIPE: SIG_IGN, sa_mask[0]=00000000000010000000000000000000, sa_flags=SA_RESTART
SIGXFSZ: [libjvm.so+0x918480], sa_mask[0]=11111111011111111101111111111110, sa_flags=SA_RESTART|SA_SIGINFO
SIGILL: [libjvm.so+0x918480], sa_mask[0]=11111111011111111101111111111110, sa_flags=SA_RESTART|SA_SIGINFO
SIGUSR1: SIG_DFL, sa_mask[0]=00000000000000000000000000000000, sa_flags=none
SIGUSR2: [libjvm.so+0x919ab0], sa_mask[0]=00100000000000000000000000000000, sa_flags=SA_RESTART|SA_SIGINFO
SIGHUP: [libjvm.so+0x91aeb0], sa_mask[0]=11111111011111111101111111111110, sa_flags=SA_RESTART|SA_SIGINFO
SIGINT: SIG_IGN, sa_mask[0]=00000000000000000000000000000000, sa_flags=none
SIGTERM: [libjvm.so+0x91aeb0], sa_mask[0]=11111111011111111101111111111110, sa_flags=SA_RESTART|SA_SIGINFO
SIGQUIT: [libjvm.so+0x91aeb0], sa_mask[0]=11111111011111111101111111111110, sa_flags=SA_RESTART|SA_SIGINFO


---------------  S Y S T E M  ---------------

OS:DISTRIB_ID=Ubuntu
DISTRIB_RELEASE=15.10
DISTRIB_CODENAME=wily
DISTRIB_DESCRIPTION="Ubuntu 15.10"

uname:Linux 4.2.0-30-generic #36-Ubuntu SMP Fri Feb 26 00:58:07 UTC 2016 x86_64
libc:glibc 2.21 NPTL 2.21 
rlimit: STACK 8192k, CORE 0k, NPROC 14986, NOFILE 65536, AS infinity
load average:0.26 0.41 0.43

/proc/meminfo:
MemTotal:        3928172 kB
MemFree:          126568 kB
MemAvailable:     963356 kB
Buffers:          435540 kB
Cached:           807292 kB
SwapCached:         9320 kB
Active:          2160164 kB
Inactive:        1463924 kB
Active(anon):    1796148 kB
Inactive(anon):  1006680 kB
Active(file):     364016 kB
Inactive(file):   457244 kB
Unevictable:          16 kB
Mlocked:              16 kB
SwapTotal:       4075516 kB
SwapFree:        3848624 kB
Dirty:             21628 kB
Writeback:             0 kB
AnonPages:       2374732 kB
Mapped:           252304 kB
Shmem:            421532 kB
Slab:              82144 kB
SReclaimable:      44796 kB
SUnreclaim:        37348 kB
KernelStack:        9808 kB
PageTables:        37920 kB
NFS_Unstable:          0 kB
Bounce:                0 kB
WritebackTmp:          0 kB
CommitLimit:     6039600 kB
Committed_AS:    6374244 kB
VmallocTotal:   34359738367 kB
VmallocUsed:      414360 kB
VmallocChunk:   34358947836 kB
HardwareCorrupted:     0 kB
AnonHugePages:   1574912 kB
CmaTotal:              0 kB
CmaFree:               0 kB
HugePages_Total:       0
HugePages_Free:        0
HugePages_Rsvd:        0
HugePages_Surp:        0
Hugepagesize:       2048 kB
DirectMap4k:      146116 kB
DirectMap2M:     3930112 kB


CPU:total 4 (2 cores per cpu, 2 threads per core) family 6 model 58 stepping 9, cmov, cx8, fxsr, mmx, sse, sse2, sse3, ssse3, sse4.1, sse4.2, popcnt, avx, clmul, erms, ht, tsc, tscinvbit, tscinv

/proc/cpuinfo:
processor	: 0
vendor_id	: GenuineIntel
cpu family	: 6
model		: 58
model name	: Intel(R) Core(TM) i3-3110M CPU @ 2.40GHz
stepping	: 9
microcode	: 0x1b
cpu MHz		: 2399.906
cache size	: 3072 KB
physical id	: 0
siblings	: 4
core id		: 0
cpu cores	: 2
apicid		: 0
initial apicid	: 0
fpu		: yes
fpu_exception	: yes
cpuid level	: 13
wp		: yes
flags		: fpu vme de pse tsc msr pae mce cx8 apic sep mtrr pge mca cmov pat pse36 clflush dts acpi mmx fxsr sse sse2 ss ht tm pbe syscall nx rdtscp lm constant_tsc arch_perfmon pebs bts rep_good nopl xtopology nonstop_tsc aperfmperf eagerfpu pni pclmulqdq dtes64 monitor ds_cpl vmx est tm2 ssse3 cx16 xtpr pdcm pcid sse4_1 sse4_2 x2apic popcnt tsc_deadline_timer xsave avx f16c lahf_lm arat epb pln pts dtherm tpr_shadow vnmi flexpriority ept vpid fsgsbase smep erms xsaveopt
bugs		:
bogomips	: 4789.01
clflush size	: 64
cache_alignment	: 64
address sizes	: 36 bits physical, 48 bits virtual
power management:

processor	: 1
vendor_id	: GenuineIntel
cpu family	: 6
model		: 58
model name	: Intel(R) Core(TM) i3-3110M CPU @ 2.40GHz
stepping	: 9
microcode	: 0x1b
cpu MHz		: 2399.906
cache size	: 3072 KB
physical id	: 0
siblings	: 4
core id		: 0
cpu cores	: 2
apicid		: 1
initial apicid	: 1
fpu		: yes
fpu_exception	: yes
cpuid level	: 13
wp		: yes
flags		: fpu vme de pse tsc msr pae mce cx8 apic sep mtrr pge mca cmov pat pse36 clflush dts acpi mmx fxsr sse sse2 ss ht tm pbe syscall nx rdtscp lm constant_tsc arch_perfmon pebs bts rep_good nopl xtopology nonstop_tsc aperfmperf eagerfpu pni pclmulqdq dtes64 monitor ds_cpl vmx est tm2 ssse3 cx16 xtpr pdcm pcid sse4_1 sse4_2 x2apic popcnt tsc_deadline_timer xsave avx f16c lahf_lm arat epb pln pts dtherm tpr_shadow vnmi flexpriority ept vpid fsgsbase smep erms xsaveopt
bugs		:
bogomips	: 4789.01
clflush size	: 64
cache_alignment	: 64
address sizes	: 36 bits physical, 48 bits virtual
power management:

processor	: 2
vendor_id	: GenuineIntel
cpu family	: 6
model		: 58
model name	: Intel(R) Core(TM) i3-3110M CPU @ 2.40GHz
stepping	: 9
microcode	: 0x1b
cpu MHz		: 2400.000
cache size	: 3072 KB
physical id	: 0
siblings	: 4
core id		: 1
cpu cores	: 2
apicid		: 2
initial apicid	: 2
fpu		: yes
fpu_exception	: yes
cpuid level	: 13
wp		: yes
flags		: fpu vme de pse tsc msr pae mce cx8 apic sep mtrr pge mca cmov pat pse36 clflush dts acpi mmx fxsr sse sse2 ss ht tm pbe syscall nx rdtscp lm constant_tsc arch_perfmon pebs bts rep_good nopl xtopology nonstop_tsc aperfmperf eagerfpu pni pclmulqdq dtes64 monitor ds_cpl vmx est tm2 ssse3 cx16 xtpr pdcm pcid sse4_1 sse4_2 x2apic popcnt tsc_deadline_timer xsave avx f16c lahf_lm arat epb pln pts dtherm tpr_shadow vnmi flexpriority ept vpid fsgsbase smep erms xsaveopt
bugs		:
bogomips	: 4789.01
clflush size	: 64
cache_alignment	: 64
address sizes	: 36 bits physical, 48 bits virtual
power management:

processor	: 3
vendor_id	: GenuineIntel
cpu family	: 6
model		: 58
model name	: Intel(R) Core(TM) i3-3110M CPU @ 2.40GHz
stepping	: 9
microcode	: 0x1b
cpu MHz		: 2399.906
cache size	: 3072 KB
physical id	: 0
siblings	: 4
core id		: 1
cpu cores	: 2
apicid		: 3
initial apicid	: 3
fpu		: yes
fpu_exception	: yes
cpuid level	: 13
wp		: yes
flags		: fpu vme de pse tsc msr pae mce cx8 apic sep mtrr pge mca cmov pat pse36 clflush dts acpi mmx fxsr sse sse2 ss ht tm pbe syscall nx rdtscp lm constant_tsc arch_perfmon pebs bts rep_good nopl xtopology nonstop_tsc aperfmperf eagerfpu pni pclmulqdq dtes64 monitor ds_cpl vmx est tm2 ssse3 cx16 xtpr pdcm pcid sse4_1 sse4_2 x2apic popcnt tsc_deadline_timer xsave avx f16c lahf_lm arat epb pln pts dtherm tpr_shadow vnmi flexpriority ept vpid fsgsbase smep erms xsaveopt
bugs		:
bogomips	: 4789.01
clflush size	: 64
cache_alignment	: 64
address sizes	: 36 bits physical, 48 bits virtual
power management:



Memory: 4k page, physical 3928172k(126072k free), swap 4075516k(3848624k free)

vm_info: Java HotSpot(TM) 64-Bit Server VM (25.72-b15) for linux-amd64 JRE (1.8.0_72-b15), built on Dec 22 2015 22:00:07 by "java_re" with gcc 4.3.0 20080428 (Red Hat 4.3.0-8)

time: Sat Mar  5 15:12:25 2016
elapsed time: 6 seconds (0d 0h 0m 6s)

