#
# A fatal error has been detected by the Java Runtime Environment:
#
#  SIGSEGV (0xb) at pc=0x00007f5caff0459b, pid=11534, tid=140037149873920
#
# JRE version: Java(TM) SE Runtime Environment (8.0_72-b15) (build 1.8.0_72-b15)
# Java VM: Java HotSpot(TM) 64-Bit Server VM (25.72-b15 mixed mode linux-amd64 compressed oops)
# Problematic frame:
# C  [i965_dri.so+0x40059b]
#
# Failed to write core dump. Core dumps have been disabled. To enable core dumping, try "ulimit -c unlimited" before starting Java again
#
# If you would like to submit a bug report, please visit:
#   http://bugreport.java.com/bugreport/crash.jsp
# The crash happened outside the Java Virtual Machine in native code.
# See problematic frame for where to report the bug.
#

---------------  T H R E A D  ---------------

Current thread (0x00007f5d04292000):  JavaThread "QuantumRenderer-0" daemon [_thread_in_native, id=11552, stack(0x00007f5cf082d000,0x00007f5cf092e000)]

siginfo: si_signo: 11 (SIGSEGV), si_code: 1 (SEGV_MAPERR), si_addr: 0x0000000000000040

Registers:
RAX=0x0000000000000005, RBX=0x00007f5cb9c7e010, RCX=0x00007f5cafbc1720, RDX=0x0000000000000001
RSP=0x00007f5cf092bdc0, RBP=0x00007f5cb9c60d80, RSI=0x0000000000000001, RDI=0x0000000000000005
R8 =0x0000000000000000, R9 =0x0000000000000000, R10=0x0000000000000006, R11=0x0000000000000001
R12=0x00007f5cb82ac934, R13=0x00007f5cb8287c58, R14=0x0000000000000000, R15=0x00007f5cb9c60980
RIP=0x00007f5caff0459b, EFLAGS=0x0000000000010203, CSGSFS=0x0000000000000033, ERR=0x0000000000000004
  TRAPNO=0x000000000000000e

Top of Stack: (sp=0x00007f5cf092bdc0)
0x00007f5cf092bdc0:   00007f5cb96deb90 00007f5caf8e922b
0x00007f5cf092bdd0:   0000000000000000 92c5b49895417300
0x00007f5cf092bde0:   0000000000000008 00007f5cb8287c58
0x00007f5cf092bdf0:   00007f5cb9c60d80 00007f5cb82ac934
0x00007f5cf092be00:   00007f5cb82ac934 0000000000000000
0x00007f5cf092be10:   00007f5cb9c60980 00007f5cafef4309
0x00007f5cf092be20:   0000000000000000 00000556000002e8
0x00007f5cf092be30:   00007f5cb82ac93c 00007f5cb8287c58
0x00007f5cf092be40:   00007f5cb82ad090 ffffffffffffffff
0x00007f5cf092be50:   00007f5cb02ecce0 0000000008414008
0x00007f5cf092be60:   00007f5cb82ad348 00007f5cafef43a1
0x00007f5cf092be70:   00007f5cb8287c58 00007f5cafec9f69
0x00007f5cf092be80:   00007f5cf092bf2c 92c5b49895417300
0x00007f5cf092be90:   00007f5cb82abd08 00007f5cb8287c58
0x00007f5cf092bea0:   0000000000000003 92c5b49895417300
0x00007f5cf092beb0:   0000000000000000 00007f5cb8287c58
0x00007f5cf092bec0:   00007f5cf092bfa0 00007f5cf092bfc0
0x00007f5cf092bed0:   0000000000000003 0000000000000000
0x00007f5cf092bee0:   00007f5cf092bfc0 00007f5cafe53252
0x00007f5cf092bef0:   00007f5cb9731280 0000000000000000
0x00007f5cf092bf00:   00007f5cb02ecce0 0000000100000000
0x00007f5cf092bf10:   00007f5cb82ab8e0 00007f5cb82e3e50
0x00007f5cf092bf20:   0000000001000000 0000000000000000
0x00007f5cf092bf30:   00000000ee2de950 0000000000000000
0x00007f5cf092bf40:   00000000ffffffff 00007f5cb8287c58
0x00007f5cf092bf50:   00007f5cb82e0bb0 0000000000000006
0x00007f5cf092bf60:   00000000ffffffff 00007f5cafc8f8b8
0x00007f5cf092bf70:   0000000000000003 0000000000000000
0x00007f5cf092bf80:   0000000000000000 0000000000000000
0x00007f5cf092bf90:   00000018c4012b00 0000000400000000
0x00007f5cf092bfa0:   0000140300000006 00007f5cb82eb1f0
0x00007f5cf092bfb0:   0000000000000000 0000000000000012 

Instructions: (pc=0x00007f5caff0459b)
0x00007f5caff0457b:   00 00 00 00 00 48 89 f3 4c 8b b6 88 00 00 00 8b
0x00007f5caff0458b:   76 54 49 89 fd e8 3b 2f c6 ff 8b b3 a0 00 00 00
0x00007f5caff0459b:   41 8b 7e 40 b9 01 00 00 00 89 cd 89 44 24 04 8b
0x00007f5caff045ab:   83 9c 00 00 00 85 f6 0f 45 ab a0 00 00 00 85 ff 

Register to memory mapping:

RAX=0x0000000000000005 is an unknown value
RBX=0x00007f5cb9c7e010 is an unknown value
RCX=0x00007f5cafbc1720: <offset 0xbd720> in /usr/lib/x86_64-linux-gnu/dri/i965_dri.so at 0x00007f5cafb04000
RDX=0x0000000000000001 is an unknown value
RSP=0x00007f5cf092bdc0 is pointing into the stack for thread: 0x00007f5d04292000
RBP=0x00007f5cb9c60d80 is an unknown value
RSI=0x0000000000000001 is an unknown value
RDI=0x0000000000000005 is an unknown value
R8 =0x0000000000000000 is an unknown value
R9 =0x0000000000000000 is an unknown value
R10=0x0000000000000006 is an unknown value
R11=0x0000000000000001 is an unknown value
R12=0x00007f5cb82ac934 is an unknown value
R13=0x00007f5cb8287c58 is an unknown value
R14=0x0000000000000000 is an unknown value
R15=0x00007f5cb9c60980 is an unknown value


Stack: [0x00007f5cf082d000,0x00007f5cf092e000],  sp=0x00007f5cf092bdc0,  free space=1019k
Native frames: (J=compiled Java code, j=interpreted, Vv=VM code, C=native code)
C  [i965_dri.so+0x40059b]

Java frames: (J=compiled Java code, j=interpreted, Vv=VM code)
J 1825  com.sun.prism.es2.GLContext.nDrawIndexedQuads(JI[F[B)V (0 bytes) @ 0x00007f5cf556bbec [0x00007f5cf556bb80+0x6c]
J 2167 C2 com.sun.prism.impl.BaseContext.flushVertexBuffer()V (104 bytes) @ 0x00007f5cf567b7b0 [0x00007f5cf567b720+0x90]
J 3062 C1 com.sun.prism.es2.ES2SwapChain.drawTexture(Lcom/sun/prism/es2/ES2Graphics;Lcom/sun/prism/RTTexture;FFFFFFFF)V (78 bytes) @ 0x00007f5cf59a11e4 [0x00007f5cf59a0de0+0x404]
J 3060 C1 com.sun.prism.es2.ES2SwapChain.prepare(Lcom/sun/javafx/geom/Rectangle;)Z (184 bytes) @ 0x00007f5cf59a91a4 [0x00007f5cf59a87c0+0x9e4]
J 3289 C1 com.sun.javafx.tk.quantum.PresentingPainter.run()V (675 bytes) @ 0x00007f5cf5a6bc14 [0x00007f5cf5a69ba0+0x2074]
J 3414 C1 java.util.concurrent.Executors$RunnableAdapter.call()Ljava/lang/Object; (14 bytes) @ 0x00007f5cf5afa6cc [0x00007f5cf5afa5c0+0x10c]
J 3413 C1 java.util.concurrent.FutureTask.runAndReset()Z (128 bytes) @ 0x00007f5cf5af9a9c [0x00007f5cf5af9840+0x25c]
J 3424 C1 com.sun.javafx.tk.RenderJob.run()V (105 bytes) @ 0x00007f5cf5b0262c [0x00007f5cf5b025a0+0x8c]
j  java.util.concurrent.ThreadPoolExecutor.runWorker(Ljava/util/concurrent/ThreadPoolExecutor$Worker;)V+95
j  java.util.concurrent.ThreadPoolExecutor$Worker.run()V+5
j  com.sun.javafx.tk.quantum.QuantumRenderer$PipelineRunnable.run()V+8
j  java.lang.Thread.run()V+11
v  ~StubRoutines::call_stub

---------------  P R O C E S S  ---------------

Java Threads: ( => current thread )
  0x00007f5c9025a800 JavaThread "Prism Font Disposer" daemon [_thread_blocked, id=11559, stack(0x00007f5ca6cb0000,0x00007f5ca6db1000)]
  0x00007f5d04342000 JavaThread "JavaFX-Launcher" [_thread_blocked, id=11558, stack(0x00007f5cac17c000,0x00007f5cac27d000)]
  0x00007f5d0433e000 JavaThread "JavaFX Application Thread" [_thread_in_native, id=11557, stack(0x00007f5cac27d000,0x00007f5cac37e000)]
  0x00007f5d0433a000 JavaThread "Thread-1" daemon [_thread_blocked, id=11556, stack(0x00007f5cf0000000,0x00007f5cf0101000)]
=>0x00007f5d04292000 JavaThread "QuantumRenderer-0" daemon [_thread_in_native, id=11552, stack(0x00007f5cf082d000,0x00007f5cf092e000)]
  0x00007f5d04190000 JavaThread "Service Thread" daemon [_thread_blocked, id=11550, stack(0x00007f5cf0a2f000,0x00007f5cf0b30000)]
  0x00007f5d04185000 JavaThread "C1 CompilerThread2" daemon [_thread_in_native, id=11549, stack(0x00007f5cf0b30000,0x00007f5cf0c31000)]
  0x00007f5d04183000 JavaThread "C2 CompilerThread1" daemon [_thread_blocked, id=11548, stack(0x00007f5cf0c31000,0x00007f5cf0d32000)]
  0x00007f5d04180000 JavaThread "C2 CompilerThread0" daemon [_thread_blocked, id=11547, stack(0x00007f5cf0d32000,0x00007f5cf0e33000)]
  0x00007f5d0417e800 JavaThread "Signal Dispatcher" daemon [_thread_blocked, id=11546, stack(0x00007f5cf0e33000,0x00007f5cf0f34000)]
  0x00007f5d0414b800 JavaThread "Finalizer" daemon [_thread_blocked, id=11545, stack(0x00007f5cf1616000,0x00007f5cf1717000)]
  0x00007f5d04147000 JavaThread "Reference Handler" daemon [_thread_blocked, id=11544, stack(0x00007f5cf1717000,0x00007f5cf1818000)]
  0x00007f5d0400a000 JavaThread "main" [_thread_blocked, id=11538, stack(0x00007f5d0bc78000,0x00007f5d0bd79000)]

Other Threads:
  0x00007f5d0413f800 VMThread [stack: 0x00007f5cf1818000,0x00007f5cf1919000] [id=11543]
  0x00007f5d04193000 WatcherThread [stack: 0x00007f5cf092e000,0x00007f5cf0a2f000] [id=11551]

VM state:not at safepoint (normal execution)

VM Mutex/Monitor currently owned by a thread: None

Heap:
 PSYoungGen      total 33280K, used 17108K [0x00000000ec000000, 0x00000000ee300000, 0x0000000100000000)
  eden space 30720K, 47% used [0x00000000ec000000,0x00000000ece390f0,0x00000000ede00000)
  from space 2560K, 99% used [0x00000000ee080000,0x00000000ee2fc028,0x00000000ee300000)
  to   space 2560K, 0% used [0x00000000ede00000,0x00000000ede00000,0x00000000ee080000)
 ParOldGen       total 40960K, used 2836K [0x00000000c4000000, 0x00000000c6800000, 0x00000000ec000000)
  object space 40960K, 6% used [0x00000000c4000000,0x00000000c42c50e0,0x00000000c6800000)
 Metaspace       used 16723K, capacity 17566K, committed 17792K, reserved 1064960K
  class space    used 2348K, capacity 2563K, committed 2688K, reserved 1048576K

Card table byte_map: [0x00007f5d08855000,0x00007f5d08a36000] byte_map_base: 0x00007f5d08235000

Marking Bits: (ParMarkBitMap*) 0x00007f5d0b14d100
 Begin Bits: [0x00007f5cf3200000, 0x00007f5cf4100000)
 End Bits:   [0x00007f5cf4100000, 0x00007f5cf5000000)

Polling page: 0x00007f5d0bd9a000

CodeCache: size=245760Kb used=11542Kb max_used=11542Kb free=234217Kb
 bounds [0x00007f5cf5000000, 0x00007f5cf5b60000, 0x00007f5d04000000]
 total_blobs=4133 nmethods=3497 adapters=548
 compilation: enabled

Compilation events (10 events):
Event: 83.474 Thread 0x00007f5d04183000 nmethod 3516 0x00007f5cf5b3df10 code [0x00007f5cf5b3e060, 0x00007f5cf5b3e128]
Event: 83.492 Thread 0x00007f5d04180000 3517       4       com.sun.javafx.geom.Path2D::getBounds (134 bytes)
Event: 83.497 Thread 0x00007f5d04180000 nmethod 3517 0x00007f5cf5b3bb50 code [0x00007f5cf5b3bcc0, 0x00007f5cf5b3bfb8]
Event: 83.506 Thread 0x00007f5d04185000 3518       3       javafx.beans.property.StringPropertyBase::set (127 bytes)
Event: 83.508 Thread 0x00007f5d04185000 nmethod 3518 0x00007f5cf5b43910 code [0x00007f5cf5b43c40, 0x00007f5cf5b45668]
Event: 83.522 Thread 0x00007f5d04185000 3519       3       com.sun.javafx.scene.control.skin.Utils::computeTextHeight (92 bytes)
Event: 83.523 Thread 0x00007f5d04185000 nmethod 3519 0x00007f5cf5b42d10 code [0x00007f5cf5b42f20, 0x00007f5cf5b43648]
Event: 83.671 Thread 0x00007f5d04185000 3520       3       javafx.scene.Node::invalidatedScenes (209 bytes)
Event: 83.673 Thread 0x00007f5d04183000 3521       4       javafx.scene.Node::localToParent (15 bytes)
Event: 83.675 Thread 0x00007f5d04183000 nmethod 3521 0x00007f5cf5b3db90 code [0x00007f5cf5b3dce0, 0x00007f5cf5b3dd88]

GC Heap History (4 events):
Event: 0.643 GC heap before
{Heap before GC invocations=1 (full 0):
 PSYoungGen      total 17920K, used 15360K [0x00000000ec000000, 0x00000000ed400000, 0x0000000100000000)
  eden space 15360K, 100% used [0x00000000ec000000,0x00000000ecf00000,0x00000000ecf00000)
  from space 2560K, 0% used [0x00000000ed180000,0x00000000ed180000,0x00000000ed400000)
  to   space 2560K, 0% used [0x00000000ecf00000,0x00000000ecf00000,0x00000000ed180000)
 ParOldGen       total 40960K, used 0K [0x00000000c4000000, 0x00000000c6800000, 0x00000000ec000000)
  object space 40960K, 0% used [0x00000000c4000000,0x00000000c4000000,0x00000000c6800000)
 Metaspace       used 9115K, capacity 9520K, committed 9600K, reserved 1056768K
  class space    used 1237K, capacity 1379K, committed 1408K, reserved 1048576K
Event: 0.655 GC heap after
Heap after GC invocations=1 (full 0):
 PSYoungGen      total 17920K, used 2528K [0x00000000ec000000, 0x00000000ee300000, 0x0000000100000000)
  eden space 15360K, 0% used [0x00000000ec000000,0x00000000ec000000,0x00000000ecf00000)
  from space 2560K, 98% used [0x00000000ecf00000,0x00000000ed178040,0x00000000ed180000)
  to   space 2560K, 0% used [0x00000000ee080000,0x00000000ee080000,0x00000000ee300000)
 ParOldGen       total 40960K, used 160K [0x00000000c4000000, 0x00000000c6800000, 0x00000000ec000000)
  object space 40960K, 0% used [0x00000000c4000000,0x00000000c4028000,0x00000000c6800000)
 Metaspace       used 9115K, capacity 9520K, committed 9600K, reserved 1056768K
  class space    used 1237K, capacity 1379K, committed 1408K, reserved 1048576K
}
Event: 2.559 GC heap before
{Heap before GC invocations=2 (full 0):
 PSYoungGen      total 17920K, used 17888K [0x00000000ec000000, 0x00000000ee300000, 0x0000000100000000)
  eden space 15360K, 100% used [0x00000000ec000000,0x00000000ecf00000,0x00000000ecf00000)
  from space 2560K, 98% used [0x00000000ecf00000,0x00000000ed178040,0x00000000ed180000)
  to   space 2560K, 0% used [0x00000000ee080000,0x00000000ee080000,0x00000000ee300000)
 ParOldGen       total 40960K, used 160K [0x00000000c4000000, 0x00000000c6800000, 0x00000000ec000000)
  object space 40960K, 0% used [0x00000000c4000000,0x00000000c4028000,0x00000000c6800000)
 Metaspace       used 14678K, capacity 15456K, committed 15616K, reserved 1062912K
  class space    used 2232K, capacity 2460K, committed 2560K, reserved 1048576K
Event: 2.578 GC heap after
Heap after GC invocations=2 (full 0):
 PSYoungGen      total 33280K, used 2544K [0x00000000ec000000, 0x00000000ee300000, 0x0000000100000000)
  eden space 30720K, 0% used [0x00000000ec000000,0x00000000ec000000,0x00000000ede00000)
  from space 2560K, 99% used [0x00000000ee080000,0x00000000ee2fc028,0x00000000ee300000)
  to   space 2560K, 0% used [0x00000000ede00000,0x00000000ede00000,0x00000000ee080000)
 ParOldGen       total 40960K, used 2836K [0x00000000c4000000, 0x00000000c6800000, 0x00000000ec000000)
  object space 40960K, 6% used [0x00000000c4000000,0x00000000c42c50e0,0x00000000c6800000)
 Metaspace       used 14678K, capacity 15456K, committed 15616K, reserved 1062912K
  class space    used 2232K, capacity 2460K, committed 2560K, reserved 1048576K
}

Deoptimization events (10 events):
Event: 17.366 Thread 0x00007f5d0433e000 Uncommon trap: reason=unstable_if action=reinterpret pc=0x00007f5cf58426e4 method=javafx.scene.Parent.minHeight(D)D @ 5
Event: 17.367 Thread 0x00007f5d0433e000 Uncommon trap: reason=unstable_if action=reinterpret pc=0x00007f5cf5688608 method=javafx.scene.Node.updateBounds()V @ 37
Event: 17.368 Thread 0x00007f5d04292000 Uncommon trap: reason=unstable_if action=reinterpret pc=0x00007f5cf57fc7c0 method=com.sun.javafx.geom.RectBounds.intersects(Lcom/sun/javafx/geom/BaseBounds;)Z @ 29
Event: 17.369 Thread 0x00007f5d04292000 Uncommon trap: reason=bimorphic action=maybe_recompile pc=0x00007f5cf57feaf0 method=com.sun.javafx.sg.prism.NGNode.doRender(Lcom/sun/prism/Graphics;)V @ 200
Event: 17.377 Thread 0x00007f5d04292000 Uncommon trap: reason=unstable_if action=reinterpret pc=0x00007f5cf57dec54 method=com.sun.javafx.sg.prism.NGGroup.clearDirty()V @ 8
Event: 17.378 Thread 0x00007f5d04292000 Uncommon trap: reason=unstable_if action=reinterpret pc=0x00007f5cf57fea6c method=com.sun.javafx.sg.prism.NGRegion.renderContent(Lcom/sun/prism/Graphics;)V @ 92
Event: 42.222 Thread 0x00007f5d0433e000 Uncommon trap: reason=unstable_if action=reinterpret pc=0x00007f5cf594f128 method=javafx.scene.Node.impl_pickNode(Lcom/sun/javafx/geom/PickRay;Lcom/sun/javafx/scene/input/PickResultChooser;)V @ 4
Event: 42.227 Thread 0x00007f5d0433e000 Uncommon trap: reason=unstable_if action=reinterpret pc=0x00007f5cf594523c method=javafx.scene.Node.impl_pickNode(Lcom/sun/javafx/geom/PickRay;Lcom/sun/javafx/scene/input/PickResultChooser;)V @ 4
Event: 47.836 Thread 0x00007f5d0433e000 Uncommon trap: reason=bimorphic action=maybe_recompile pc=0x00007f5cf55ad598 method=javafx.scene.Node.updateLocalToParentTransform()V @ 327
Event: 83.059 Thread 0x00007f5d0433e000 Uncommon trap: reason=unstable_if action=reinterpret pc=0x00007f5cf5963940 method=javafx.scene.Node.updateBounds()V @ 47

Internal exceptions (10 events):
Event: 0.163 Thread 0x00007f5d0400a000 Exception <a 'java/lang/NoSuchFieldError': method resolution failed> (0x00000000ec1d3f90) thrown at [/HUDSON/workspace/8-2-build-linux-amd64/jdk8u72/5732/hotspot/src/share/vm/prims/methodHandles.cpp, line 1146]
Event: 0.192 Thread 0x00007f5d0400a000 Exception <a 'java/security/PrivilegedActionException'> (0x00000000ec25db58) thrown at [/HUDSON/workspace/8-2-build-linux-amd64/jdk8u72/5732/hotspot/src/share/vm/prims/jvm.cpp, line 1386]
Event: 0.192 Thread 0x00007f5d0400a000 Exception <a 'java/security/PrivilegedActionException'> (0x00000000ec25dd68) thrown at [/HUDSON/workspace/8-2-build-linux-amd64/jdk8u72/5732/hotspot/src/share/vm/prims/jvm.cpp, line 1386]
Event: 0.192 Thread 0x00007f5d0400a000 Exception <a 'java/security/PrivilegedActionException'> (0x00000000ec2601a8) thrown at [/HUDSON/workspace/8-2-build-linux-amd64/jdk8u72/5732/hotspot/src/share/vm/prims/jvm.cpp, line 1386]
Event: 0.192 Thread 0x00007f5d0400a000 Exception <a 'java/security/PrivilegedActionException'> (0x00000000ec2603b8) thrown at [/HUDSON/workspace/8-2-build-linux-amd64/jdk8u72/5732/hotspot/src/share/vm/prims/jvm.cpp, line 1386]
Event: 0.193 Thread 0x00007f5d0400a000 Exception <a 'java/lang/NullPointerException'> (0x00000000ec260990) thrown at [/HUDSON/workspace/8-2-build-linux-amd64/jdk8u72/5732/hotspot/src/share/vm/interpreter/linkResolver.cpp, line 1178]
Event: 0.444 Thread 0x00007f5d0433e000 Exception <a 'java/lang/NullPointerException'> (0x00000000eca031b8) thrown at [/HUDSON/workspace/8-2-build-linux-amd64/jdk8u72/5732/hotspot/src/share/vm/interpreter/linkResolver.cpp, line 1178]
Event: 0.444 Thread 0x00007f5d0433e000 Exception <a 'java/lang/NullPointerException'> (0x00000000eca031b8) thrown at [/HUDSON/workspace/8-2-build-linux-amd64/jdk8u72/5732/hotspot/src/share/vm/prims/jvm.cpp, line 1390]
Event: 0.633 Thread 0x00007f5d0433e000 Implicit null exception at 0x00007f5cf523e8f5 to 0x00007f5cf523ead9
Event: 0.679 Thread 0x00007f5d0433e000 Implicit null exception at 0x00007f5cf526b9f3 to 0x00007f5cf526bd5d

Events (10 events):
Event: 62.954 Thread 0x00007f5d04180000 flushing nmethod 0x00007f5cf5127250
Event: 62.954 Thread 0x00007f5d04180000 flushing nmethod 0x00007f5cf5128650
Event: 62.954 Thread 0x00007f5d04180000 flushing nmethod 0x00007f5cf5133d10
Event: 62.954 Thread 0x00007f5d04180000 flushing nmethod 0x00007f5cf5141590
Event: 63.774 Thread 0x00007f5d04185000 flushing nmethod 0x00007f5cf5168450
Event: 73.721 loading class java/util/ArrayList$1
Event: 73.722 loading class java/util/ArrayList$1 done
Event: 83.059 Thread 0x00007f5d0433e000 Uncommon trap: trap_request=0xffffff65 fr.pc=0x00007f5cf5963940
Event: 83.059 Thread 0x00007f5d0433e000 DEOPT PACKING pc=0x00007f5cf5963940 sp=0x00007f5cac37af80
Event: 83.059 Thread 0x00007f5d0433e000 DEOPT UNPACKING pc=0x00007f5cf5005229 sp=0x00007f5cac37af78 mode 2


Dynamic libraries:
00400000-00401000 r-xp 00000000 08:05 5781194                            /usr/lib/jvm/java-8-oracle/jre/bin/java
00600000-00601000 rw-p 00000000 08:05 5781194                            /usr/lib/jvm/java-8-oracle/jre/bin/java
018fe000-0191f000 rw-p 00000000 00:00 0                                  [heap]
c4000000-c6800000 rw-p 00000000 00:00 0 
c6800000-ec000000 ---p 00000000 00:00 0 
ec000000-ee300000 rw-p 00000000 00:00 0 
ee300000-100000000 ---p 00000000 00:00 0 
100000000-1002a0000 rw-p 00000000 00:00 0 
1002a0000-140000000 ---p 00000000 00:00 0 
7f5c88000000-7f5c88021000 rw-p 00000000 00:00 0 
7f5c88021000-7f5c8c000000 ---p 00000000 00:00 0 
7f5c90000000-7f5c9039d000 rw-p 00000000 00:00 0 
7f5c9039d000-7f5c94000000 ---p 00000000 00:00 0 
7f5c94000000-7f5c94021000 rw-p 00000000 00:00 0 
7f5c94021000-7f5c98000000 ---p 00000000 00:00 0 
7f5c98000000-7f5c98022000 rw-p 00000000 00:00 0 
7f5c98022000-7f5c9c000000 ---p 00000000 00:00 0 
7f5c9c000000-7f5c9c021000 rw-p 00000000 00:00 0 
7f5c9c021000-7f5ca0000000 ---p 00000000 00:00 0 
7f5ca0000000-7f5ca0021000 rw-p 00000000 00:00 0 
7f5ca0021000-7f5ca4000000 ---p 00000000 00:00 0 
7f5ca5f24000-7f5ca5f34000 rw-s 00000000 00:05 232036                     /drm mm object (deleted)
7f5ca5f34000-7f5ca5f3c000 rw-s 00000000 00:05 232035                     /drm mm object (deleted)
7f5ca5f3c000-7f5ca5f44000 rw-s 00000000 00:05 227116                     /drm mm object (deleted)
7f5ca5f44000-7f5ca5f54000 rw-s 00000000 00:05 227115                     /drm mm object (deleted)
7f5ca5f54000-7f5ca5f64000 rw-s 00000000 00:05 227114                     /drm mm object (deleted)
7f5ca5f64000-7f5ca5f6c000 rw-s 00000000 00:05 227113                     /drm mm object (deleted)
7f5ca5f6c000-7f5ca5f7c000 rw-s 00000000 00:05 227112                     /drm mm object (deleted)
7f5ca5f7c000-7f5ca5f84000 rw-s 00000000 00:05 227111                     /drm mm object (deleted)
7f5ca5f84000-7f5ca5f94000 rw-s 00000000 00:05 232034                     /drm mm object (deleted)
7f5ca5f94000-7f5ca5f9c000 rw-s 00000000 00:05 232033                     /drm mm object (deleted)
7f5ca5f9c000-7f5ca5fa4000 rw-s 00000000 00:05 232032                     /drm mm object (deleted)
7f5ca5fa4000-7f5ca5fb4000 rw-s 00000000 00:05 227110                     /drm mm object (deleted)
7f5ca5fb4000-7f5ca5fbc000 rw-s 00000000 00:05 227109                     /drm mm object (deleted)
7f5ca5fbc000-7f5ca5fcc000 rw-s 00000000 00:05 227108                     /drm mm object (deleted)
7f5ca5fcc000-7f5ca5fdc000 rw-s 00000000 00:05 233501                     /drm mm object (deleted)
7f5ca5fdc000-7f5ca5fe4000 rw-s 00000000 00:05 233500                     /drm mm object (deleted)
7f5ca5fe4000-7f5ca5ff4000 rw-s 00000000 00:05 233499                     /drm mm object (deleted)
7f5ca5ff4000-7f5ca5ffc000 rw-s 00000000 00:05 233498                     /drm mm object (deleted)
7f5ca5ffc000-7f5ca600c000 rw-s 00000000 00:05 233497                     /drm mm object (deleted)
7f5ca600c000-7f5ca6014000 rw-s 00000000 00:05 233496                     /drm mm object (deleted)
7f5ca6014000-7f5ca6024000 rw-s 00000000 00:05 233495                     /drm mm object (deleted)
7f5ca6024000-7f5ca602c000 rw-s 00000000 00:05 233494                     /drm mm object (deleted)
7f5ca602c000-7f5ca6034000 rw-s 00000000 00:05 233493                     /drm mm object (deleted)
7f5ca6034000-7f5ca6044000 rw-s 00000000 00:05 232531                     /drm mm object (deleted)
7f5ca6044000-7f5ca604c000 rw-s 00000000 00:05 232530                     /drm mm object (deleted)
7f5ca604c000-7f5ca605c000 rw-s 00000000 00:05 232529                     /drm mm object (deleted)
7f5ca605c000-7f5ca6064000 rw-s 00000000 00:05 232528                     /drm mm object (deleted)
7f5ca6064000-7f5ca6074000 rw-s 00000000 00:05 232527                     /drm mm object (deleted)
7f5ca6074000-7f5ca6084000 rw-s 00000000 00:05 232516                     /drm mm object (deleted)
7f5ca6084000-7f5ca608c000 rw-s 00000000 00:05 232515                     /drm mm object (deleted)
7f5ca608c000-7f5ca609c000 rw-s 00000000 00:05 227107                     /drm mm object (deleted)
7f5ca609c000-7f5ca60a4000 rw-s 00000000 00:05 227106                     /drm mm object (deleted)
7f5ca60a4000-7f5ca60b4000 rw-s 00000000 00:05 227105                     /drm mm object (deleted)
7f5ca60b4000-7f5ca6174000 rw-p 00000000 00:00 0 
7f5ca6174000-7f5ca62b4000 ---p 00000000 00:00 0 
7f5ca62b4000-7f5ca62bc000 rw-s 00000000 00:05 227104                     /drm mm object (deleted)
7f5ca62bc000-7f5ca62cc000 rw-s 00000000 00:05 227103                     /drm mm object (deleted)
7f5ca62cc000-7f5ca62d4000 rw-s 00000000 00:05 227102                     /drm mm object (deleted)
7f5ca62d4000-7f5ca62dc000 rw-s 00000000 00:05 232525                     /drm mm object (deleted)
7f5ca62dc000-7f5ca62ec000 rw-s 00000000 00:05 232524                     /drm mm object (deleted)
7f5ca62ec000-7f5ca62f4000 rw-s 00000000 00:05 232523                     /drm mm object (deleted)
7f5ca62f4000-7f5ca6304000 rw-s 00000000 00:05 227100                     /drm mm object (deleted)
7f5ca6304000-7f5ca630c000 rw-s 00000000 00:05 227099                     /drm mm object (deleted)
7f5ca630c000-7f5ca631c000 rw-s 00000000 00:05 227098                     /drm mm object (deleted)
7f5ca631c000-7f5ca6324000 rw-s 00000000 00:05 227097                     /drm mm object (deleted)
7f5ca6324000-7f5ca6334000 rw-s 00000000 00:05 227095                     /drm mm object (deleted)
7f5ca6334000-7f5ca633c000 rw-s 00000000 00:05 227094                     /drm mm object (deleted)
7f5ca633c000-7f5ca634c000 rw-s 00000000 00:05 227092                     /drm mm object (deleted)
7f5ca634c000-7f5ca6354000 rw-s 00000000 00:05 227091                     /drm mm object (deleted)
7f5ca6354000-7f5ca6364000 rw-s 00000000 00:05 227089                     /drm mm object (deleted)
7f5ca6364000-7f5ca6374000 rw-s 00000000 00:05 227087                     /drm mm object (deleted)
7f5ca6374000-7f5ca6384000 rw-s 00000000 00:05 227085                     /drm mm object (deleted)
7f5ca6384000-7f5ca6584000 rw-p 00000000 00:00 0 
7f5ca6584000-7f5ca6594000 rw-s 00000000 00:05 230355                     /drm mm object (deleted)
7f5ca6594000-7f5ca659c000 rw-s 00000000 00:05 230396                     /drm mm object (deleted)
7f5ca659c000-7f5ca65a4000 rw-s 00000000 00:05 227088                     /drm mm object (deleted)
7f5ca65a4000-7f5ca65a5000 rw-s 00000000 00:05 230328                     /drm mm object (deleted)
7f5ca65a5000-7f5ca65b5000 rw-s 00000000 00:05 227083                     /drm mm object (deleted)
7f5ca65b5000-7f5ca65bd000 rw-s 00000000 00:05 227065                     /drm mm object (deleted)
7f5ca65bd000-7f5ca65c5000 rw-s 00000000 00:05 227086                     /drm mm object (deleted)
7f5ca65c5000-7f5ca65c9000 rw-s 101b71000 00:06 355                       /dev/dri/card0
7f5ca65c9000-7f5ca65d9000 rw-s 00000000 00:05 230342                     /drm mm object (deleted)
7f5ca65d9000-7f5ca6639000 rw-s 00000000 00:05 230340                     /drm mm object (deleted)
7f5ca6639000-7f5ca6647000 rw-s 00000000 00:05 230339                     /drm mm object (deleted)
7f5ca6648000-7f5ca6649000 rw-s 00000000 00:05 230333                     /drm mm object (deleted)
7f5ca6649000-7f5ca6809000 rw-s 1019af000 00:06 355                       /dev/dri/card0
7f5ca6809000-7f5ca69c9000 rw-s 00000000 00:05 230331                     /drm mm object (deleted)
7f5ca69c9000-7f5ca69d9000 rw-s 00000000 00:05 227081                     /drm mm object (deleted)
7f5ca69d9000-7f5ca69e5000 rw-s 00000000 00:05 226961                     /drm mm object (deleted)
7f5ca69e5000-7f5ca69f7000 r--s 00345000 08:05 5641302                    /usr/lib/jvm/java-8-oracle/jre/lib/resources.jar
7f5ca69f7000-7f5ca6ab0000 r--p 00000000 08:05 525412                     /usr/share/fonts/truetype/dejavu/DejaVuSans.ttf
7f5ca6ab0000-7f5ca6cb0000 rw-p 00000000 00:00 0 
7f5ca6cb0000-7f5ca6cb3000 ---p 00000000 00:00 0 
7f5ca6cb3000-7f5ca6db1000 rw-p 00000000 00:00 0                          [stack:11559]
7f5ca6db1000-7f5ca6e5d000 r--p 00000000 08:05 525411                     /usr/share/fonts/truetype/dejavu/DejaVuSans-Bold.ttf
7f5ca6e5d000-7f5ca6eab000 r--p 00000000 08:05 5781144                    /usr/lib/jvm/java-8-oracle/jre/lib/fonts/LucidaSansDemiBold.ttf
7f5ca6eab000-7f5ca6ebf000 r--p 00000000 08:05 5781138                    /usr/lib/jvm/java-8-oracle/jre/lib/fonts/LucidaBrightItalic.ttf
7f5ca6ebf000-7f5ca6efb000 r--p 00000000 08:05 5781137                    /usr/lib/jvm/java-8-oracle/jre/lib/fonts/LucidaTypewriterRegular.ttf
7f5ca6efb000-7f5ca6f35000 r--p 00000000 08:05 5781140                    /usr/lib/jvm/java-8-oracle/jre/lib/fonts/LucidaTypewriterBold.ttf
7f5ca6f35000-7f5ca6f48000 r--p 00000000 08:05 5781142                    /usr/lib/jvm/java-8-oracle/jre/lib/fonts/LucidaBrightDemiItalic.ttf
7f5ca6f48000-7f5ca6ff3000 r--p 00000000 08:05 5781141                    /usr/lib/jvm/java-8-oracle/jre/lib/fonts/LucidaSansRegular.ttf
7f5ca6ff3000-7f5ca6ff7000 r-xp 00000000 08:05 5781019                    /usr/lib/jvm/java-8-oracle/jre/lib/amd64/libjavafx_font_pango.so
7f5ca6ff7000-7f5ca71f6000 ---p 00004000 08:05 5781019                    /usr/lib/jvm/java-8-oracle/jre/lib/amd64/libjavafx_font_pango.so
7f5ca71f6000-7f5ca71f7000 rw-p 00003000 08:05 5781019                    /usr/lib/jvm/java-8-oracle/jre/lib/amd64/libjavafx_font_pango.so
7f5ca71f7000-7f5ca73f7000 rw-p 00000000 00:00 0 
7f5ca73f7000-7f5ca73fc000 r-xp 00000000 08:05 5780943                    /usr/lib/jvm/java-8-oracle/jre/lib/amd64/libjavafx_font_freetype.so
7f5ca73fc000-7f5ca75fb000 ---p 00005000 08:05 5780943                    /usr/lib/jvm/java-8-oracle/jre/lib/amd64/libjavafx_font_freetype.so
7f5ca75fb000-7f5ca75fc000 rw-p 00004000 08:05 5780943                    /usr/lib/jvm/java-8-oracle/jre/lib/amd64/libjavafx_font_freetype.so
7f5ca75fc000-7f5ca75ff000 r-xp 00000000 08:05 5780947                    /usr/lib/jvm/java-8-oracle/jre/lib/amd64/libjavafx_font.so
7f5ca75ff000-7f5ca77fe000 ---p 00003000 08:05 5780947                    /usr/lib/jvm/java-8-oracle/jre/lib/amd64/libjavafx_font.so
7f5ca77fe000-7f5ca77ff000 rw-p 00002000 08:05 5780947                    /usr/lib/jvm/java-8-oracle/jre/lib/amd64/libjavafx_font.so
7f5ca77ff000-7f5ca7800000 ---p 00000000 00:00 0 
7f5ca7800000-7f5ca8000000 rw-p 00000000 00:00 0                          [stack:11555]
7f5ca8000000-7f5ca8021000 rw-p 00000000 00:00 0 
7f5ca8021000-7f5cac000000 ---p 00000000 00:00 0 
7f5cac000000-7f5cac001000 rw-s 00000000 00:05 230327                     /drm mm object (deleted)
7f5cac001000-7f5cac009000 rw-s 00000000 00:05 230337                     /drm mm object (deleted)
7f5cac009000-7f5cac00e000 r--s 00084000 08:05 5641292                    /usr/lib/jvm/java-8-oracle/jre/lib/jfr.jar
7f5cac00e000-7f5cac021000 r--p 00000000 08:05 5781143                    /usr/lib/jvm/java-8-oracle/jre/lib/fonts/LucidaBrightDemiBold.ttf
7f5cac021000-7f5cac076000 r--p 00000000 08:05 5781139                    /usr/lib/jvm/java-8-oracle/jre/lib/fonts/LucidaBrightRegular.ttf
7f5cac076000-7f5cac077000 r--s 00001000 08:05 1856927                    /home/kraulain/NetBeansProjects/COT-MIS2/dist/run1905750060/lib/slf4j-simple-1.6.1.jar
7f5cac077000-7f5cac079000 r--s 00005000 08:05 1856926                    /home/kraulain/NetBeansProjects/COT-MIS2/dist/run1905750060/lib/slf4j-api-1.6.1.jar
7f5cac079000-7f5cac081000 r--s 000c4000 08:05 1856925                    /home/kraulain/NetBeansProjects/COT-MIS2/dist/run1905750060/lib/mysql-connector-java-5.1.23-bin.jar
7f5cac081000-7f5cac082000 r--s 00006000 08:05 1856923                    /home/kraulain/NetBeansProjects/COT-MIS2/dist/run1905750060/lib/jboss-transaction-api_1.2_spec-1.0.0.Final.jar
7f5cac082000-7f5cac085000 r--s 0000c000 08:05 1856922                    /home/kraulain/NetBeansProjects/COT-MIS2/dist/run1905750060/lib/jboss-logging-3.1.3.GA.jar
7f5cac085000-7f5cac08f000 r--s 000a2000 08:05 1856921                    /home/kraulain/NetBeansProjects/COT-MIS2/dist/run1905750060/lib/javassist-3.18.1-GA.jar
7f5cac08f000-7f5cac095000 r--s 00017000 08:05 1856920                    /home/kraulain/NetBeansProjects/COT-MIS2/dist/run1905750060/lib/hibernate-jpa-2.1-api-1.0.0.Final.jar
7f5cac095000-7f5cac0a3000 r--s 00090000 08:05 1856919                    /home/kraulain/NetBeansProjects/COT-MIS2/dist/run1905750060/lib/hibernate-entitymanager-4.3.1.Final.jar
7f5cac0a3000-7f5cac0a6000 r--s 0001e000 08:05 1856918                    /home/kraulain/NetBeansProjects/COT-MIS2/dist/run1905750060/lib/hibernate-ehcache-4.3.1.Final.jar
7f5cac0a6000-7f5cac103000 r--s 00496000 08:05 1856917                    /home/kraulain/NetBeansProjects/COT-MIS2/dist/run1905750060/lib/hibernate-core-4.3.1.Final.jar
7f5cac103000-7f5cac106000 r--s 00010000 08:05 1856916                    /home/kraulain/NetBeansProjects/COT-MIS2/dist/run1905750060/lib/hibernate-commons-annotations-4.0.4.Final.jar
7f5cac106000-7f5cac107000 r--s 00009000 08:05 1856915                    /home/kraulain/NetBeansProjects/COT-MIS2/dist/run1905750060/lib/hibernate-c3p0-4.3.1.Final.jar
7f5cac107000-7f5cac11c000 r--s 000e1000 08:05 1856914                    /home/kraulain/NetBeansProjects/COT-MIS2/dist/run1905750060/lib/ehcache-core-2.4.3.jar
7f5cac11c000-7f5cac121000 r--s 00047000 08:05 1856912                    /home/kraulain/NetBeansProjects/COT-MIS2/dist/run1905750060/lib/dom4j-1.6.1.jar
7f5cac121000-7f5cac130000 r--s 00080000 08:05 1856924                    /home/kraulain/NetBeansProjects/COT-MIS2/dist/run1905750060/lib/mchange-commons-java-0.2.3.4.jar
7f5cac130000-7f5cac137000 r--s 00061000 08:05 1856911                    /home/kraulain/NetBeansProjects/COT-MIS2/dist/run1905750060/lib/c3p0-0.9.2.1.jar
7f5cac137000-7f5cac13c000 r--s 00066000 08:05 1856908                    /home/kraulain/NetBeansProjects/COT-MIS2/dist/run1905750060/lib/antlr-2.7.7.jar
7f5cac13c000-7f5cac147000 r--s 00000000 08:05 4849754                    /var/cache/fontconfig/945677eb7aeaf62f1d50efc3fb3ec7d8-le64.cache-4
7f5cac147000-7f5cac14d000 r--s 00000000 08:05 4849739                    /var/cache/fontconfig/2cd17615ca594fa2959ae173292e504c-le64.cache-4
7f5cac14d000-7f5cac14e000 r--s 00000000 08:05 4849736                    /var/cache/fontconfig/0d8c3b2ac0904cb8a57a757ad11a4a08-le64.cache-4
7f5cac14e000-7f5cac155000 r--s 00000000 08:05 4849758                    /var/cache/fontconfig/a755afe4a08bf5b97852ceb7400b47bc-le64.cache-4
7f5cac155000-7f5cac159000 r--s 00000000 08:05 4862139                    /var/cache/fontconfig/de156ccd2eddbdc19d37a45b8b2aac9c-le64.cache-4
7f5cac159000-7f5cac15a000 r--s 00000000 08:05 4849757                    /var/cache/fontconfig/a6354e3ac43af67bd8d7b8e43c34e49f-le64.cache-4
7f5cac15a000-7f5cac170000 r--s 00000000 08:05 4849734                    /var/cache/fontconfig/04aabc0a78ac019cf9454389977116d2-le64.cache-4
7f5cac170000-7f5cac171000 r--s 00000000 08:05 4849738                    /var/cache/fontconfig/1ac9eb803944fde146138c791f5cc56a-le64.cache-4
7f5cac171000-7f5cac175000 r--s 00000000 08:05 4849742                    /var/cache/fontconfig/385c0604a188198f04d133e54aba7fe7-le64.cache-4
7f5cac175000-7f5cac177000 r--s 00000000 08:05 4849751                    /var/cache/fontconfig/767a8244fc0220cfb567a839d0392e0b-le64.cache-4
7f5cac177000-7f5cac17c000 r--s 00000000 08:05 4849753                    /var/cache/fontconfig/8801497958630a81b71ace7c5f9b32a8-le64.cache-4
7f5cac17c000-7f5cac17f000 ---p 00000000 00:00 0 
7f5cac17f000-7f5cac27d000 rw-p 00000000 00:00 0                          [stack:11558]
7f5cac27d000-7f5cac280000 ---p 00000000 00:00 0 
7f5cac280000-7f5cac37e000 rw-p 00000000 00:00 0                          [stack:11557]
7f5cac37e000-7f5cac37f000 ---p 00000000 00:00 0 
7f5cac37f000-7f5cacb7f000 rw-p 00000000 00:00 0                          [stack:11554]
7f5cacb7f000-7f5cacb80000 ---p 00000000 00:00 0 
7f5cacb80000-7f5cad380000 rw-p 00000000 00:00 0                          [stack:11553]
7f5cad380000-7f5cad38b000 r-xp 00000000 08:05 5636574                    /usr/lib/x86_64-linux-gnu/gio/modules/libdconfsettings.so
7f5cad38b000-7f5cad58b000 ---p 0000b000 08:05 5636574                    /usr/lib/x86_64-linux-gnu/gio/modules/libdconfsettings.so
7f5cad58b000-7f5cad58c000 r--p 0000b000 08:05 5636574                    /usr/lib/x86_64-linux-gnu/gio/modules/libdconfsettings.so
7f5cad58c000-7f5cad58d000 rw-p 0000c000 08:05 5636574                    /usr/lib/x86_64-linux-gnu/gio/modules/libdconfsettings.so
7f5cad58d000-7f5cad594000 r-xp 00000000 08:05 5252813                    /usr/lib/x86_64-linux-gnu/libogg.so.0.8.2
7f5cad594000-7f5cad794000 ---p 00007000 08:05 5252813                    /usr/lib/x86_64-linux-gnu/libogg.so.0.8.2
7f5cad794000-7f5cad795000 r--p 00007000 08:05 5252813                    /usr/lib/x86_64-linux-gnu/libogg.so.0.8.2
7f5cad795000-7f5cad796000 rw-p 00008000 08:05 5252813                    /usr/lib/x86_64-linux-gnu/libogg.so.0.8.2
7f5cad796000-7f5cad7c1000 r-xp 00000000 08:05 5253133                    /usr/lib/x86_64-linux-gnu/libvorbis.so.0.4.7
7f5cad7c1000-7f5cad9c0000 ---p 0002b000 08:05 5253133                    /usr/lib/x86_64-linux-gnu/libvorbis.so.0.4.7
7f5cad9c0000-7f5cad9c1000 r--p 0002a000 08:05 5253133                    /usr/lib/x86_64-linux-gnu/libvorbis.so.0.4.7
7f5cad9c1000-7f5cad9c2000 rw-p 0002b000 08:05 5253133                    /usr/lib/x86_64-linux-gnu/libvorbis.so.0.4.7
7f5cad9c2000-7f5cad9cb000 r-xp 00000000 08:05 5252698                    /usr/lib/x86_64-linux-gnu/libltdl.so.7.3.0
7f5cad9cb000-7f5cadbca000 ---p 00009000 08:05 5252698                    /usr/lib/x86_64-linux-gnu/libltdl.so.7.3.0
7f5cadbca000-7f5cadbcb000 r--p 00008000 08:05 5252698                    /usr/lib/x86_64-linux-gnu/libltdl.so.7.3.0
7f5cadbcb000-7f5cadbcc000 rw-p 00009000 08:05 5252698                    /usr/lib/x86_64-linux-gnu/libltdl.so.7.3.0
7f5cadbcc000-7f5cadbe0000 r-xp 00000000 08:05 5253040                    /usr/lib/x86_64-linux-gnu/libtdb.so.1.3.5
7f5cadbe0000-7f5cadddf000 ---p 00014000 08:05 5253040                    /usr/lib/x86_64-linux-gnu/libtdb.so.1.3.5
7f5cadddf000-7f5cadde0000 r--p 00013000 08:05 5253040                    /usr/lib/x86_64-linux-gnu/libtdb.so.1.3.5
7f5cadde0000-7f5cadde1000 rw-p 00014000 08:05 5253040                    /usr/lib/x86_64-linux-gnu/libtdb.so.1.3.5
7f5cadde1000-7f5cadde8000 r-xp 00000000 08:05 5253137                    /usr/lib/x86_64-linux-gnu/libvorbisfile.so.3.3.6
7f5cadde8000-7f5cadfe8000 ---p 00007000 08:05 5253137                    /usr/lib/x86_64-linux-gnu/libvorbisfile.so.3.3.6
7f5cadfe8000-7f5cadfe9000 r--p 00007000 08:05 5253137                    /usr/lib/x86_64-linux-gnu/libvorbisfile.so.3.3.6
7f5cadfe9000-7f5cadfea000 rw-p 00008000 08:05 5253137                    /usr/lib/x86_64-linux-gnu/libvorbisfile.so.3.3.6
7f5cadfea000-7f5cadffa000 r-xp 00000000 08:05 5252207                    /usr/lib/x86_64-linux-gnu/libcanberra.so.0.2.5
7f5cadffa000-7f5cae1fa000 ---p 00010000 08:05 5252207                    /usr/lib/x86_64-linux-gnu/libcanberra.so.0.2.5
7f5cae1fa000-7f5cae1fb000 r--p 00010000 08:05 5252207                    /usr/lib/x86_64-linux-gnu/libcanberra.so.0.2.5
7f5cae1fb000-7f5cae1fc000 rw-p 00011000 08:05 5252207                    /usr/lib/x86_64-linux-gnu/libcanberra.so.0.2.5
7f5cae1fc000-7f5cae200000 r-xp 00000000 08:05 5252203                    /usr/lib/x86_64-linux-gnu/libcanberra-gtk.so.0.1.9
7f5cae200000-7f5cae3ff000 ---p 00004000 08:05 5252203                    /usr/lib/x86_64-linux-gnu/libcanberra-gtk.so.0.1.9
7f5cae3ff000-7f5cae400000 r--p 00003000 08:05 5252203                    /usr/lib/x86_64-linux-gnu/libcanberra-gtk.so.0.1.9
7f5cae400000-7f5cae401000 rw-p 00004000 08:05 5252203                    /usr/lib/x86_64-linux-gnu/libcanberra-gtk.so.0.1.9
7f5cae401000-7f5cae406000 r-xp 00000000 08:05 5636607                    /usr/lib/x86_64-linux-gnu/gtk-2.0/modules/libcanberra-gtk-module.so
7f5cae406000-7f5cae605000 ---p 00005000 08:05 5636607                    /usr/lib/x86_64-linux-gnu/gtk-2.0/modules/libcanberra-gtk-module.so
7f5cae605000-7f5cae606000 r--p 00004000 08:05 5636607                    /usr/lib/x86_64-linux-gnu/gtk-2.0/modules/libcanberra-gtk-module.so
7f5cae606000-7f5cae607000 rw-p 00005000 08:05 5636607                    /usr/lib/x86_64-linux-gnu/gtk-2.0/modules/libcanberra-gtk-module.so
7f5cae607000-7f5cae636000 r-xp 00000000 08:05 5636589                    /usr/lib/x86_64-linux-gnu/gtk-2.0/2.10.0/engines/libmurrine.so
7f5cae636000-7f5cae836000 ---p 0002f000 08:05 5636589                    /usr/lib/x86_64-linux-gnu/gtk-2.0/2.10.0/engines/libmurrine.so
7f5cae836000-7f5cae837000 r--p 0002f000 08:05 5636589                    /usr/lib/x86_64-linux-gnu/gtk-2.0/2.10.0/engines/libmurrine.so
7f5cae837000-7f5cae838000 rw-p 00030000 08:05 5636589                    /usr/lib/x86_64-linux-gnu/gtk-2.0/2.10.0/engines/libmurrine.so
7f5cae838000-7f5cae848000 r-xp 00000000 08:05 5253096                    /usr/lib/x86_64-linux-gnu/libunity-gtk2-parser.so.0.0.0
7f5cae848000-7f5caea48000 ---p 00010000 08:05 5253096                    /usr/lib/x86_64-linux-gnu/libunity-gtk2-parser.so.0.0.0
7f5caea48000-7f5caea49000 r--p 00010000 08:05 5253096                    /usr/lib/x86_64-linux-gnu/libunity-gtk2-parser.so.0.0.0
7f5caea49000-7f5caea4a000 rw-p 00011000 08:05 5253096                    /usr/lib/x86_64-linux-gnu/libunity-gtk2-parser.so.0.0.0
7f5caea4a000-7f5caea4f000 r-xp 00000000 08:05 5636611                    /usr/lib/x86_64-linux-gnu/gtk-2.0/modules/libunity-gtk-module.so
7f5caea4f000-7f5caec4e000 ---p 00005000 08:05 5636611                    /usr/lib/x86_64-linux-gnu/gtk-2.0/modules/libunity-gtk-module.so
7f5caec4e000-7f5caec4f000 r--p 00004000 08:05 5636611                    /usr/lib/x86_64-linux-gnu/gtk-2.0/modules/libunity-gtk-module.so
7f5caec4f000-7f5caec50000 rw-p 00005000 08:05 5636611                    /usr/lib/x86_64-linux-gnu/gtk-2.0/modules/libunity-gtk-module.so
7f5caec50000-7f5caec61000 r-xp 00000000 08:05 5636610                    /usr/lib/x86_64-linux-gnu/gtk-2.0/modules/liboverlay-scrollbar.so
7f5caec61000-7f5caee61000 ---p 00011000 08:05 5636610                    /usr/lib/x86_64-linux-gnu/gtk-2.0/modules/liboverlay-scrollbar.so
7f5caee61000-7f5caee62000 r--p 00011000 08:05 5636610                    /usr/lib/x86_64-linux-gnu/gtk-2.0/modules/liboverlay-scrollbar.so
7f5caee62000-7f5caee63000 rw-p 00012000 08:05 5636610                    /usr/lib/x86_64-linux-gnu/gtk-2.0/modules/liboverlay-scrollbar.so
7f5caee63000-7f5caee8c000 r-xp 00000000 08:05 5780952                    /usr/lib/jvm/java-8-oracle/jre/lib/amd64/libglass.so
7f5caee8c000-7f5caf08b000 ---p 00029000 08:05 5780952                    /usr/lib/jvm/java-8-oracle/jre/lib/amd64/libglass.so
7f5caf08b000-7f5caf08e000 rw-p 00028000 08:05 5780952                    /usr/lib/jvm/java-8-oracle/jre/lib/amd64/libglass.so
7f5caf08e000-7f5caf0c5000 r-xp 00000000 08:05 5253079                    /usr/lib/x86_64-linux-gnu/libtxc_dxtn_s2tc.so.0.0.0
7f5caf0c5000-7f5caf2c4000 ---p 00037000 08:05 5253079                    /usr/lib/x86_64-linux-gnu/libtxc_dxtn_s2tc.so.0.0.0
7f5caf2c4000-7f5caf2c5000 r--p 00036000 08:05 5253079                    /usr/lib/x86_64-linux-gnu/libtxc_dxtn_s2tc.so.0.0.0
7f5caf2c5000-7f5caf2c6000 rw-p 00037000 08:05 5253079                    /usr/lib/x86_64-linux-gnu/libtxc_dxtn_s2tc.so.0.0.0
7f5caf2c6000-7f5caf2ce000 r-xp 00000000 08:05 5252843                    /usr/lib/x86_64-linux-gnu/libpciaccess.so.0.11.1
7f5caf2ce000-7f5caf4ce000 ---p 00008000 08:05 5252843                    /usr/lib/x86_64-linux-gnu/libpciaccess.so.0.11.1
7f5caf4ce000-7f5caf4cf000 r--p 00008000 08:05 5252843                    /usr/lib/x86_64-linux-gnu/libpciaccess.so.0.11.1
7f5caf4cf000-7f5caf4d0000 rw-p 00009000 08:05 5252843                    /usr/lib/x86_64-linux-gnu/libpciaccess.so.0.11.1
7f5caf4d0000-7f5caf4db000 r-xp 00000000 08:05 5252333                    /usr/lib/x86_64-linux-gnu/libdrm_radeon.so.1.0.1
7f5caf4db000-7f5caf6da000 ---p 0000b000 08:05 5252333                    /usr/lib/x86_64-linux-gnu/libdrm_radeon.so.1.0.1
7f5caf6da000-7f5caf6db000 r--p 0000a000 08:05 5252333                    /usr/lib/x86_64-linux-gnu/libdrm_radeon.so.1.0.1
7f5caf6db000-7f5caf6dc000 rw-p 0000b000 08:05 5252333                    /usr/lib/x86_64-linux-gnu/libdrm_radeon.so.1.0.1
7f5caf6dc000-7f5caf6e2000 r-xp 00000000 08:05 5252331                    /usr/lib/x86_64-linux-gnu/libdrm_nouveau.so.2.0.0
7f5caf6e2000-7f5caf8e1000 ---p 00006000 08:05 5252331                    /usr/lib/x86_64-linux-gnu/libdrm_nouveau.so.2.0.0
7f5caf8e1000-7f5caf8e2000 r--p 00005000 08:05 5252331                    /usr/lib/x86_64-linux-gnu/libdrm_nouveau.so.2.0.0
7f5caf8e2000-7f5caf8e3000 rw-p 00006000 08:05 5252331                    /usr/lib/x86_64-linux-gnu/libdrm_nouveau.so.2.0.0
7f5caf8e3000-7f5caf903000 r-xp 00000000 08:05 5252329                    /usr/lib/x86_64-linux-gnu/libdrm_intel.so.1.0.0
7f5caf903000-7f5cafb02000 ---p 00020000 08:05 5252329                    /usr/lib/x86_64-linux-gnu/libdrm_intel.so.1.0.0
7f5cafb02000-7f5cafb03000 r--p 0001f000 08:05 5252329                    /usr/lib/x86_64-linux-gnu/libdrm_intel.so.1.0.0
7f5cafb03000-7f5cafb04000 rw-p 00020000 08:05 5252329                    /usr/lib/x86_64-linux-gnu/libdrm_intel.so.1.0.0
7f5cafb04000-7f5cb00b6000 r-xp 00000000 08:05 5508073                    /usr/lib/x86_64-linux-gnu/dri/i965_dri.so
7f5cb00b6000-7f5cb02b5000 ---p 005b2000 08:05 5508073                    /usr/lib/x86_64-linux-gnu/dri/i965_dri.so
7f5cb02b5000-7f5cb02e2000 r--p 005b1000 08:05 5508073                    /usr/lib/x86_64-linux-gnu/dri/i965_dri.so
7f5cb02e2000-7f5cb02e8000 rw-p 005de000 08:05 5508073                    /usr/lib/x86_64-linux-gnu/dri/i965_dri.so
7f5cb02e8000-7f5cb02f0000 rw-p 00000000 00:00 0 
7f5cb02f0000-7f5cb02f6000 r-xp 00000000 08:05 5252282                    /usr/lib/x86_64-linux-gnu/libdatrie.so.1.3.2
7f5cb02f6000-7f5cb04f5000 ---p 00006000 08:05 5252282                    /usr/lib/x86_64-linux-gnu/libdatrie.so.1.3.2
7f5cb04f5000-7f5cb04f6000 r--p 00005000 08:05 5252282                    /usr/lib/x86_64-linux-gnu/libdatrie.so.1.3.2
7f5cb04f6000-7f5cb04f7000 rw-p 00006000 08:05 5252282                    /usr/lib/x86_64-linux-gnu/libdatrie.so.1.3.2
7f5cb04f7000-7f5cb04fc000 r-xp 00000000 08:05 5252065                    /usr/lib/x86_64-linux-gnu/libXdmcp.so.6.0.0
7f5cb04fc000-7f5cb06fb000 ---p 00005000 08:05 5252065                    /usr/lib/x86_64-linux-gnu/libXdmcp.so.6.0.0
7f5cb06fb000-7f5cb06fc000 r--p 00004000 08:05 5252065                    /usr/lib/x86_64-linux-gnu/libXdmcp.so.6.0.0
7f5cb06fc000-7f5cb06fd000 rw-p 00005000 08:05 5252065                    /usr/lib/x86_64-linux-gnu/libXdmcp.so.6.0.0
7f5cb06fd000-7f5cb06ff000 r-xp 00000000 08:05 5252054                    /usr/lib/x86_64-linux-gnu/libXau.so.6.0.0
7f5cb06ff000-7f5cb08ff000 ---p 00002000 08:05 5252054                    /usr/lib/x86_64-linux-gnu/libXau.so.6.0.0
7f5cb08ff000-7f5cb0900000 r--p 00002000 08:05 5252054                    /usr/lib/x86_64-linux-gnu/libXau.so.6.0.0
7f5cb0900000-7f5cb0901000 rw-p 00003000 08:05 5252054                    /usr/lib/x86_64-linux-gnu/libXau.so.6.0.0
7f5cb0901000-7f5cb091a000 r-xp 00000000 08:05 5248584                    /usr/lib/x86_64-linux-gnu/libgraphite2.so.3.0.1
7f5cb091a000-7f5cb0b19000 ---p 00019000 08:05 5248584                    /usr/lib/x86_64-linux-gnu/libgraphite2.so.3.0.1
7f5cb0b19000-7f5cb0b1b000 r--p 00018000 08:05 5248584                    /usr/lib/x86_64-linux-gnu/libgraphite2.so.3.0.1
7f5cb0b1b000-7f5cb0b1c000 rw-p 0001a000 08:05 5248584                    /usr/lib/x86_64-linux-gnu/libgraphite2.so.3.0.1
7f5cb0b1c000-7f5cb0b29000 r-xp 00000000 08:05 5252325                    /usr/lib/x86_64-linux-gnu/libdrm.so.2.4.0
7f5cb0b29000-7f5cb0d28000 ---p 0000d000 08:05 5252325                    /usr/lib/x86_64-linux-gnu/libdrm.so.2.4.0
7f5cb0d28000-7f5cb0d29000 r--p 0000c000 08:05 5252325                    /usr/lib/x86_64-linux-gnu/libdrm.so.2.4.0
7f5cb0d29000-7f5cb0d2a000 rw-p 0000d000 08:05 5252325                    /usr/lib/x86_64-linux-gnu/libdrm.so.2.4.0
7f5cb0d2a000-7f5cb0d2b000 r-xp 00000000 08:05 5253258                    /usr/lib/x86_64-linux-gnu/libxshmfence.so.1.0.0
7f5cb0d2b000-7f5cb0f2b000 ---p 00001000 08:05 5253258                    /usr/lib/x86_64-linux-gnu/libxshmfence.so.1.0.0
7f5cb0f2b000-7f5cb0f2c000 r--p 00001000 08:05 5253258                    /usr/lib/x86_64-linux-gnu/libxshmfence.so.1.0.0
7f5cb0f2c000-7f5cb0f2d000 rw-p 00002000 08:05 5253258                    /usr/lib/x86_64-linux-gnu/libxshmfence.so.1.0.0
7f5cb0f2d000-7f5cb0f32000 r-xp 00000000 08:05 5253240                    /usr/lib/x86_64-linux-gnu/libxcb-sync.so.1.0.0
7f5cb0f32000-7f5cb1132000 ---p 00005000 08:05 5253240                    /usr/lib/x86_64-linux-gnu/libxcb-sync.so.1.0.0
7f5cb1132000-7f5cb1133000 r--p 00005000 08:05 5253240                    /usr/lib/x86_64-linux-gnu/libxcb-sync.so.1.0.0
7f5cb1133000-7f5cb1134000 rw-p 00006000 08:05 5253240                    /usr/lib/x86_64-linux-gnu/libxcb-sync.so.1.0.0
7f5cb1134000-7f5cb1136000 r-xp 00000000 08:05 5253228                    /usr/lib/x86_64-linux-gnu/libxcb-present.so.0.0.0
7f5cb1136000-7f5cb1335000 ---p 00002000 08:05 5253228                    /usr/lib/x86_64-linux-gnu/libxcb-present.so.0.0.0
7f5cb1335000-7f5cb1336000 r--p 00001000 08:05 5253228                    /usr/lib/x86_64-linux-gnu/libxcb-present.so.0.0.0
7f5cb1336000-7f5cb1337000 rw-p 00002000 08:05 5253228                    /usr/lib/x86_64-linux-gnu/libxcb-present.so.0.0.0
7f5cb1337000-7f5cb1339000 r-xp 00000000 08:05 5253218                    /usr/lib/x86_64-linux-gnu/libxcb-dri3.so.0.0.0
7f5cb1339000-7f5cb1538000 ---p 00002000 08:05 5253218                    /usr/lib/x86_64-linux-gnu/libxcb-dri3.so.0.0.0
7f5cb1538000-7f5cb1539000 r--p 00001000 08:05 5253218                    /usr/lib/x86_64-linux-gnu/libxcb-dri3.so.0.0.0
7f5cb1539000-7f5cb153a000 rw-p 00002000 08:05 5253218                    /usr/lib/x86_64-linux-gnu/libxcb-dri3.so.0.0.0
7f5cb153a000-7f5cb153e000 r-xp 00000000 08:05 5253216                    /usr/lib/x86_64-linux-gnu/libxcb-dri2.so.0.0.0
7f5cb153e000-7f5cb173d000 ---p 00004000 08:05 5253216                    /usr/lib/x86_64-linux-gnu/libxcb-dri2.so.0.0.0
7f5cb173d000-7f5cb173e000 r--p 00003000 08:05 5253216                    /usr/lib/x86_64-linux-gnu/libxcb-dri2.so.0.0.0
7f5cb173e000-7f5cb173f000 rw-p 00004000 08:05 5253216                    /usr/lib/x86_64-linux-gnu/libxcb-dri2.so.0.0.0
7f5cb173f000-7f5cb1756000 r-xp 00000000 08:05 5253220                    /usr/lib/x86_64-linux-gnu/libxcb-glx.so.0.0.0
7f5cb1756000-7f5cb1955000 ---p 00017000 08:05 5253220                    /usr/lib/x86_64-linux-gnu/libxcb-glx.so.0.0.0
7f5cb1955000-7f5cb1957000 r--p 00016000 08:05 5253220                    /usr/lib/x86_64-linux-gnu/libxcb-glx.so.0.0.0
7f5cb1957000-7f5cb1958000 rw-p 00018000 08:05 5253220                    /usr/lib/x86_64-linux-gnu/libxcb-glx.so.0.0.0
7f5cb1958000-7f5cb1959000 r-xp 00000000 08:05 5252048                    /usr/lib/x86_64-linux-gnu/libX11-xcb.so.1.0.0
7f5cb1959000-7f5cb1b58000 ---p 00001000 08:05 5252048                    /usr/lib/x86_64-linux-gnu/libX11-xcb.so.1.0.0
7f5cb1b58000-7f5cb1b59000 r--p 00000000 08:05 5252048                    /usr/lib/x86_64-linux-gnu/libX11-xcb.so.1.0.0
7f5cb1b59000-7f5cb1b5a000 rw-p 00001000 08:05 5252048                    /usr/lib/x86_64-linux-gnu/libX11-xcb.so.1.0.0
7f5cb1b5a000-7f5cb1b83000 r-xp 00000000 08:05 5252484                    /usr/lib/x86_64-linux-gnu/libglapi.so.0.0.0
7f5cb1b83000-7f5cb1d82000 ---p 00029000 08:05 5252484                    /usr/lib/x86_64-linux-gnu/libglapi.so.0.0.0
7f5cb1d82000-7f5cb1d86000 r--p 00028000 08:05 5252484                    /usr/lib/x86_64-linux-gnu/libglapi.so.0.0.0
7f5cb1d86000-7f5cb1d87000 rw-p 0002c000 08:05 5252484                    /usr/lib/x86_64-linux-gnu/libglapi.so.0.0.0
7f5cb1d87000-7f5cb1d88000 rw-p 00000000 00:00 0 
7f5cb1d88000-7f5cb1df4000 r-xp 00000000 08:05 2101774                    /lib/x86_64-linux-gnu/libpcre.so.3.13.1
7f5cb1df4000-7f5cb1ff3000 ---p 0006c000 08:05 2101774                    /lib/x86_64-linux-gnu/libpcre.so.3.13.1
7f5cb1ff3000-7f5cb1ff4000 r--p 0006b000 08:05 2101774                    /lib/x86_64-linux-gnu/libpcre.so.3.13.1
7f5cb1ff4000-7f5cb1ff5000 rw-p 0006c000 08:05 2101774                    /lib/x86_64-linux-gnu/libpcre.so.3.13.1
7f5cb1ff5000-7f5cb1ffc000 r-xp 00000000 08:05 5252373                    /usr/lib/x86_64-linux-gnu/libffi.so.6.0.4
7f5cb1ffc000-7f5cb21fb000 ---p 00007000 08:05 5252373                    /usr/lib/x86_64-linux-gnu/libffi.so.6.0.4
7f5cb21fb000-7f5cb21fc000 r--p 00006000 08:05 5252373                    /usr/lib/x86_64-linux-gnu/libffi.so.6.0.4
7f5cb21fc000-7f5cb21fd000 rw-p 00007000 08:05 5252373                    /usr/lib/x86_64-linux-gnu/libffi.so.6.0.4
7f5cb21fd000-7f5cb2223000 r-xp 00000000 08:05 2101681                    /lib/x86_64-linux-gnu/libexpat.so.1.6.0
7f5cb2223000-7f5cb2423000 ---p 00026000 08:05 2101681                    /lib/x86_64-linux-gnu/libexpat.so.1.6.0
7f5cb2423000-7f5cb2425000 r--p 00026000 08:05 2101681                    /lib/x86_64-linux-gnu/libexpat.so.1.6.0
7f5cb2425000-7f5cb2426000 rw-p 00028000 08:05 2101681                    /lib/x86_64-linux-gnu/libexpat.so.1.6.0
7f5cb2426000-7f5cb242e000 r-xp 00000000 08:05 5253052                    /usr/lib/x86_64-linux-gnu/libthai.so.0.2.2
7f5cb242e000-7f5cb262d000 ---p 00008000 08:05 5253052                    /usr/lib/x86_64-linux-gnu/libthai.so.0.2.2
7f5cb262d000-7f5cb262e000 r--p 00007000 08:05 5253052                    /usr/lib/x86_64-linux-gnu/libthai.so.0.2.2
7f5cb262e000-7f5cb262f000 rw-p 00008000 08:05 5253052                    /usr/lib/x86_64-linux-gnu/libthai.so.0.2.2
7f5cb262f000-7f5cb264f000 r-xp 00000000 08:05 5253248                    /usr/lib/x86_64-linux-gnu/libxcb.so.1.1.0
7f5cb264f000-7f5cb284e000 ---p 00020000 08:05 5253248                    /usr/lib/x86_64-linux-gnu/libxcb.so.1.1.0
7f5cb284e000-7f5cb284f000 r--p 0001f000 08:05 5253248                    /usr/lib/x86_64-linux-gnu/libxcb.so.1.1.0
7f5cb284f000-7f5cb2850000 rw-p 00020000 08:05 5253248                    /usr/lib/x86_64-linux-gnu/libxcb.so.1.1.0
7f5cb2850000-7f5cb2858000 r-xp 00000000 08:05 5253234                    /usr/lib/x86_64-linux-gnu/libxcb-render.so.0.0.0
7f5cb2858000-7f5cb2a58000 ---p 00008000 08:05 5253234                    /usr/lib/x86_64-linux-gnu/libxcb-render.so.0.0.0
7f5cb2a58000-7f5cb2a59000 r--p 00008000 08:05 5253234                    /usr/lib/x86_64-linux-gnu/libxcb-render.so.0.0.0
7f5cb2a59000-7f5cb2a5a000 rw-p 00009000 08:05 5253234                    /usr/lib/x86_64-linux-gnu/libxcb-render.so.0.0.0
7f5cb2a5a000-7f5cb2a5c000 r-xp 00000000 08:05 5253238                    /usr/lib/x86_64-linux-gnu/libxcb-shm.so.0.0.0
7f5cb2a5c000-7f5cb2c5c000 ---p 00002000 08:05 5253238                    /usr/lib/x86_64-linux-gnu/libxcb-shm.so.0.0.0
7f5cb2c5c000-7f5cb2c5d000 r--p 00002000 08:05 5253238                    /usr/lib/x86_64-linux-gnu/libxcb-shm.so.0.0.0
7f5cb2c5d000-7f5cb2c5e000 rw-p 00003000 08:05 5253238                    /usr/lib/x86_64-linux-gnu/libxcb-shm.so.0.0.0
7f5cb2c5e000-7f5cb2c83000 r-xp 00000000 08:05 2106866                    /lib/x86_64-linux-gnu/libpng12.so.0.51.0
7f5cb2c83000-7f5cb2e82000 ---p 00025000 08:05 2106866                    /lib/x86_64-linux-gnu/libpng12.so.0.51.0
7f5cb2e82000-7f5cb2e83000 r--p 00024000 08:05 2106866                    /lib/x86_64-linux-gnu/libpng12.so.0.51.0
7f5cb2e83000-7f5cb2e84000 rw-p 00025000 08:05 2106866                    /lib/x86_64-linux-gnu/libpng12.so.0.51.0
7f5cb2e84000-7f5cb2f29000 r-xp 00000000 08:05 5252854                    /usr/lib/x86_64-linux-gnu/libpixman-1.so.0.32.6
7f5cb2f29000-7f5cb3128000 ---p 000a5000 08:05 5252854                    /usr/lib/x86_64-linux-gnu/libpixman-1.so.0.32.6
7f5cb3128000-7f5cb3130000 r--p 000a4000 08:05 5252854                    /usr/lib/x86_64-linux-gnu/libpixman-1.so.0.32.6
7f5cb3130000-7f5cb3131000 rw-p 000ac000 08:05 5252854                    /usr/lib/x86_64-linux-gnu/libpixman-1.so.0.32.6
7f5cb3131000-7f5cb318d000 r-xp 00000000 08:05 5252608                    /usr/lib/x86_64-linux-gnu/libharfbuzz.so.0.10000.1
7f5cb318d000-7f5cb338d000 ---p 0005c000 08:05 5252608                    /usr/lib/x86_64-linux-gnu/libharfbuzz.so.0.10000.1
7f5cb338d000-7f5cb338e000 r--p 0005c000 08:05 5252608                    /usr/lib/x86_64-linux-gnu/libharfbuzz.so.0.10000.1
7f5cb338e000-7f5cb338f000 rw-p 0005d000 08:05 5252608                    /usr/lib/x86_64-linux-gnu/libharfbuzz.so.0.10000.1
7f5cb338f000-7f5cb33a6000 r-xp 00000000 08:05 2103968                    /lib/x86_64-linux-gnu/libresolv-2.21.so
7f5cb33a6000-7f5cb35a6000 ---p 00017000 08:05 2103968                    /lib/x86_64-linux-gnu/libresolv-2.21.so
7f5cb35a6000-7f5cb35a7000 r--p 00017000 08:05 2103968                    /lib/x86_64-linux-gnu/libresolv-2.21.so
7f5cb35a7000-7f5cb35a8000 rw-p 00018000 08:05 2103968                    /lib/x86_64-linux-gnu/libresolv-2.21.so
7f5cb35a8000-7f5cb35aa000 rw-p 00000000 00:00 0 
7f5cb35aa000-7f5cb35cb000 r-xp 00000000 08:05 2101803                    /lib/x86_64-linux-gnu/libselinux.so.1
7f5cb35cb000-7f5cb37ca000 ---p 00021000 08:05 2101803                    /lib/x86_64-linux-gnu/libselinux.so.1
7f5cb37ca000-7f5cb37cb000 r--p 00020000 08:05 2101803                    /lib/x86_64-linux-gnu/libselinux.so.1
7f5cb37cb000-7f5cb37cc000 rw-p 00021000 08:05 2101803                    /lib/x86_64-linux-gnu/libselinux.so.1
7f5cb37cc000-7f5cb37ce000 rw-p 00000000 00:00 0 
7f5cb37ce000-7f5cb37e7000 r-xp 00000000 08:05 2101834                    /lib/x86_64-linux-gnu/libz.so.1.2.8
7f5cb37e7000-7f5cb39e6000 ---p 00019000 08:05 2101834                    /lib/x86_64-linux-gnu/libz.so.1.2.8
7f5cb39e6000-7f5cb39e7000 r--p 00018000 08:05 2101834                    /lib/x86_64-linux-gnu/libz.so.1.2.8
7f5cb39e7000-7f5cb39e8000 rw-p 00019000 08:05 2101834                    /lib/x86_64-linux-gnu/libz.so.1.2.8
7f5cb39e8000-7f5cb39f9000 r-xp 00000000 08:05 5252067                    /usr/lib/x86_64-linux-gnu/libXext.so.6.4.0
7f5cb39f9000-7f5cb3bf8000 ---p 00011000 08:05 5252067                    /usr/lib/x86_64-linux-gnu/libXext.so.6.4.0
7f5cb3bf8000-7f5cb3bf9000 r--p 00010000 08:05 5252067                    /usr/lib/x86_64-linux-gnu/libXext.so.6.4.0
7f5cb3bf9000-7f5cb3bfa000 rw-p 00011000 08:05 5252067                    /usr/lib/x86_64-linux-gnu/libXext.so.6.4.0
7f5cb3bfa000-7f5cb3bfc000 r-xp 00000000 08:05 5252063                    /usr/lib/x86_64-linux-gnu/libXdamage.so.1.1.0
7f5cb3bfc000-7f5cb3dfb000 ---p 00002000 08:05 5252063                    /usr/lib/x86_64-linux-gnu/libXdamage.so.1.1.0
7f5cb3dfb000-7f5cb3dfc000 r--p 00001000 08:05 5252063                    /usr/lib/x86_64-linux-gnu/libXdamage.so.1.1.0
7f5cb3dfc000-7f5cb3dfd000 rw-p 00002000 08:05 5252063                    /usr/lib/x86_64-linux-gnu/libXdamage.so.1.1.0
7f5cb3dfd000-7f5cb3dff000 r-xp 00000000 08:05 5252059                    /usr/lib/x86_64-linux-gnu/libXcomposite.so.1.0.0
7f5cb3dff000-7f5cb3ffe000 ---p 00002000 08:05 5252059                    /usr/lib/x86_64-linux-gnu/libXcomposite.so.1.0.0
7f5cb3ffe000-7f5cb3fff000 r--p 00001000 08:05 5252059                    /usr/lib/x86_64-linux-gnu/libXcomposite.so.1.0.0
7f5cb3fff000-7f5cb4000000 rw-p 00002000 08:05 5252059                    /usr/lib/x86_64-linux-gnu/libXcomposite.so.1.0.0
7f5cb4000000-7f5cb4021000 rw-p 00000000 00:00 0 
7f5cb4021000-7f5cb8000000 ---p 00000000 00:00 0 
7f5cb8000000-7f5cb9dba000 rw-p 00000000 00:00 0 
7f5cb9dba000-7f5cbc000000 ---p 00000000 00:00 0 
7f5cbc000000-7f5cbc5ff000 rw-p 00000000 00:00 0 
7f5cbc5ff000-7f5cc0000000 ---p 00000000 00:00 0 
7f5cc0000000-7f5cc0021000 rw-p 00000000 00:00 0 
7f5cc0021000-7f5cc4000000 ---p 00000000 00:00 0 
7f5cc4000000-7f5cc4987000 rw-p 00000000 00:00 0 
7f5cc4987000-7f5cc8000000 ---p 00000000 00:00 0 
7f5cc8000000-7f5cc8999000 rw-p 00000000 00:00 0 
7f5cc8999000-7f5ccc000000 ---p 00000000 00:00 0 
7f5ccc000000-7f5ccc021000 rw-p 00000000 00:00 0 
7f5ccc021000-7f5cd0000000 ---p 00000000 00:00 0 
7f5cd0000000-7f5cd0021000 rw-p 00000000 00:00 0 
7f5cd0021000-7f5cd4000000 ---p 00000000 00:00 0 
7f5cd4000000-7f5cd4021000 rw-p 00000000 00:00 0 
7f5cd4021000-7f5cd8000000 ---p 00000000 00:00 0 
7f5cd8000000-7f5cd8021000 rw-p 00000000 00:00 0 
7f5cd8021000-7f5cdc000000 ---p 00000000 00:00 0 
7f5cdc000000-7f5cdc021000 rw-p 00000000 00:00 0 
7f5cdc021000-7f5ce0000000 ---p 00000000 00:00 0 
7f5ce0000000-7f5ce0021000 rw-p 00000000 00:00 0 
7f5ce0021000-7f5ce4000000 ---p 00000000 00:00 0 
7f5ce4000000-7f5ce4021000 rw-p 00000000 00:00 0 
7f5ce4021000-7f5ce8000000 ---p 00000000 00:00 0 
7f5ce8000000-7f5ce8001000 r--s 00000000 08:05 4849768                    /var/cache/fontconfig/dc05db6664285cc2f12bf69c139ae4c3-le64.cache-4
7f5ce8001000-7f5ce803c000 r--s 00000000 08:05 4859834                    /var/cache/fontconfig/365b55f210c0a22e9a19e35191240f32-le64.cache-4
7f5ce803c000-7f5ce8043000 r--s 00000000 08:05 4849740                    /var/cache/fontconfig/3047814df9a2f067bd2d96a2b9c36e5a-le64.cache-4
7f5ce8043000-7f5ce8049000 r--s 00000000 08:05 4849759                    /var/cache/fontconfig/b47c4e1ecd0709278f4910c18777a504-le64.cache-4
7f5ce8049000-7f5ce805c000 r--s 00000000 08:05 4849765                    /var/cache/fontconfig/d52a8644073d54c13679302ca1180695-le64.cache-4
7f5ce805c000-7f5ce8066000 r--s 00000000 08:05 4849743                    /var/cache/fontconfig/3f7329c5293ffd510edef78f73874cfd-le64.cache-4
7f5ce8066000-7f5ce8071000 r--s 00000000 08:05 4859832                    /var/cache/fontconfig/d589a48862398ed80a3d6066f4f56f4c-le64.cache-4
7f5ce8071000-7f5ce807c000 r--s 00000000 08:05 4859105                    /var/cache/fontconfig/83bf95040141907cd45bb53cf7c1c148-le64.cache-4
7f5ce807c000-7f5ce8085000 r--s 00000000 08:05 4861630                    /var/cache/fontconfig/d0972c3d32f097851eb916381fc38920-le64.cache-4
7f5ce8085000-7f5ce8092000 r--s 00000000 08:05 4849864                    /var/cache/fontconfig/e13b20fdb08344e0e664864cc2ede53d-le64.cache-4
7f5ce8092000-7f5ce809b000 r-xp 00000000 08:05 5252061                    /usr/lib/x86_64-linux-gnu/libXcursor.so.1.0.2
7f5ce809b000-7f5ce829a000 ---p 00009000 08:05 5252061                    /usr/lib/x86_64-linux-gnu/libXcursor.so.1.0.2
7f5ce829a000-7f5ce829b000 r--p 00008000 08:05 5252061                    /usr/lib/x86_64-linux-gnu/libXcursor.so.1.0.2
7f5ce829b000-7f5ce829c000 rw-p 00009000 08:05 5252061                    /usr/lib/x86_64-linux-gnu/libXcursor.so.1.0.2
7f5ce829c000-7f5ce82a6000 r-xp 00000000 08:05 5252085                    /usr/lib/x86_64-linux-gnu/libXrandr.so.2.2.0
7f5ce82a6000-7f5ce84a5000 ---p 0000a000 08:05 5252085                    /usr/lib/x86_64-linux-gnu/libXrandr.so.2.2.0
7f5ce84a5000-7f5ce84a6000 r--p 00009000 08:05 5252085                    /usr/lib/x86_64-linux-gnu/libXrandr.so.2.2.0
7f5ce84a6000-7f5ce84a7000 rw-p 0000a000 08:05 5252085                    /usr/lib/x86_64-linux-gnu/libXrandr.so.2.2.0
7f5ce84a7000-7f5ce84b6000 r-xp 00000000 08:05 5252075                    /usr/lib/x86_64-linux-gnu/libXi.so.6.1.0
7f5ce84b6000-7f5ce86b5000 ---p 0000f000 08:05 5252075                    /usr/lib/x86_64-linux-gnu/libXi.so.6.1.0
7f5ce86b5000-7f5ce86b6000 r--p 0000e000 08:05 5252075                    /usr/lib/x86_64-linux-gnu/libXi.so.6.1.0
7f5ce86b6000-7f5ce86b7000 rw-p 0000f000 08:05 5252075                    /usr/lib/x86_64-linux-gnu/libXi.so.6.1.0
7f5ce86b7000-7f5ce86b9000 r-xp 00000000 08:05 5252077                    /usr/lib/x86_64-linux-gnu/libXinerama.so.1.0.0
7f5ce86b9000-7f5ce88b8000 ---p 00002000 08:05 5252077                    /usr/lib/x86_64-linux-gnu/libXinerama.so.1.0.0
7f5ce88b8000-7f5ce88b9000 r--p 00001000 08:05 5252077                    /usr/lib/x86_64-linux-gnu/libXinerama.so.1.0.0
7f5ce88b9000-7f5ce88ba000 rw-p 00002000 08:05 5252077                    /usr/lib/x86_64-linux-gnu/libXinerama.so.1.0.0
7f5ce88ba000-7f5ce88c3000 r-xp 00000000 08:05 5252087                    /usr/lib/x86_64-linux-gnu/libXrender.so.1.3.0
7f5ce88c3000-7f5ce8ac2000 ---p 00009000 08:05 5252087                    /usr/lib/x86_64-linux-gnu/libXrender.so.1.3.0
7f5ce8ac2000-7f5ce8ac3000 r--p 00008000 08:05 5252087                    /usr/lib/x86_64-linux-gnu/libXrender.so.1.3.0
7f5ce8ac3000-7f5ce8ac4000 rw-p 00009000 08:05 5252087                    /usr/lib/x86_64-linux-gnu/libXrender.so.1.3.0
7f5ce8ac4000-7f5ce8ac9000 r-xp 00000000 08:05 5252069                    /usr/lib/x86_64-linux-gnu/libXfixes.so.3.1.0
7f5ce8ac9000-7f5ce8cc8000 ---p 00005000 08:05 5252069                    /usr/lib/x86_64-linux-gnu/libXfixes.so.3.1.0
7f5ce8cc8000-7f5ce8cc9000 r--p 00004000 08:05 5252069                    /usr/lib/x86_64-linux-gnu/libXfixes.so.3.1.0
7f5ce8cc9000-7f5ce8cca000 rw-p 00005000 08:05 5252069                    /usr/lib/x86_64-linux-gnu/libXfixes.so.3.1.0
7f5ce8cca000-7f5ce8ce0000 r-xp 00000000 08:05 2101688                    /lib/x86_64-linux-gnu/libgcc_s.so.1
7f5ce8ce0000-7f5ce8edf000 ---p 00016000 08:05 2101688                    /lib/x86_64-linux-gnu/libgcc_s.so.1
7f5ce8edf000-7f5ce8ee0000 r--p 00015000 08:05 2101688                    /lib/x86_64-linux-gnu/libgcc_s.so.1
7f5ce8ee0000-7f5ce8ee1000 rw-p 00016000 08:05 2101688                    /lib/x86_64-linux-gnu/libgcc_s.so.1
7f5ce8ee1000-7f5ce9054000 r-xp 00000000 08:05 5253030                    /usr/lib/x86_64-linux-gnu/libstdc++.so.6.0.21
7f5ce9054000-7f5ce9253000 ---p 00173000 08:05 5253030                    /usr/lib/x86_64-linux-gnu/libstdc++.so.6.0.21
7f5ce9253000-7f5ce925d000 r--p 00172000 08:05 5253030                    /usr/lib/x86_64-linux-gnu/libstdc++.so.6.0.21
7f5ce925d000-7f5ce925f000 rw-p 0017c000 08:05 5253030                    /usr/lib/x86_64-linux-gnu/libstdc++.so.6.0.21
7f5ce925f000-7f5ce9263000 rw-p 00000000 00:00 0 
7f5ce9263000-7f5ce92f7000 r-xp 00000000 08:05 5637098                    /usr/lib/x86_64-linux-gnu/mesa/libGL.so.1.2.0
7f5ce92f7000-7f5ce94f6000 ---p 00094000 08:05 5637098                    /usr/lib/x86_64-linux-gnu/mesa/libGL.so.1.2.0
7f5ce94f6000-7f5ce94f9000 r--p 00093000 08:05 5637098                    /usr/lib/x86_64-linux-gnu/mesa/libGL.so.1.2.0
7f5ce94f9000-7f5ce94fa000 rw-p 00096000 08:05 5637098                    /usr/lib/x86_64-linux-gnu/mesa/libGL.so.1.2.0
7f5ce94fa000-7f5ce94fb000 rw-p 00000000 00:00 0 
7f5ce94fb000-7f5ce9500000 r-xp 00000000 08:05 5252103                    /usr/lib/x86_64-linux-gnu/libXxf86vm.so.1.0.0
7f5ce9500000-7f5ce96ff000 ---p 00005000 08:05 5252103                    /usr/lib/x86_64-linux-gnu/libXxf86vm.so.1.0.0
7f5ce96ff000-7f5ce9700000 r--p 00004000 08:05 5252103                    /usr/lib/x86_64-linux-gnu/libXxf86vm.so.1.0.0
7f5ce9700000-7f5ce9701000 rw-p 00005000 08:05 5252103                    /usr/lib/x86_64-linux-gnu/libXxf86vm.so.1.0.0
7f5ce9701000-7f5ce9836000 r-xp 00000000 08:05 5252050                    /usr/lib/x86_64-linux-gnu/libX11.so.6.3.0
7f5ce9836000-7f5ce9a36000 ---p 00135000 08:05 5252050                    /usr/lib/x86_64-linux-gnu/libX11.so.6.3.0
7f5ce9a36000-7f5ce9a37000 r--p 00135000 08:05 5252050                    /usr/lib/x86_64-linux-gnu/libX11.so.6.3.0
7f5ce9a37000-7f5ce9a3b000 rw-p 00136000 08:05 5252050                    /usr/lib/x86_64-linux-gnu/libX11.so.6.3.0
7f5ce9a3b000-7f5ce9a40000 r-xp 00000000 08:05 5252093                    /usr/lib/x86_64-linux-gnu/libXtst.so.6.1.0
7f5ce9a40000-7f5ce9c3f000 ---p 00005000 08:05 5252093                    /usr/lib/x86_64-linux-gnu/libXtst.so.6.1.0
7f5ce9c3f000-7f5ce9c40000 r--p 00004000 08:05 5252093                    /usr/lib/x86_64-linux-gnu/libXtst.so.6.1.0
7f5ce9c40000-7f5ce9c41000 rw-p 00005000 08:05 5252093                    /usr/lib/x86_64-linux-gnu/libXtst.so.6.1.0
7f5ce9c41000-7f5ce9d4e000 r-xp 00000000 08:05 2101692                    /lib/x86_64-linux-gnu/libglib-2.0.so.0.4600.1
7f5ce9d4e000-7f5ce9f4d000 ---p 0010d000 08:05 2101692                    /lib/x86_64-linux-gnu/libglib-2.0.so.0.4600.1
7f5ce9f4d000-7f5ce9f4e000 r--p 0010c000 08:05 2101692                    /lib/x86_64-linux-gnu/libglib-2.0.so.0.4600.1
7f5ce9f4e000-7f5ce9f4f000 rw-p 0010d000 08:05 2101692                    /lib/x86_64-linux-gnu/libglib-2.0.so.0.4600.1
7f5ce9f4f000-7f5ce9f50000 rw-p 00000000 00:00 0 
7f5ce9f50000-7f5ce9f51000 r-xp 00000000 08:05 5252579                    /usr/lib/x86_64-linux-gnu/libgthread-2.0.so.0.4600.1
7f5ce9f51000-7f5cea150000 ---p 00001000 08:05 5252579                    /usr/lib/x86_64-linux-gnu/libgthread-2.0.so.0.4600.1
7f5cea150000-7f5cea151000 r--p 00000000 08:05 5252579                    /usr/lib/x86_64-linux-gnu/libgthread-2.0.so.0.4600.1
7f5cea151000-7f5cea152000 rw-p 00001000 08:05 5252579                    /usr/lib/x86_64-linux-gnu/libgthread-2.0.so.0.4600.1
7f5cea152000-7f5cea155000 r-xp 00000000 08:05 5252492                    /usr/lib/x86_64-linux-gnu/libgmodule-2.0.so.0.4600.1
7f5cea155000-7f5cea354000 ---p 00003000 08:05 5252492                    /usr/lib/x86_64-linux-gnu/libgmodule-2.0.so.0.4600.1
7f5cea354000-7f5cea355000 r--p 00002000 08:05 5252492                    /usr/lib/x86_64-linux-gnu/libgmodule-2.0.so.0.4600.1
7f5cea355000-7f5cea356000 rw-p 00003000 08:05 5252492                    /usr/lib/x86_64-linux-gnu/libgmodule-2.0.so.0.4600.1
7f5cea356000-7f5cea3a8000 r-xp 00000000 08:05 5252508                    /usr/lib/x86_64-linux-gnu/libgobject-2.0.so.0.4600.1
7f5cea3a8000-7f5cea5a7000 ---p 00052000 08:05 5252508                    /usr/lib/x86_64-linux-gnu/libgobject-2.0.so.0.4600.1
7f5cea5a7000-7f5cea5a8000 r--p 00051000 08:05 5252508                    /usr/lib/x86_64-linux-gnu/libgobject-2.0.so.0.4600.1
7f5cea5a8000-7f5cea5a9000 rw-p 00052000 08:05 5252508                    /usr/lib/x86_64-linux-gnu/libgobject-2.0.so.0.4600.1
7f5cea5a9000-7f5cea5e5000 r-xp 00000000 08:05 5252387                    /usr/lib/x86_64-linux-gnu/libfontconfig.so.1.8.0
7f5cea5e5000-7f5cea7e4000 ---p 0003c000 08:05 5252387                    /usr/lib/x86_64-linux-gnu/libfontconfig.so.1.8.0
7f5cea7e4000-7f5cea7e6000 r--p 0003b000 08:05 5252387                    /usr/lib/x86_64-linux-gnu/libfontconfig.so.1.8.0
7f5cea7e6000-7f5cea7e7000 rw-p 0003d000 08:05 5252387                    /usr/lib/x86_64-linux-gnu/libfontconfig.so.1.8.0
7f5cea7e7000-7f5cea887000 r-xp 00000000 08:05 5252419                    /usr/lib/x86_64-linux-gnu/libfreetype.so.6.11.1
7f5cea887000-7f5ceaa86000 ---p 000a0000 08:05 5252419                    /usr/lib/x86_64-linux-gnu/libfreetype.so.6.11.1
7f5ceaa86000-7f5ceaa8c000 r--p 0009f000 08:05 5252419                    /usr/lib/x86_64-linux-gnu/libfreetype.so.6.11.1
7f5ceaa8c000-7f5ceaa8d000 rw-p 000a5000 08:05 5252419                    /usr/lib/x86_64-linux-gnu/libfreetype.so.6.11.1
7f5ceaa8d000-7f5ceaad8000 r-xp 00000000 08:05 5252827                    /usr/lib/x86_64-linux-gnu/libpango-1.0.so.0.3600.8
7f5ceaad8000-7f5ceacd8000 ---p 0004b000 08:05 5252827                    /usr/lib/x86_64-linux-gnu/libpango-1.0.so.0.3600.8
7f5ceacd8000-7f5ceacda000 r--p 0004b000 08:05 5252827                    /usr/lib/x86_64-linux-gnu/libpango-1.0.so.0.3600.8
7f5ceacda000-7f5ceacdb000 rw-p 0004d000 08:05 5252827                    /usr/lib/x86_64-linux-gnu/libpango-1.0.so.0.3600.8
7f5ceacdb000-7f5ceade9000 r-xp 00000000 08:05 5252199                    /usr/lib/x86_64-linux-gnu/libcairo.so.2.11400.2
7f5ceade9000-7f5ceafe8000 ---p 0010e000 08:05 5252199                    /usr/lib/x86_64-linux-gnu/libcairo.so.2.11400.2
7f5ceafe8000-7f5ceafeb000 r--p 0010d000 08:05 5252199                    /usr/lib/x86_64-linux-gnu/libcairo.so.2.11400.2
7f5ceafeb000-7f5ceafec000 rw-p 00110000 08:05 5252199                    /usr/lib/x86_64-linux-gnu/libcairo.so.2.11400.2
7f5ceafec000-7f5ceafee000 rw-p 00000000 00:00 0 
7f5ceafee000-7f5ceaffa000 r-xp 00000000 08:05 5252829                    /usr/lib/x86_64-linux-gnu/libpangocairo-1.0.so.0.3600.8
7f5ceaffa000-7f5ceb1f9000 ---p 0000c000 08:05 5252829                    /usr/lib/x86_64-linux-gnu/libpangocairo-1.0.so.0.3600.8
7f5ceb1f9000-7f5ceb1fa000 r--p 0000b000 08:05 5252829                    /usr/lib/x86_64-linux-gnu/libpangocairo-1.0.so.0.3600.8
7f5ceb1fa000-7f5ceb1fb000 rw-p 0000c000 08:05 5252829                    /usr/lib/x86_64-linux-gnu/libpangocairo-1.0.so.0.3600.8
7f5ceb1fb000-7f5ceb21c000 r-xp 00000000 08:05 5252454                    /usr/lib/x86_64-linux-gnu/libgdk_pixbuf-2.0.so.0.3200.1
7f5ceb21c000-7f5ceb41b000 ---p 00021000 08:05 5252454                    /usr/lib/x86_64-linux-gnu/libgdk_pixbuf-2.0.so.0.3200.1
7f5ceb41b000-7f5ceb41c000 r--p 00020000 08:05 5252454                    /usr/lib/x86_64-linux-gnu/libgdk_pixbuf-2.0.so.0.3200.1
7f5ceb41c000-7f5ceb41d000 rw-p 00021000 08:05 5252454                    /usr/lib/x86_64-linux-gnu/libgdk_pixbuf-2.0.so.0.3200.1
7f5ceb41d000-7f5ceb431000 r-xp 00000000 08:05 5252831                    /usr/lib/x86_64-linux-gnu/libpangoft2-1.0.so.0.3600.8
7f5ceb431000-7f5ceb631000 ---p 00014000 08:05 5252831                    /usr/lib/x86_64-linux-gnu/libpangoft2-1.0.so.0.3600.8
7f5ceb631000-7f5ceb632000 r--p 00014000 08:05 5252831                    /usr/lib/x86_64-linux-gnu/libpangoft2-1.0.so.0.3600.8
7f5ceb632000-7f5ceb633000 rw-p 00015000 08:05 5252831                    /usr/lib/x86_64-linux-gnu/libpangoft2-1.0.so.0.3600.8
7f5ceb633000-7f5ceb7ad000 r-xp 00000000 08:05 5252478                    /usr/lib/x86_64-linux-gnu/libgio-2.0.so.0.4600.1
7f5ceb7ad000-7f5ceb9ac000 ---p 0017a000 08:05 5252478                    /usr/lib/x86_64-linux-gnu/libgio-2.0.so.0.4600.1
7f5ceb9ac000-7f5ceb9b0000 r--p 00179000 08:05 5252478                    /usr/lib/x86_64-linux-gnu/libgio-2.0.so.0.4600.1
7f5ceb9b0000-7f5ceb9b2000 rw-p 0017d000 08:05 5252478                    /usr/lib/x86_64-linux-gnu/libgio-2.0.so.0.4600.1
7f5ceb9b2000-7f5ceb9b4000 rw-p 00000000 00:00 0 
7f5ceb9b4000-7f5cebdf2000 r-xp 00000000 08:05 5248580                    /usr/lib/x86_64-linux-gnu/libgtk-x11-2.0.so.0.2400.28
7f5cebdf2000-7f5cebff2000 ---p 0043e000 08:05 5248580                    /usr/lib/x86_64-linux-gnu/libgtk-x11-2.0.so.0.2400.28
7f5cebff2000-7f5cebff9000 r--p 0043e000 08:05 5248580                    /usr/lib/x86_64-linux-gnu/libgtk-x11-2.0.so.0.2400.28
7f5cebff9000-7f5cebffd000 rw-p 00445000 08:05 5248580                    /usr/lib/x86_64-linux-gnu/libgtk-x11-2.0.so.0.2400.28
7f5cebffd000-7f5cec000000 rw-p 00000000 00:00 0 
7f5cec000000-7f5cec021000 rw-p 00000000 00:00 0 
7f5cec021000-7f5cf0000000 ---p 00000000 00:00 0 
7f5cf0000000-7f5cf0003000 ---p 00000000 00:00 0 
7f5cf0003000-7f5cf0101000 rw-p 00000000 00:00 0                          [stack:11556]
7f5cf0101000-7f5cf0147000 r--p 00000000 08:05 524722                     /usr/share/glib-2.0/schemas/gschemas.compiled
7f5cf0147000-7f5cf0169000 r-xp 00000000 08:05 5252144                    /usr/lib/x86_64-linux-gnu/libatk-1.0.so.0.21609.1
7f5cf0169000-7f5cf0368000 ---p 00022000 08:05 5252144                    /usr/lib/x86_64-linux-gnu/libatk-1.0.so.0.21609.1
7f5cf0368000-7f5cf036b000 r--p 00021000 08:05 5252144                    /usr/lib/x86_64-linux-gnu/libatk-1.0.so.0.21609.1
7f5cf036b000-7f5cf036c000 rw-p 00024000 08:05 5252144                    /usr/lib/x86_64-linux-gnu/libatk-1.0.so.0.21609.1
7f5cf036c000-7f5cf041c000 r-xp 00000000 08:05 5248579                    /usr/lib/x86_64-linux-gnu/libgdk-x11-2.0.so.0.2400.28
7f5cf041c000-7f5cf061b000 ---p 000b0000 08:05 5248579                    /usr/lib/x86_64-linux-gnu/libgdk-x11-2.0.so.0.2400.28
7f5cf061b000-7f5cf061f000 r--p 000af000 08:05 5248579                    /usr/lib/x86_64-linux-gnu/libgdk-x11-2.0.so.0.2400.28
7f5cf061f000-7f5cf0621000 rw-p 000b3000 08:05 5248579                    /usr/lib/x86_64-linux-gnu/libgdk-x11-2.0.so.0.2400.28
7f5cf0621000-7f5cf062d000 r-xp 00000000 08:05 5781013                    /usr/lib/jvm/java-8-oracle/jre/lib/amd64/libprism_es2.so
7f5cf062d000-7f5cf082c000 ---p 0000c000 08:05 5781013                    /usr/lib/jvm/java-8-oracle/jre/lib/amd64/libprism_es2.so
7f5cf082c000-7f5cf082d000 rw-p 0000b000 08:05 5781013                    /usr/lib/jvm/java-8-oracle/jre/lib/amd64/libprism_es2.so
7f5cf082d000-7f5cf0830000 ---p 00000000 00:00 0 
7f5cf0830000-7f5cf092e000 rw-p 00000000 00:00 0                          [stack:11552]
7f5cf092e000-7f5cf092f000 ---p 00000000 00:00 0 
7f5cf092f000-7f5cf0a2f000 rw-p 00000000 00:00 0                          [stack:11551]
7f5cf0a2f000-7f5cf0a32000 ---p 00000000 00:00 0 
7f5cf0a32000-7f5cf0b30000 rw-p 00000000 00:00 0                          [stack:11550]
7f5cf0b30000-7f5cf0b33000 ---p 00000000 00:00 0 
7f5cf0b33000-7f5cf0c31000 rw-p 00000000 00:00 0                          [stack:11549]
7f5cf0c31000-7f5cf0c34000 ---p 00000000 00:00 0 
7f5cf0c34000-7f5cf0d32000 rw-p 00000000 00:00 0                          [stack:11548]
7f5cf0d32000-7f5cf0d35000 ---p 00000000 00:00 0 
7f5cf0d35000-7f5cf0e33000 rw-p 00000000 00:00 0                          [stack:11547]
7f5cf0e33000-7f5cf0e36000 ---p 00000000 00:00 0 
7f5cf0e36000-7f5cf0f34000 rw-p 00000000 00:00 0                          [stack:11546]
7f5cf0f34000-7f5cf1616000 r--p 00000000 08:05 5250806                    /usr/lib/locale/locale-archive
7f5cf1616000-7f5cf1619000 ---p 00000000 00:00 0 
7f5cf1619000-7f5cf1717000 rw-p 00000000 00:00 0                          [stack:11545]
7f5cf1717000-7f5cf171a000 ---p 00000000 00:00 0 
7f5cf171a000-7f5cf1818000 rw-p 00000000 00:00 0                          [stack:11544]
7f5cf1818000-7f5cf1819000 ---p 00000000 00:00 0 
7f5cf1819000-7f5cf2828000 rw-p 00000000 00:00 0                          [stack:11543]
7f5cf2828000-7f5cf2a00000 r--s 03d1d000 08:05 5641291                    /usr/lib/jvm/java-8-oracle/jre/lib/rt.jar
7f5cf2a00000-7f5cf5000000 rw-p 00000000 00:00 0 
7f5cf5000000-7f5cf5b60000 rwxp 00000000 00:00 0 
7f5cf5b60000-7f5d04000000 ---p 00000000 00:00 0 
7f5d04000000-7f5d044dc000 rw-p 00000000 00:00 0 
7f5d044dc000-7f5d08000000 ---p 00000000 00:00 0 
7f5d08000000-7f5d08001000 r--s 00000000 08:05 4862228                    /var/cache/fontconfig/4794a0821666d79190d59a36cb4f44b5-le64.cache-4
7f5d08001000-7f5d08002000 r--s 00000000 08:05 4849761                    /var/cache/fontconfig/bab58bb527bb656aaa9f116d68a48d89-le64.cache-4
7f5d08002000-7f5d08003000 r--s 00000000 08:05 4849747                    /var/cache/fontconfig/56cf4f4769d0f4abc89a4895d7bd3ae1-le64.cache-4
7f5d08003000-7f5d08004000 r--s 00000000 08:05 4849760                    /var/cache/fontconfig/b9d506c9ac06c20b433354fa67a72993-le64.cache-4
7f5d08004000-7f5d08007000 r--s 00000000 08:05 4859110                    /var/cache/fontconfig/75114ca45c98e8a441da0ff356701271-le64.cache-4
7f5d08007000-7f5d0800f000 rw-s 00000000 00:05 227084                     /drm mm object (deleted)
7f5d0800f000-7f5d0802c000 r-xp 00000000 08:05 2101819                    /lib/x86_64-linux-gnu/libudev.so.1.6.4
7f5d0802c000-7f5d0802d000 r--p 0001c000 08:05 2101819                    /lib/x86_64-linux-gnu/libudev.so.1.6.4
7f5d0802d000-7f5d0802e000 rw-p 0001d000 08:05 2101819                    /lib/x86_64-linux-gnu/libudev.so.1.6.4
7f5d0802e000-7f5d0802f000 r--s 00000000 08:05 4849746                    /var/cache/fontconfig/551ecf3b0e8b0bca0f25c0944f561853-le64.cache-4
7f5d0802f000-7f5d08030000 r--s 00000000 08:05 4849735                    /var/cache/fontconfig/0c9eb80ebd1c36541ebe2852d3bb0c49-le64.cache-4
7f5d08030000-7f5d08034000 r--s 00000000 08:05 4859082                    /var/cache/fontconfig/7ef2298fde41cc6eeb7af42e48b7d293-le64.cache-4
7f5d08034000-7f5d08035000 rw-p 00000000 00:00 0 
7f5d08035000-7f5d0803d000 rw-s 00000000 00:05 227082                     /drm mm object (deleted)
7f5d0803d000-7f5d08043000 r--p 00000000 08:05 1856903                    /home/kraulain/.config/dconf/user
7f5d08043000-7f5d0804b000 rw-s 00000000 00:05 231802                     /drm mm object (deleted)
7f5d0804b000-7f5d0804c000 rw-s 00000000 00:05 231800                     /drm mm object (deleted)
7f5d0804c000-7f5d080e2000 r--s 01102000 08:05 5781155                    /usr/lib/jvm/java-8-oracle/jre/lib/ext/jfxrt.jar
7f5d080e2000-7f5d08311000 rw-p 00000000 00:00 0 
7f5d08311000-7f5d08312000 ---p 00000000 00:00 0 
7f5d08312000-7f5d08412000 rw-p 00000000 00:00 0                          [stack:11542]
7f5d08412000-7f5d08413000 ---p 00000000 00:00 0 
7f5d08413000-7f5d08513000 rw-p 00000000 00:00 0                          [stack:11541]
7f5d08513000-7f5d08514000 ---p 00000000 00:00 0 
7f5d08514000-7f5d08614000 rw-p 00000000 00:00 0                          [stack:11540]
7f5d08614000-7f5d08615000 ---p 00000000 00:00 0 
7f5d08615000-7f5d08729000 rw-p 00000000 00:00 0                          [stack:11539]
7f5d08729000-7f5d08855000 ---p 00000000 00:00 0 
7f5d08855000-7f5d08869000 rw-p 00000000 00:00 0 
7f5d08869000-7f5d08995000 ---p 00000000 00:00 0 
7f5d08995000-7f5d089a7000 rw-p 00000000 00:00 0 
7f5d089a7000-7f5d08a35000 ---p 00000000 00:00 0 
7f5d08a35000-7f5d08a64000 rw-p 00000000 00:00 0 
7f5d08a64000-7f5d08df6000 ---p 00000000 00:00 0 
7f5d08df6000-7f5d08e10000 r-xp 00000000 08:05 5780973                    /usr/lib/jvm/java-8-oracle/jre/lib/amd64/libzip.so
7f5d08e10000-7f5d09010000 ---p 0001a000 08:05 5780973                    /usr/lib/jvm/java-8-oracle/jre/lib/amd64/libzip.so
7f5d09010000-7f5d09011000 rw-p 0001a000 08:05 5780973                    /usr/lib/jvm/java-8-oracle/jre/lib/amd64/libzip.so
7f5d09011000-7f5d0901d000 r-xp 00000000 08:05 2102970                    /lib/x86_64-linux-gnu/libnss_files-2.21.so
7f5d0901d000-7f5d0921c000 ---p 0000c000 08:05 2102970                    /lib/x86_64-linux-gnu/libnss_files-2.21.so
7f5d0921c000-7f5d0921d000 r--p 0000b000 08:05 2102970                    /lib/x86_64-linux-gnu/libnss_files-2.21.so
7f5d0921d000-7f5d0921e000 rw-p 0000c000 08:05 2102970                    /lib/x86_64-linux-gnu/libnss_files-2.21.so
7f5d0921e000-7f5d09229000 r-xp 00000000 08:05 2103956                    /lib/x86_64-linux-gnu/libnss_nis-2.21.so
7f5d09229000-7f5d09428000 ---p 0000b000 08:05 2103956                    /lib/x86_64-linux-gnu/libnss_nis-2.21.so
7f5d09428000-7f5d09429000 r--p 0000a000 08:05 2103956                    /lib/x86_64-linux-gnu/libnss_nis-2.21.so
7f5d09429000-7f5d0942a000 rw-p 0000b000 08:05 2103956                    /lib/x86_64-linux-gnu/libnss_nis-2.21.so
7f5d0942a000-7f5d09441000 r-xp 00000000 08:05 2102975                    /lib/x86_64-linux-gnu/libnsl-2.21.so
7f5d09441000-7f5d09640000 ---p 00017000 08:05 2102975                    /lib/x86_64-linux-gnu/libnsl-2.21.so
7f5d09640000-7f5d09641000 r--p 00016000 08:05 2102975                    /lib/x86_64-linux-gnu/libnsl-2.21.so
7f5d09641000-7f5d09642000 rw-p 00017000 08:05 2102975                    /lib/x86_64-linux-gnu/libnsl-2.21.so
7f5d09642000-7f5d09644000 rw-p 00000000 00:00 0 
7f5d09644000-7f5d0964c000 r-xp 00000000 08:05 2102971                    /lib/x86_64-linux-gnu/libnss_compat-2.21.so
7f5d0964c000-7f5d0984b000 ---p 00008000 08:05 2102971                    /lib/x86_64-linux-gnu/libnss_compat-2.21.so
7f5d0984b000-7f5d0984c000 r--p 00007000 08:05 2102971                    /lib/x86_64-linux-gnu/libnss_compat-2.21.so
7f5d0984c000-7f5d0984d000 rw-p 00008000 08:05 2102971                    /lib/x86_64-linux-gnu/libnss_compat-2.21.so
7f5d0984d000-7f5d09877000 r-xp 00000000 08:05 5780951                    /usr/lib/jvm/java-8-oracle/jre/lib/amd64/libjava.so
7f5d09877000-7f5d09a77000 ---p 0002a000 08:05 5780951                    /usr/lib/jvm/java-8-oracle/jre/lib/amd64/libjava.so
7f5d09a77000-7f5d09a79000 rw-p 0002a000 08:05 5780951                    /usr/lib/jvm/java-8-oracle/jre/lib/amd64/libjava.so
7f5d09a79000-7f5d09a86000 r-xp 00000000 08:05 5780967                    /usr/lib/jvm/java-8-oracle/jre/lib/amd64/libverify.so
7f5d09a86000-7f5d09c86000 ---p 0000d000 08:05 5780967                    /usr/lib/jvm/java-8-oracle/jre/lib/amd64/libverify.so
7f5d09c86000-7f5d09c88000 rw-p 0000d000 08:05 5780967                    /usr/lib/jvm/java-8-oracle/jre/lib/amd64/libverify.so
7f5d09c88000-7f5d09c8f000 r-xp 00000000 08:05 2102968                    /lib/x86_64-linux-gnu/librt-2.21.so
7f5d09c8f000-7f5d09e8e000 ---p 00007000 08:05 2102968                    /lib/x86_64-linux-gnu/librt-2.21.so
7f5d09e8e000-7f5d09e8f000 r--p 00006000 08:05 2102968                    /lib/x86_64-linux-gnu/librt-2.21.so
7f5d09e8f000-7f5d09e90000 rw-p 00007000 08:05 2102968                    /lib/x86_64-linux-gnu/librt-2.21.so
7f5d09e90000-7f5d09f97000 r-xp 00000000 08:05 2103960                    /lib/x86_64-linux-gnu/libm-2.21.so
7f5d09f97000-7f5d0a196000 ---p 00107000 08:05 2103960                    /lib/x86_64-linux-gnu/libm-2.21.so
7f5d0a196000-7f5d0a197000 r--p 00106000 08:05 2103960                    /lib/x86_64-linux-gnu/libm-2.21.so
7f5d0a197000-7f5d0a198000 rw-p 00107000 08:05 2103960                    /lib/x86_64-linux-gnu/libm-2.21.so
7f5d0a198000-7f5d0ae57000 r-xp 00000000 08:05 5781007                    /usr/lib/jvm/java-8-oracle/jre/lib/amd64/server/libjvm.so
7f5d0ae57000-7f5d0b056000 ---p 00cbf000 08:05 5781007                    /usr/lib/jvm/java-8-oracle/jre/lib/amd64/server/libjvm.so
7f5d0b056000-7f5d0b12f000 rw-p 00cbe000 08:05 5781007                    /usr/lib/jvm/java-8-oracle/jre/lib/amd64/server/libjvm.so
7f5d0b12f000-7f5d0b178000 rw-p 00000000 00:00 0 
7f5d0b178000-7f5d0b338000 r-xp 00000000 08:05 2103962                    /lib/x86_64-linux-gnu/libc-2.21.so
7f5d0b338000-7f5d0b538000 ---p 001c0000 08:05 2103962                    /lib/x86_64-linux-gnu/libc-2.21.so
7f5d0b538000-7f5d0b53c000 r--p 001c0000 08:05 2103962                    /lib/x86_64-linux-gnu/libc-2.21.so
7f5d0b53c000-7f5d0b53e000 rw-p 001c4000 08:05 2103962                    /lib/x86_64-linux-gnu/libc-2.21.so
7f5d0b53e000-7f5d0b542000 rw-p 00000000 00:00 0 
7f5d0b542000-7f5d0b545000 r-xp 00000000 08:05 2103954                    /lib/x86_64-linux-gnu/libdl-2.21.so
7f5d0b545000-7f5d0b744000 ---p 00003000 08:05 2103954                    /lib/x86_64-linux-gnu/libdl-2.21.so
7f5d0b744000-7f5d0b745000 r--p 00002000 08:05 2103954                    /lib/x86_64-linux-gnu/libdl-2.21.so
7f5d0b745000-7f5d0b746000 rw-p 00003000 08:05 2103954                    /lib/x86_64-linux-gnu/libdl-2.21.so
7f5d0b746000-7f5d0b75b000 r-xp 00000000 08:05 5780961                    /usr/lib/jvm/java-8-oracle/jre/lib/amd64/jli/libjli.so
7f5d0b75b000-7f5d0b95b000 ---p 00015000 08:05 5780961                    /usr/lib/jvm/java-8-oracle/jre/lib/amd64/jli/libjli.so
7f5d0b95b000-7f5d0b95c000 rw-p 00015000 08:05 5780961                    /usr/lib/jvm/java-8-oracle/jre/lib/amd64/jli/libjli.so
7f5d0b95c000-7f5d0b974000 r-xp 00000000 08:05 2102969                    /lib/x86_64-linux-gnu/libpthread-2.21.so
7f5d0b974000-7f5d0bb74000 ---p 00018000 08:05 2102969                    /lib/x86_64-linux-gnu/libpthread-2.21.so
7f5d0bb74000-7f5d0bb75000 r--p 00018000 08:05 2102969                    /lib/x86_64-linux-gnu/libpthread-2.21.so
7f5d0bb75000-7f5d0bb76000 rw-p 00019000 08:05 2102969                    /lib/x86_64-linux-gnu/libpthread-2.21.so
7f5d0bb76000-7f5d0bb7a000 rw-p 00000000 00:00 0 
7f5d0bb7a000-7f5d0bb9e000 r-xp 00000000 08:05 2102978                    /lib/x86_64-linux-gnu/ld-2.21.so
7f5d0bb9e000-7f5d0bb9f000 r--s 00000000 00:2a 33                         /run/user/1000/dconf/user
7f5d0bb9f000-7f5d0bba7000 rw-s 00000000 00:05 231798                     /drm mm object (deleted)
7f5d0bba7000-7f5d0bc78000 rw-p 00000000 00:00 0 
7f5d0bc78000-7f5d0bc7b000 ---p 00000000 00:00 0 
7f5d0bc7b000-7f5d0bd7d000 rw-p 00000000 00:00 0                          [stack:11538]
7f5d0bd7d000-7f5d0bd7e000 r--s 00004000 08:05 1856905                    /home/kraulain/NetBeansProjects/COT-MIS2/dist/run1905750060/COT-MIS2.jar
7f5d0bd7e000-7f5d0bd91000 rw-p 00000000 00:00 0 
7f5d0bd91000-7f5d0bd99000 rw-s 00000000 08:05 1322572                    /tmp/hsperfdata_kraulain/11534
7f5d0bd99000-7f5d0bd9a000 rw-p 00000000 00:00 0 
7f5d0bd9a000-7f5d0bd9b000 r--p 00000000 00:00 0 
7f5d0bd9b000-7f5d0bd9d000 rw-p 00000000 00:00 0 
7f5d0bd9d000-7f5d0bd9e000 r--p 00023000 08:05 2102978                    /lib/x86_64-linux-gnu/ld-2.21.so
7f5d0bd9e000-7f5d0bd9f000 rw-p 00024000 08:05 2102978                    /lib/x86_64-linux-gnu/ld-2.21.so
7f5d0bd9f000-7f5d0bda0000 rw-p 00000000 00:00 0 
7fffeb6d0000-7fffeb6f1000 rw-p 00000000 00:00 0                          [stack]
7fffeb702000-7fffeb704000 r--p 00000000 00:00 0                          [vvar]
7fffeb704000-7fffeb706000 r-xp 00000000 00:00 0                          [vdso]
ffffffffff600000-ffffffffff601000 r-xp 00000000 00:00 0                  [vsyscall]

VM Arguments:
jvm_args: -Dfile.encoding=UTF-8 
java_command: /home/kraulain/NetBeansProjects/COT-MIS2/dist/run1905750060/COT-MIS2.jar
java_class_path (initial): /home/kraulain/NetBeansProjects/COT-MIS2/dist/run1905750060/COT-MIS2.jar
Launcher Type: SUN_STANDARD

Environment Variables:
PATH=/usr/local/sbin:/usr/local/bin:/usr/sbin:/usr/bin:/sbin:/bin:/usr/games:/usr/local/games
LD_LIBRARY_PATH=/usr/lib/jvm/java-8-oracle/jre/lib/amd64:/usr/lib/jvm/java-8-oracle/jre/lib/i386:
SHELL=/bin/bash
DISPLAY=:0

Signal Handlers:
SIGSEGV: [libjvm.so+0xabb070], sa_mask[0]=11111111011111111101111111111110, sa_flags=SA_RESTART|SA_SIGINFO
SIGBUS: [libjvm.so+0xabb070], sa_mask[0]=11111111011111111101111111111110, sa_flags=SA_RESTART|SA_SIGINFO
SIGFPE: [libjvm.so+0x918480], sa_mask[0]=11111111011111111101111111111110, sa_flags=SA_RESTART|SA_SIGINFO
SIGPIPE: SIG_IGN, sa_mask[0]=00000000000010000000000000000000, sa_flags=SA_RESTART
SIGXFSZ: [libjvm.so+0x918480], sa_mask[0]=11111111011111111101111111111110, sa_flags=SA_RESTART|SA_SIGINFO
SIGILL: [libjvm.so+0x918480], sa_mask[0]=11111111011111111101111111111110, sa_flags=SA_RESTART|SA_SIGINFO
SIGUSR1: SIG_DFL, sa_mask[0]=00000000000000000000000000000000, sa_flags=none
SIGUSR2: [libjvm.so+0x919ab0], sa_mask[0]=00100000000000000000000000000000, sa_flags=SA_RESTART|SA_SIGINFO
SIGHUP: [libjvm.so+0x91aeb0], sa_mask[0]=11111111011111111101111111111110, sa_flags=SA_RESTART|SA_SIGINFO
SIGINT: SIG_IGN, sa_mask[0]=00000000000000000000000000000000, sa_flags=none
SIGTERM: [libjvm.so+0x91aeb0], sa_mask[0]=11111111011111111101111111111110, sa_flags=SA_RESTART|SA_SIGINFO
SIGQUIT: [libjvm.so+0x91aeb0], sa_mask[0]=11111111011111111101111111111110, sa_flags=SA_RESTART|SA_SIGINFO


---------------  S Y S T E M  ---------------

OS:DISTRIB_ID=Ubuntu
DISTRIB_RELEASE=15.10
DISTRIB_CODENAME=wily
DISTRIB_DESCRIPTION="Ubuntu 15.10"

uname:Linux 4.2.0-30-generic #36-Ubuntu SMP Fri Feb 26 00:58:07 UTC 2016 x86_64
libc:glibc 2.21 NPTL 2.21 
rlimit: STACK 8192k, CORE 0k, NPROC 14986, NOFILE 65536, AS infinity
load average:0.41 0.23 0.21

/proc/meminfo:
MemTotal:        3928172 kB
MemFree:          426752 kB
MemAvailable:    1615224 kB
Buffers:          677612 kB
Cached:           766304 kB
SwapCached:          988 kB
Active:          2058132 kB
Inactive:        1273152 kB
Active(anon):    1501600 kB
Inactive(anon):   653776 kB
Active(file):     556532 kB
Inactive(file):   619376 kB
Unevictable:          32 kB
Mlocked:              32 kB
SwapTotal:       4075516 kB
SwapFree:        4064044 kB
Dirty:                56 kB
Writeback:             0 kB
AnonPages:       1886568 kB
Mapped:           265456 kB
Shmem:            268012 kB
Slab:              77000 kB
SReclaimable:      41832 kB
SUnreclaim:        35168 kB
KernelStack:        8640 kB
PageTables:        34328 kB
NFS_Unstable:          0 kB
Bounce:                0 kB
WritebackTmp:          0 kB
CommitLimit:     6039600 kB
Committed_AS:    5278100 kB
VmallocTotal:   34359738367 kB
VmallocUsed:      414360 kB
VmallocChunk:   34358947836 kB
HardwareCorrupted:     0 kB
AnonHugePages:   1376256 kB
CmaTotal:              0 kB
CmaFree:               0 kB
HugePages_Total:       0
HugePages_Free:        0
HugePages_Rsvd:        0
HugePages_Surp:        0
Hugepagesize:       2048 kB
DirectMap4k:      121540 kB
DirectMap2M:     3954688 kB


CPU:total 4 (2 cores per cpu, 2 threads per core) family 6 model 58 stepping 9, cmov, cx8, fxsr, mmx, sse, sse2, sse3, ssse3, sse4.1, sse4.2, popcnt, avx, clmul, erms, ht, tsc, tscinvbit, tscinv

/proc/cpuinfo:
processor	: 0
vendor_id	: GenuineIntel
cpu family	: 6
model		: 58
model name	: Intel(R) Core(TM) i3-3110M CPU @ 2.40GHz
stepping	: 9
microcode	: 0x1b
cpu MHz		: 1399.968
cache size	: 3072 KB
physical id	: 0
siblings	: 4
core id		: 0
cpu cores	: 2
apicid		: 0
initial apicid	: 0
fpu		: yes
fpu_exception	: yes
cpuid level	: 13
wp		: yes
flags		: fpu vme de pse tsc msr pae mce cx8 apic sep mtrr pge mca cmov pat pse36 clflush dts acpi mmx fxsr sse sse2 ss ht tm pbe syscall nx rdtscp lm constant_tsc arch_perfmon pebs bts rep_good nopl xtopology nonstop_tsc aperfmperf eagerfpu pni pclmulqdq dtes64 monitor ds_cpl vmx est tm2 ssse3 cx16 xtpr pdcm pcid sse4_1 sse4_2 x2apic popcnt tsc_deadline_timer xsave avx f16c lahf_lm arat epb pln pts dtherm tpr_shadow vnmi flexpriority ept vpid fsgsbase smep erms xsaveopt
bugs		:
bogomips	: 4789.01
clflush size	: 64
cache_alignment	: 64
address sizes	: 36 bits physical, 48 bits virtual
power management:

processor	: 1
vendor_id	: GenuineIntel
cpu family	: 6
model		: 58
model name	: Intel(R) Core(TM) i3-3110M CPU @ 2.40GHz
stepping	: 9
microcode	: 0x1b
cpu MHz		: 1432.968
cache size	: 3072 KB
physical id	: 0
siblings	: 4
core id		: 0
cpu cores	: 2
apicid		: 1
initial apicid	: 1
fpu		: yes
fpu_exception	: yes
cpuid level	: 13
wp		: yes
flags		: fpu vme de pse tsc msr pae mce cx8 apic sep mtrr pge mca cmov pat pse36 clflush dts acpi mmx fxsr sse sse2 ss ht tm pbe syscall nx rdtscp lm constant_tsc arch_perfmon pebs bts rep_good nopl xtopology nonstop_tsc aperfmperf eagerfpu pni pclmulqdq dtes64 monitor ds_cpl vmx est tm2 ssse3 cx16 xtpr pdcm pcid sse4_1 sse4_2 x2apic popcnt tsc_deadline_timer xsave avx f16c lahf_lm arat epb pln pts dtherm tpr_shadow vnmi flexpriority ept vpid fsgsbase smep erms xsaveopt
bugs		:
bogomips	: 4789.01
clflush size	: 64
cache_alignment	: 64
address sizes	: 36 bits physical, 48 bits virtual
power management:

processor	: 2
vendor_id	: GenuineIntel
cpu family	: 6
model		: 58
model name	: Intel(R) Core(TM) i3-3110M CPU @ 2.40GHz
stepping	: 9
microcode	: 0x1b
cpu MHz		: 1398.843
cache size	: 3072 KB
physical id	: 0
siblings	: 4
core id		: 1
cpu cores	: 2
apicid		: 2
initial apicid	: 2
fpu		: yes
fpu_exception	: yes
cpuid level	: 13
wp		: yes
flags		: fpu vme de pse tsc msr pae mce cx8 apic sep mtrr pge mca cmov pat pse36 clflush dts acpi mmx fxsr sse sse2 ss ht tm pbe syscall nx rdtscp lm constant_tsc arch_perfmon pebs bts rep_good nopl xtopology nonstop_tsc aperfmperf eagerfpu pni pclmulqdq dtes64 monitor ds_cpl vmx est tm2 ssse3 cx16 xtpr pdcm pcid sse4_1 sse4_2 x2apic popcnt tsc_deadline_timer xsave avx f16c lahf_lm arat epb pln pts dtherm tpr_shadow vnmi flexpriority ept vpid fsgsbase smep erms xsaveopt
bugs		:
bogomips	: 4789.01
clflush size	: 64
cache_alignment	: 64
address sizes	: 36 bits physical, 48 bits virtual
power management:

processor	: 3
vendor_id	: GenuineIntel
cpu family	: 6
model		: 58
model name	: Intel(R) Core(TM) i3-3110M CPU @ 2.40GHz
stepping	: 9
microcode	: 0x1b
cpu MHz		: 1432.968
cache size	: 3072 KB
physical id	: 0
siblings	: 4
core id		: 1
cpu cores	: 2
apicid		: 3
initial apicid	: 3
fpu		: yes
fpu_exception	: yes
cpuid level	: 13
wp		: yes
flags		: fpu vme de pse tsc msr pae mce cx8 apic sep mtrr pge mca cmov pat pse36 clflush dts acpi mmx fxsr sse sse2 ss ht tm pbe syscall nx rdtscp lm constant_tsc arch_perfmon pebs bts rep_good nopl xtopology nonstop_tsc aperfmperf eagerfpu pni pclmulqdq dtes64 monitor ds_cpl vmx est tm2 ssse3 cx16 xtpr pdcm pcid sse4_1 sse4_2 x2apic popcnt tsc_deadline_timer xsave avx f16c lahf_lm arat epb pln pts dtherm tpr_shadow vnmi flexpriority ept vpid fsgsbase smep erms xsaveopt
bugs		:
bogomips	: 4789.01
clflush size	: 64
cache_alignment	: 64
address sizes	: 36 bits physical, 48 bits virtual
power management:



Memory: 4k page, physical 3928172k(426752k free), swap 4075516k(4064044k free)

vm_info: Java HotSpot(TM) 64-Bit Server VM (25.72-b15) for linux-amd64 JRE (1.8.0_72-b15), built on Dec 22 2015 22:00:07 by "java_re" with gcc 4.3.0 20080428 (Red Hat 4.3.0-8)

time: Sat Mar  5 09:23:10 2016
elapsed time: 83 seconds (0d 0h 1m 23s)

