#
# A fatal error has been detected by the Java Runtime Environment:
#
#  SIGSEGV (0xb) at pc=0x00007fac5e55b59b, pid=4893, tid=140379176384256
#
# JRE version: Java(TM) SE Runtime Environment (8.0_72-b15) (build 1.8.0_72-b15)
# Java VM: Java HotSpot(TM) 64-Bit Server VM (25.72-b15 mixed mode linux-amd64 compressed oops)
# Problematic frame:
# C  [i965_dri.so+0x40059b]
#
# Failed to write core dump. Core dumps have been disabled. To enable core dumping, try "ulimit -c unlimited" before starting Java again
#
# If you would like to submit a bug report, please visit:
#   http://bugreport.java.com/bugreport/crash.jsp
# The crash happened outside the Java Virtual Machine in native code.
# See problematic frame for where to report the bug.
#

---------------  T H R E A D  ---------------

Current thread (0x00007facb42aa000):  JavaThread "QuantumRenderer-0" daemon [_thread_in_native, id=4911, stack(0x00007fac92e13000,0x00007fac92f14000)]

siginfo: si_signo: 11 (SIGSEGV), si_code: 1 (SEGV_MAPERR), si_addr: 0x0000000000000040

Registers:
RAX=0x0000000000000005, RBX=0x00007fac69d56ee0, RCX=0x00007fac5e218720, RDX=0x0000000000000001
RSP=0x00007fac92f121c0, RBP=0x00007fac69c852d0, RSI=0x0000000000000001, RDI=0x0000000000000005
R8 =0x0000000000000000, R9 =0x0000000000000000, R10=0x0000000000000006, R11=0x0000000000000001
R12=0x00007fac682aca24, R13=0x00007fac68287d48, R14=0x0000000000000000, R15=0x00007fac69c84ed0
RIP=0x00007fac5e55b59b, EFLAGS=0x0000000000010203, CSGSFS=0x0000000000000033, ERR=0x0000000000000004
  TRAPNO=0x000000000000000e

Top of Stack: (sp=0x00007fac92f121c0)
0x00007fac92f121c0:   00007fac696deb90 00007fac5df4022b
0x00007fac92f121d0:   0000000000000000 a78d2ccf034ccb00
0x00007fac92f121e0:   0000000000000008 00007fac68287d48
0x00007fac92f121f0:   00007fac69c852d0 00007fac682aca24
0x00007fac92f12200:   00007fac682aca24 0000000000000000
0x00007fac92f12210:   00007fac69c84ed0 00007fac5e54b309
0x00007fac92f12220:   0000000000000000 00000556000002e8
0x00007fac92f12230:   00007fac682aca2c 00007fac68287d48
0x00007fac92f12240:   00007fac682ad180 ffffffffffffffff
0x00007fac92f12250:   00007fac5e943ce0 000000000c414000
0x00007fac92f12260:   00007fac682ad438 00007fac5e54b3a1
0x00007fac92f12270:   00007fac68287d48 00007fac5e520f69
0x00007fac92f12280:   00007fac92f1232c a78d2ccf034ccb00
0x00007fac92f12290:   00007fac682abe10 00007fac68287d48
0x00007fac92f122a0:   0000000000000004 a78d2ccf034ccb00
0x00007fac92f122b0:   0000000000000000 00007fac68287d48
0x00007fac92f122c0:   00007fac92f123a0 00007fac92f123c0
0x00007fac92f122d0:   0000000000000003 0000000000000000
0x00007fac92f122e0:   00007fac92f123c0 00007fac5e4aa252
0x00007fac92f122f0:   00007fac69c164b0 0000000000000000
0x00007fac92f12300:   00007fac5e943ce0 0000000100000000
0x00007fac92f12310:   00007fac682ab9d0 00007fac682e3e70
0x00007fac92f12320:   0000000001000000 0000000069b6b238
0x00007fac92f12330:   00007fac69c84ed0 0000000000000000
0x00007fac92f12340:   00000000ffffffff 00007fac68287d48
0x00007fac92f12350:   00007fac682e0bd0 0000000000000006
0x00007fac92f12360:   00000000ffffffff 00007fac5e2e68b8
0x00007fac92f12370:   0000000000000003 0000000000000000
0x00007fac92f12380:   0000000000000000 0000000000000000
0x00007fac92f12390:   00007fac92f123e8 0000000400000000
0x00007fac92f123a0:   0000140300000006 00007fac682eb1c0
0x00007fac92f123b0:   0000000000000000 00007fac92f123f8 

Instructions: (pc=0x00007fac5e55b59b)
0x00007fac5e55b57b:   00 00 00 00 00 48 89 f3 4c 8b b6 88 00 00 00 8b
0x00007fac5e55b58b:   76 54 49 89 fd e8 3b 2f c6 ff 8b b3 a0 00 00 00
0x00007fac5e55b59b:   41 8b 7e 40 b9 01 00 00 00 89 cd 89 44 24 04 8b
0x00007fac5e55b5ab:   83 9c 00 00 00 85 f6 0f 45 ab a0 00 00 00 85 ff 

Register to memory mapping:

RAX=0x0000000000000005 is an unknown value
RBX=0x00007fac69d56ee0 is an unknown value
RCX=0x00007fac5e218720: <offset 0xbd720> in /usr/lib/x86_64-linux-gnu/dri/i965_dri.so at 0x00007fac5e15b000
RDX=0x0000000000000001 is an unknown value
RSP=0x00007fac92f121c0 is pointing into the stack for thread: 0x00007facb42aa000
RBP=0x00007fac69c852d0 is an unknown value
RSI=0x0000000000000001 is an unknown value
RDI=0x0000000000000005 is an unknown value
R8 =0x0000000000000000 is an unknown value
R9 =0x0000000000000000 is an unknown value
R10=0x0000000000000006 is an unknown value
R11=0x0000000000000001 is an unknown value
R12=0x00007fac682aca24 is an unknown value
R13=0x00007fac68287d48 is an unknown value
R14=0x0000000000000000 is an unknown value
R15=0x00007fac69c84ed0 is an unknown value


Stack: [0x00007fac92e13000,0x00007fac92f14000],  sp=0x00007fac92f121c0,  free space=1020k
Native frames: (J=compiled Java code, j=interpreted, Vv=VM code, C=native code)
C  [i965_dri.so+0x40059b]

Java frames: (J=compiled Java code, j=interpreted, Vv=VM code)
J 1323  com.sun.prism.es2.GLContext.nDrawIndexedQuads(JI[F[B)V (0 bytes) @ 0x00007faca4789f2c [0x00007faca4789ec0+0x6c]
J 1630 C2 com.sun.prism.impl.BaseContext.flushVertexBuffer()V (104 bytes) @ 0x00007faca4875fa4 [0x00007faca4875f00+0xa4]
j  com.sun.prism.es2.ES2SwapChain.drawTexture(Lcom/sun/prism/es2/ES2Graphics;Lcom/sun/prism/RTTexture;FFFFFFFF)V+68
j  com.sun.prism.es2.ES2SwapChain.prepare(Lcom/sun/javafx/geom/Rectangle;)Z+146
j  com.sun.javafx.tk.quantum.PresentingPainter.run()V+350
j  java.util.concurrent.Executors$RunnableAdapter.call()Ljava/lang/Object;+4
j  java.util.concurrent.FutureTask.runAndReset()Z+47
j  com.sun.javafx.tk.RenderJob.run()V+1
j  java.util.concurrent.ThreadPoolExecutor.runWorker(Ljava/util/concurrent/ThreadPoolExecutor$Worker;)V+95
j  java.util.concurrent.ThreadPoolExecutor$Worker.run()V+5
j  com.sun.javafx.tk.quantum.QuantumRenderer$PipelineRunnable.run()V+8
j  java.lang.Thread.run()V+11
v  ~StubRoutines::call_stub

---------------  P R O C E S S  ---------------

Java Threads: ( => current thread )
  0x00007fac4826d800 JavaThread "Prism Font Disposer" daemon [_thread_blocked, id=4918, stack(0x00007fac59331000,0x00007fac59432000)]
  0x00007facb4359800 JavaThread "JavaFX-Launcher" [_thread_blocked, id=4917, stack(0x00007fac59fd2000,0x00007fac5a0d3000)]
  0x00007facb4356000 JavaThread "JavaFX Application Thread" [_thread_blocked, id=4916, stack(0x00007fac5a0d3000,0x00007fac5a1d4000)]
  0x00007facb4352000 JavaThread "Thread-1" daemon [_thread_blocked, id=4915, stack(0x00007fac90067000,0x00007fac90168000)]
=>0x00007facb42aa000 JavaThread "QuantumRenderer-0" daemon [_thread_in_native, id=4911, stack(0x00007fac92e13000,0x00007fac92f14000)]
  0x00007facb4188000 JavaThread "Service Thread" daemon [_thread_blocked, id=4909, stack(0x00007fac93015000,0x00007fac93116000)]
  0x00007facb4185000 JavaThread "C1 CompilerThread2" daemon [_thread_blocked, id=4908, stack(0x00007fac93116000,0x00007fac93217000)]
  0x00007facb4183000 JavaThread "C2 CompilerThread1" daemon [_thread_in_native, id=4907, stack(0x00007fac93217000,0x00007fac93318000)]
  0x00007facb4180000 JavaThread "C2 CompilerThread0" daemon [_thread_blocked, id=4906, stack(0x00007fac93318000,0x00007fac93419000)]
  0x00007facb417e800 JavaThread "Signal Dispatcher" daemon [_thread_blocked, id=4905, stack(0x00007fac93419000,0x00007fac9351a000)]
  0x00007facb414b800 JavaThread "Finalizer" daemon [_thread_blocked, id=4904, stack(0x00007fac93bfc000,0x00007fac93cfd000)]
  0x00007facb4147000 JavaThread "Reference Handler" daemon [_thread_blocked, id=4903, stack(0x00007fac93cfd000,0x00007fac93dfe000)]
  0x00007facb400a000 JavaThread "main" [_thread_blocked, id=4897, stack(0x00007facba2fe000,0x00007facba3ff000)]

Other Threads:
  0x00007facb413f000 VMThread [stack: 0x00007fac93dfe000,0x00007fac93eff000] [id=4902]
  0x00007facb418b000 WatcherThread [stack: 0x00007fac92f14000,0x00007fac93015000] [id=4910]

VM state:not at safepoint (normal execution)

VM Mutex/Monitor currently owned by a thread: None

Heap:
 PSYoungGen      total 17920K, used 11333K [0x00000000ec000000, 0x00000000ed400000, 0x0000000100000000)
  eden space 15360K, 57% used [0x00000000ec000000,0x00000000ec894978,0x00000000ecf00000)
  from space 2560K, 99% used [0x00000000ed180000,0x00000000ed3fcac0,0x00000000ed400000)
  to   space 2560K, 0% used [0x00000000ecf00000,0x00000000ecf00000,0x00000000ed180000)
 ParOldGen       total 40960K, used 2762K [0x00000000c4000000, 0x00000000c6800000, 0x00000000ec000000)
  object space 40960K, 6% used [0x00000000c4000000,0x00000000c42b2910,0x00000000c6800000)
 Metaspace       used 16307K, capacity 17246K, committed 17536K, reserved 1064960K
  class space    used 2372K, capacity 2598K, committed 2688K, reserved 1048576K

Card table byte_map: [0x00007faca3ddc000,0x00007faca3fbd000] byte_map_base: 0x00007faca37bc000

Marking Bits: (ParMarkBitMap*) 0x00007facb97d3100
 Begin Bits: [0x00007faca1a98000, 0x00007faca2998000)
 End Bits:   [0x00007faca2998000, 0x00007faca3898000)

Polling page: 0x00007facba420000

CodeCache: size=245760Kb used=8388Kb max_used=8396Kb free=237371Kb
 bounds [0x00007faca437d000, 0x00007faca4bbd000, 0x00007facb337d000]
 total_blobs=3332 nmethods=2696 adapters=548
 compilation: enabled

Compilation events (10 events):
Event: 30.014 Thread 0x00007facb4185000 2693       3       com.sun.javafx.geom.Rectangle::grow (335 bytes)
Event: 30.016 Thread 0x00007facb4185000 nmethod 2693 0x00007faca4ba5bd0 code [0x00007faca4ba5d60, 0x00007faca4ba64f0]
Event: 30.016 Thread 0x00007facb4185000 2696       3       com.sun.scenario.effect.impl.prism.PrTexture::unlock (17 bytes)
Event: 30.017 Thread 0x00007facb4185000 nmethod 2696 0x00007faca4bb1f90 code [0x00007faca4bb2100, 0x00007faca4bb2368]
Event: 30.017 Thread 0x00007facb4185000 2694       3       com.sun.prism.impl.ps.BaseShaderGraphics::setExternalShader (15 bytes)
Event: 30.017 Thread 0x00007facb4180000 2697       4       com.sun.javafx.geom.transform.Identity::transform (17 bytes)
Event: 30.018 Thread 0x00007facb4185000 nmethod 2694 0x00007faca4ba9290 code [0x00007faca4ba9440, 0x00007faca4ba9ab8]
Event: 30.018 Thread 0x00007facb4185000 2695       3       com.sun.prism.impl.ps.BaseShaderContext::setExternalShader (20 bytes)
Event: 30.018 Thread 0x00007facb4180000 nmethod 2697 0x00007faca4ba5890 code [0x00007faca4ba59e0, 0x00007faca4ba5a78]
Event: 30.018 Thread 0x00007facb4185000 nmethod 2695 0x00007faca4bb4410 code [0x00007faca4bb45c0, 0x00007faca4bb4b18]

GC Heap History (4 events):
Event: 1.628 GC heap before
{Heap before GC invocations=1 (full 0):
 PSYoungGen      total 17920K, used 15360K [0x00000000ec000000, 0x00000000ed400000, 0x0000000100000000)
  eden space 15360K, 100% used [0x00000000ec000000,0x00000000ecf00000,0x00000000ecf00000)
  from space 2560K, 0% used [0x00000000ed180000,0x00000000ed180000,0x00000000ed400000)
  to   space 2560K, 0% used [0x00000000ecf00000,0x00000000ecf00000,0x00000000ed180000)
 ParOldGen       total 40960K, used 0K [0x00000000c4000000, 0x00000000c6800000, 0x00000000ec000000)
  object space 40960K, 0% used [0x00000000c4000000,0x00000000c4000000,0x00000000c6800000)
 Metaspace       used 9089K, capacity 9492K, committed 9600K, reserved 1056768K
  class space    used 1229K, capacity 1347K, committed 1408K, reserved 1048576K
Event: 1.635 GC heap after
Heap after GC invocations=1 (full 0):
 PSYoungGen      total 17920K, used 2544K [0x00000000ec000000, 0x00000000ed400000, 0x0000000100000000)
  eden space 15360K, 0% used [0x00000000ec000000,0x00000000ec000000,0x00000000ecf00000)
  from space 2560K, 99% used [0x00000000ecf00000,0x00000000ed17c030,0x00000000ed180000)
  to   space 2560K, 0% used [0x00000000ed180000,0x00000000ed180000,0x00000000ed400000)
 ParOldGen       total 40960K, used 168K [0x00000000c4000000, 0x00000000c6800000, 0x00000000ec000000)
  object space 40960K, 0% used [0x00000000c4000000,0x00000000c402a000,0x00000000c6800000)
 Metaspace       used 9089K, capacity 9492K, committed 9600K, reserved 1056768K
  class space    used 1229K, capacity 1347K, committed 1408K, reserved 1048576K
}
Event: 9.950 GC heap before
{Heap before GC invocations=2 (full 0):
 PSYoungGen      total 17920K, used 17904K [0x00000000ec000000, 0x00000000ed400000, 0x0000000100000000)
  eden space 15360K, 100% used [0x00000000ec000000,0x00000000ecf00000,0x00000000ecf00000)
  from space 2560K, 99% used [0x00000000ecf00000,0x00000000ed17c030,0x00000000ed180000)
  to   space 2560K, 0% used [0x00000000ed180000,0x00000000ed180000,0x00000000ed400000)
 ParOldGen       total 40960K, used 168K [0x00000000c4000000, 0x00000000c6800000, 0x00000000ec000000)
  object space 40960K, 0% used [0x00000000c4000000,0x00000000c402a000,0x00000000c6800000)
 Metaspace       used 14688K, capacity 15382K, committed 15488K, reserved 1062912K
  class space    used 2153K, capacity 2329K, committed 2432K, reserved 1048576K
Event: 9.965 GC heap after
Heap after GC invocations=2 (full 0):
 PSYoungGen      total 17920K, used 2546K [0x00000000ec000000, 0x00000000ed400000, 0x0000000100000000)
  eden space 15360K, 0% used [0x00000000ec000000,0x00000000ec000000,0x00000000ecf00000)
  from space 2560K, 99% used [0x00000000ed180000,0x00000000ed3fcac0,0x00000000ed400000)
  to   space 2560K, 0% used [0x00000000ecf00000,0x00000000ecf00000,0x00000000ed180000)
 ParOldGen       total 40960K, used 2762K [0x00000000c4000000, 0x00000000c6800000, 0x00000000ec000000)
  object space 40960K, 6% used [0x00000000c4000000,0x00000000c42b2910,0x00000000c6800000)
 Metaspace       used 14688K, capacity 15382K, committed 15488K, reserved 1062912K
  class space    used 2153K, capacity 2329K, committed 2432K, reserved 1048576K
}

Deoptimization events (10 events):
Event: 10.190 Thread 0x00007facb4356000 Uncommon trap: reason=unstable_if action=reinterpret pc=0x00007faca4790354 method=java.lang.StrictMath.floorOrCeil(DDDD)D @ 38
Event: 10.210 Thread 0x00007facb4356000 Uncommon trap: reason=array_check action=maybe_recompile pc=0x00007faca495c2f0 method=com.sun.javafx.css.SimpleSelector.applies(Ljavafx/css/Styleable;[Ljava/util/Set;I)Z @ 37
Event: 10.211 Thread 0x00007facb4356000 Uncommon trap: reason=array_check action=maybe_recompile pc=0x00007faca495c2f0 method=com.sun.javafx.css.SimpleSelector.applies(Ljavafx/css/Styleable;[Ljava/util/Set;I)Z @ 37
Event: 10.211 Thread 0x00007facb4356000 Uncommon trap: reason=array_check action=maybe_recompile pc=0x00007faca495c2f0 method=com.sun.javafx.css.SimpleSelector.applies(Ljavafx/css/Styleable;[Ljava/util/Set;I)Z @ 37
Event: 10.211 Thread 0x00007facb4356000 Uncommon trap: reason=array_check action=maybe_recompile pc=0x00007faca495c2f0 method=com.sun.javafx.css.SimpleSelector.applies(Ljavafx/css/Styleable;[Ljava/util/Set;I)Z @ 37
Event: 26.893 Thread 0x00007facb4356000 Uncommon trap: reason=unstable_if action=reinterpret pc=0x00007faca4973860 method=javafx.scene.Node.updateLocalToParentTransform()V @ 152
Event: 26.893 Thread 0x00007facb4356000 Uncommon trap: reason=unstable_if action=reinterpret pc=0x00007faca4a00758 method=com.sun.javafx.geom.transform.AffineBase.updateState2D()V @ 6
Event: 26.895 Thread 0x00007facb42aa000 Uncommon trap: reason=unstable_if action=reinterpret pc=0x00007faca4a10580 method=com.sun.javafx.geom.transform.AffineBase.updateState2D()V @ 6
Event: 27.244 Thread 0x00007facb4356000 Uncommon trap: reason=unstable_if action=reinterpret pc=0x00007faca4ae4ce0 method=com.sun.javafx.geom.transform.AffineBase.updateState2D()V @ 125
Event: 28.046 Thread 0x00007facb4356000 Uncommon trap: reason=null_check action=make_not_entrant pc=0x00007faca4af3140 method=javafx.scene.Node$MiscProperties.getEffect()Ljavafx/scene/effect/Effect; @ 20

Internal exceptions (10 events):
Event: 0.318 Thread 0x00007facb400a000 Exception <a 'java/security/PrivilegedActionException'> (0x00000000ec25dba8) thrown at [/HUDSON/workspace/8-2-build-linux-amd64/jdk8u72/5732/hotspot/src/share/vm/prims/jvm.cpp, line 1386]
Event: 0.318 Thread 0x00007facb400a000 Exception <a 'java/security/PrivilegedActionException'> (0x00000000ec25ddb8) thrown at [/HUDSON/workspace/8-2-build-linux-amd64/jdk8u72/5732/hotspot/src/share/vm/prims/jvm.cpp, line 1386]
Event: 0.319 Thread 0x00007facb400a000 Exception <a 'java/security/PrivilegedActionException'> (0x00000000ec2601f8) thrown at [/HUDSON/workspace/8-2-build-linux-amd64/jdk8u72/5732/hotspot/src/share/vm/prims/jvm.cpp, line 1386]
Event: 0.319 Thread 0x00007facb400a000 Exception <a 'java/security/PrivilegedActionException'> (0x00000000ec260408) thrown at [/HUDSON/workspace/8-2-build-linux-amd64/jdk8u72/5732/hotspot/src/share/vm/prims/jvm.cpp, line 1386]
Event: 0.319 Thread 0x00007facb400a000 Exception <a 'java/lang/NullPointerException'> (0x00000000ec2609e0) thrown at [/HUDSON/workspace/8-2-build-linux-amd64/jdk8u72/5732/hotspot/src/share/vm/interpreter/linkResolver.cpp, line 1178]
Event: 1.276 Thread 0x00007facb4356000 Exception <a 'java/lang/NullPointerException'> (0x00000000eca19e48) thrown at [/HUDSON/workspace/8-2-build-linux-amd64/jdk8u72/5732/hotspot/src/share/vm/interpreter/linkResolver.cpp, line 1178]
Event: 1.276 Thread 0x00007facb4356000 Exception <a 'java/lang/NullPointerException'> (0x00000000eca19e48) thrown at [/HUDSON/workspace/8-2-build-linux-amd64/jdk8u72/5732/hotspot/src/share/vm/prims/jvm.cpp, line 1390]
Event: 1.620 Thread 0x00007facb4356000 Implicit null exception at 0x00007faca45d1fb5 to 0x00007faca45d2199
Event: 1.719 Thread 0x00007facb4356000 Implicit null exception at 0x00007faca45e2433 to 0x00007faca45e279d
Event: 28.046 Thread 0x00007facb4356000 Implicit null exception at 0x00007faca4af25e0 to 0x00007faca4af3129

Events (10 events):
Event: 26.895 Thread 0x00007facb42aa000 DEOPT PACKING pc=0x00007faca4a10580 sp=0x00007fac92f0f730
Event: 26.895 Thread 0x00007facb42aa000 DEOPT UNPACKING pc=0x00007faca4382229 sp=0x00007fac92f0f640 mode 2
Event: 26.896 loading class com/sun/openpisces/TransformingPathConsumer2D$TransformFilter
Event: 26.896 loading class com/sun/openpisces/TransformingPathConsumer2D$TransformFilter done
Event: 27.244 Thread 0x00007facb4356000 Uncommon trap: trap_request=0xffffff65 fr.pc=0x00007faca4ae4ce0
Event: 27.244 Thread 0x00007facb4356000 DEOPT PACKING pc=0x00007faca4ae4ce0 sp=0x00007fac5a1d0e30
Event: 27.244 Thread 0x00007facb4356000 DEOPT UNPACKING pc=0x00007faca4382229 sp=0x00007fac5a1d0cf8 mode 2
Event: 28.046 Thread 0x00007facb4356000 Uncommon trap: trap_request=0xfffffff4 fr.pc=0x00007faca4af3140
Event: 28.046 Thread 0x00007facb4356000 DEOPT PACKING pc=0x00007faca4af3140 sp=0x00007fac5a1d0e70
Event: 28.046 Thread 0x00007facb4356000 DEOPT UNPACKING pc=0x00007faca4382229 sp=0x00007fac5a1d0d70 mode 2


Dynamic libraries:
00400000-00401000 r-xp 00000000 08:05 5781194                            /usr/lib/jvm/java-8-oracle/jre/bin/java
00600000-00601000 rw-p 00000000 08:05 5781194                            /usr/lib/jvm/java-8-oracle/jre/bin/java
01969000-0198a000 rw-p 00000000 00:00 0                                  [heap]
c4000000-c6800000 rw-p 00000000 00:00 0 
c6800000-ec000000 ---p 00000000 00:00 0 
ec000000-ed400000 rw-p 00000000 00:00 0 
ed400000-100000000 ---p 00000000 00:00 0 
100000000-1002a0000 rw-p 00000000 00:00 0 
1002a0000-140000000 ---p 00000000 00:00 0 
7fac3c000000-7fac3c021000 rw-p 00000000 00:00 0 
7fac3c021000-7fac40000000 ---p 00000000 00:00 0 
7fac40000000-7fac40021000 rw-p 00000000 00:00 0 
7fac40021000-7fac44000000 ---p 00000000 00:00 0 
7fac44000000-7fac44021000 rw-p 00000000 00:00 0 
7fac44021000-7fac48000000 ---p 00000000 00:00 0 
7fac48000000-7fac48382000 rw-p 00000000 00:00 0 
7fac48382000-7fac4c000000 ---p 00000000 00:00 0 
7fac4c000000-7fac4c021000 rw-p 00000000 00:00 0 
7fac4c021000-7fac50000000 ---p 00000000 00:00 0 
7fac50000000-7fac50022000 rw-p 00000000 00:00 0 
7fac50022000-7fac54000000 ---p 00000000 00:00 0 
7fac54000000-7fac54021000 rw-p 00000000 00:00 0 
7fac54021000-7fac58000000 ---p 00000000 00:00 0 
7fac587e3000-7fac58863000 rw-p 00000000 00:00 0 
7fac58863000-7fac589e3000 ---p 00000000 00:00 0 
7fac589eb000-7fac589fb000 rw-s 00000000 00:05 150374                     /drm mm object (deleted)
7fac58a03000-7fac58a0b000 rw-s 00000000 00:05 151167                     /drm mm object (deleted)
7fac58a0b000-7fac58a1b000 rw-s 00000000 00:05 151118                     /drm mm object (deleted)
7fac58a1b000-7fac58a2b000 rw-s 00000000 00:05 151164                     /drm mm object (deleted)
7fac58a2b000-7fac58c2b000 rw-p 00000000 00:00 0 
7fac58c2b000-7fac58c33000 rw-s 00000000 00:05 151163                     /drm mm object (deleted)
7fac58c33000-7fac58c43000 rw-s 00000000 00:05 151158                     /drm mm object (deleted)
7fac58c43000-7fac58c4b000 rw-s 00000000 00:05 150373                     /drm mm object (deleted)
7fac58c4b000-7fac58c4f000 rw-s 100aeb000 00:06 307                       /dev/dri/card0
7fac58c4f000-7fac58e0f000 rw-s 00000000 00:05 152348                     /drm mm object (deleted)
7fac58e11000-7fac58e21000 rw-s 00000000 00:05 152346                     /drm mm object (deleted)
7fac58e21000-7fac58e29000 rw-s 00000000 00:05 152390                     /drm mm object (deleted)
7fac58e29000-7fac58e89000 rw-s 00000000 00:05 152343                     /drm mm object (deleted)
7fac58e89000-7fac58e97000 rw-s 00000000 00:05 152342                     /drm mm object (deleted)
7fac58e9c000-7fac58e9d000 rw-p 00000000 00:00 0 
7fac58e9d000-7fac58e9e000 rw-s 00000000 00:05 152382                     /drm mm object (deleted)
7fac58e9e000-7fac58ea6000 rw-s 00000000 00:05 152388                     /drm mm object (deleted)
7fac58ea6000-7fac58ea7000 rw-s 00000000 00:05 152361                     /drm mm object (deleted)
7fac58ea7000-7fac58eb3000 rw-s 00000000 00:05 152308                     /drm mm object (deleted)
7fac58eb3000-7fac59073000 rw-s 100929000 00:06 307                       /dev/dri/card0
7fac59073000-7fac59085000 r--s 00345000 08:05 5641302                    /usr/lib/jvm/java-8-oracle/jre/lib/resources.jar
7fac59085000-7fac59131000 r--p 00000000 08:05 525411                     /usr/share/fonts/truetype/dejavu/DejaVuSans-Bold.ttf
7fac59131000-7fac59331000 rw-p 00000000 00:00 0 
7fac59331000-7fac59334000 ---p 00000000 00:00 0 
7fac59334000-7fac59432000 rw-p 00000000 00:00 0                          [stack:4918]
7fac59432000-7fac594eb000 r--p 00000000 08:05 525412                     /usr/share/fonts/truetype/dejavu/DejaVuSans.ttf
7fac594eb000-7fac594f0000 r--s 00084000 08:05 5641292                    /usr/lib/jvm/java-8-oracle/jre/lib/jfr.jar
7fac594f0000-7fac5953e000 r--p 00000000 08:05 5781144                    /usr/lib/jvm/java-8-oracle/jre/lib/fonts/LucidaSansDemiBold.ttf
7fac5953e000-7fac59552000 r--p 00000000 08:05 5781138                    /usr/lib/jvm/java-8-oracle/jre/lib/fonts/LucidaBrightItalic.ttf
7fac59552000-7fac5958e000 r--p 00000000 08:05 5781137                    /usr/lib/jvm/java-8-oracle/jre/lib/fonts/LucidaTypewriterRegular.ttf
7fac5958e000-7fac595c8000 r--p 00000000 08:05 5781140                    /usr/lib/jvm/java-8-oracle/jre/lib/fonts/LucidaTypewriterBold.ttf
7fac595c8000-7fac595db000 r--p 00000000 08:05 5781142                    /usr/lib/jvm/java-8-oracle/jre/lib/fonts/LucidaBrightDemiItalic.ttf
7fac595db000-7fac59686000 r--p 00000000 08:05 5781141                    /usr/lib/jvm/java-8-oracle/jre/lib/fonts/LucidaSansRegular.ttf
7fac59686000-7fac59699000 r--p 00000000 08:05 5781143                    /usr/lib/jvm/java-8-oracle/jre/lib/fonts/LucidaBrightDemiBold.ttf
7fac59699000-7fac596ee000 r--p 00000000 08:05 5781139                    /usr/lib/jvm/java-8-oracle/jre/lib/fonts/LucidaBrightRegular.ttf
7fac596ee000-7fac596f2000 r-xp 00000000 08:05 5781019                    /usr/lib/jvm/java-8-oracle/jre/lib/amd64/libjavafx_font_pango.so
7fac596f2000-7fac598f1000 ---p 00004000 08:05 5781019                    /usr/lib/jvm/java-8-oracle/jre/lib/amd64/libjavafx_font_pango.so
7fac598f1000-7fac598f2000 rw-p 00003000 08:05 5781019                    /usr/lib/jvm/java-8-oracle/jre/lib/amd64/libjavafx_font_pango.so
7fac598f2000-7fac598f3000 r--s 00001000 08:05 2490400                    /home/kraulain/NetBeansProjects/COT-MIS2/dist/run904573807/lib/slf4j-simple-1.6.1.jar
7fac598f3000-7fac598f5000 r--s 00005000 08:05 2490399                    /home/kraulain/NetBeansProjects/COT-MIS2/dist/run904573807/lib/slf4j-api-1.6.1.jar
7fac598f5000-7fac598fd000 r--s 000c4000 08:05 2490398                    /home/kraulain/NetBeansProjects/COT-MIS2/dist/run904573807/lib/mysql-connector-java-5.1.23-bin.jar
7fac598fd000-7fac598fe000 r--s 00006000 08:05 2490396                    /home/kraulain/NetBeansProjects/COT-MIS2/dist/run904573807/lib/jboss-transaction-api_1.2_spec-1.0.0.Final.jar
7fac598fe000-7fac59901000 r--s 0000c000 08:05 2490395                    /home/kraulain/NetBeansProjects/COT-MIS2/dist/run904573807/lib/jboss-logging-3.1.3.GA.jar
7fac59901000-7fac5990b000 r--s 000a2000 08:05 2490394                    /home/kraulain/NetBeansProjects/COT-MIS2/dist/run904573807/lib/javassist-3.18.1-GA.jar
7fac5990b000-7fac59911000 r--s 00017000 08:05 2490393                    /home/kraulain/NetBeansProjects/COT-MIS2/dist/run904573807/lib/hibernate-jpa-2.1-api-1.0.0.Final.jar
7fac59911000-7fac5991f000 r--s 00090000 08:05 2490392                    /home/kraulain/NetBeansProjects/COT-MIS2/dist/run904573807/lib/hibernate-entitymanager-4.3.1.Final.jar
7fac5991f000-7fac59922000 r--s 0001e000 08:05 2490391                    /home/kraulain/NetBeansProjects/COT-MIS2/dist/run904573807/lib/hibernate-ehcache-4.3.1.Final.jar
7fac59922000-7fac5997f000 r--s 00496000 08:05 2490390                    /home/kraulain/NetBeansProjects/COT-MIS2/dist/run904573807/lib/hibernate-core-4.3.1.Final.jar
7fac5997f000-7fac59982000 r--s 00010000 08:05 2490389                    /home/kraulain/NetBeansProjects/COT-MIS2/dist/run904573807/lib/hibernate-commons-annotations-4.0.4.Final.jar
7fac59982000-7fac59983000 r--s 00009000 08:05 2490388                    /home/kraulain/NetBeansProjects/COT-MIS2/dist/run904573807/lib/hibernate-c3p0-4.3.1.Final.jar
7fac59983000-7fac59998000 r--s 000e1000 08:05 2490387                    /home/kraulain/NetBeansProjects/COT-MIS2/dist/run904573807/lib/ehcache-core-2.4.3.jar
7fac59998000-7fac5999d000 r--s 00047000 08:05 2490386                    /home/kraulain/NetBeansProjects/COT-MIS2/dist/run904573807/lib/dom4j-1.6.1.jar
7fac5999d000-7fac599ac000 r--s 00080000 08:05 2490397                    /home/kraulain/NetBeansProjects/COT-MIS2/dist/run904573807/lib/mchange-commons-java-0.2.3.4.jar
7fac599ac000-7fac599b3000 r--s 00061000 08:05 2490385                    /home/kraulain/NetBeansProjects/COT-MIS2/dist/run904573807/lib/c3p0-0.9.2.1.jar
7fac599b3000-7fac599b8000 r--s 00066000 08:05 2490384                    /home/kraulain/NetBeansProjects/COT-MIS2/dist/run904573807/lib/antlr-2.7.7.jar
7fac599b8000-7fac59bb8000 rw-p 00000000 00:00 0 
7fac59bb8000-7fac59bc3000 r--s 00000000 08:05 4849754                    /var/cache/fontconfig/945677eb7aeaf62f1d50efc3fb3ec7d8-le64.cache-4
7fac59bc3000-7fac59bc9000 r--s 00000000 08:05 4849739                    /var/cache/fontconfig/2cd17615ca594fa2959ae173292e504c-le64.cache-4
7fac59bc9000-7fac59bca000 r--s 00000000 08:05 4849736                    /var/cache/fontconfig/0d8c3b2ac0904cb8a57a757ad11a4a08-le64.cache-4
7fac59bca000-7fac59bcf000 r-xp 00000000 08:05 5780943                    /usr/lib/jvm/java-8-oracle/jre/lib/amd64/libjavafx_font_freetype.so
7fac59bcf000-7fac59dce000 ---p 00005000 08:05 5780943                    /usr/lib/jvm/java-8-oracle/jre/lib/amd64/libjavafx_font_freetype.so
7fac59dce000-7fac59dcf000 rw-p 00004000 08:05 5780943                    /usr/lib/jvm/java-8-oracle/jre/lib/amd64/libjavafx_font_freetype.so
7fac59dcf000-7fac59dd2000 r-xp 00000000 08:05 5780947                    /usr/lib/jvm/java-8-oracle/jre/lib/amd64/libjavafx_font.so
7fac59dd2000-7fac59fd1000 ---p 00003000 08:05 5780947                    /usr/lib/jvm/java-8-oracle/jre/lib/amd64/libjavafx_font.so
7fac59fd1000-7fac59fd2000 rw-p 00002000 08:05 5780947                    /usr/lib/jvm/java-8-oracle/jre/lib/amd64/libjavafx_font.so
7fac59fd2000-7fac59fd5000 ---p 00000000 00:00 0 
7fac59fd5000-7fac5a0d3000 rw-p 00000000 00:00 0                          [stack:4917]
7fac5a0d3000-7fac5a0d6000 ---p 00000000 00:00 0 
7fac5a0d6000-7fac5a1d4000 rw-p 00000000 00:00 0                          [stack:4916]
7fac5a1d4000-7fac5a1d5000 ---p 00000000 00:00 0 
7fac5a1d5000-7fac5a9d5000 rw-p 00000000 00:00 0                          [stack:4914]
7fac5a9d5000-7fac5a9d6000 ---p 00000000 00:00 0 
7fac5a9d6000-7fac5b1d6000 rw-p 00000000 00:00 0                          [stack:4913]
7fac5b1d6000-7fac5b1d7000 ---p 00000000 00:00 0 
7fac5b1d7000-7fac5b9d7000 rw-p 00000000 00:00 0                          [stack:4912]
7fac5b9d7000-7fac5b9e2000 r-xp 00000000 08:05 5636574                    /usr/lib/x86_64-linux-gnu/gio/modules/libdconfsettings.so
7fac5b9e2000-7fac5bbe2000 ---p 0000b000 08:05 5636574                    /usr/lib/x86_64-linux-gnu/gio/modules/libdconfsettings.so
7fac5bbe2000-7fac5bbe3000 r--p 0000b000 08:05 5636574                    /usr/lib/x86_64-linux-gnu/gio/modules/libdconfsettings.so
7fac5bbe3000-7fac5bbe4000 rw-p 0000c000 08:05 5636574                    /usr/lib/x86_64-linux-gnu/gio/modules/libdconfsettings.so
7fac5bbe4000-7fac5bbeb000 r-xp 00000000 08:05 5252813                    /usr/lib/x86_64-linux-gnu/libogg.so.0.8.2
7fac5bbeb000-7fac5bdeb000 ---p 00007000 08:05 5252813                    /usr/lib/x86_64-linux-gnu/libogg.so.0.8.2
7fac5bdeb000-7fac5bdec000 r--p 00007000 08:05 5252813                    /usr/lib/x86_64-linux-gnu/libogg.so.0.8.2
7fac5bdec000-7fac5bded000 rw-p 00008000 08:05 5252813                    /usr/lib/x86_64-linux-gnu/libogg.so.0.8.2
7fac5bded000-7fac5be18000 r-xp 00000000 08:05 5253133                    /usr/lib/x86_64-linux-gnu/libvorbis.so.0.4.7
7fac5be18000-7fac5c017000 ---p 0002b000 08:05 5253133                    /usr/lib/x86_64-linux-gnu/libvorbis.so.0.4.7
7fac5c017000-7fac5c018000 r--p 0002a000 08:05 5253133                    /usr/lib/x86_64-linux-gnu/libvorbis.so.0.4.7
7fac5c018000-7fac5c019000 rw-p 0002b000 08:05 5253133                    /usr/lib/x86_64-linux-gnu/libvorbis.so.0.4.7
7fac5c019000-7fac5c022000 r-xp 00000000 08:05 5252698                    /usr/lib/x86_64-linux-gnu/libltdl.so.7.3.0
7fac5c022000-7fac5c221000 ---p 00009000 08:05 5252698                    /usr/lib/x86_64-linux-gnu/libltdl.so.7.3.0
7fac5c221000-7fac5c222000 r--p 00008000 08:05 5252698                    /usr/lib/x86_64-linux-gnu/libltdl.so.7.3.0
7fac5c222000-7fac5c223000 rw-p 00009000 08:05 5252698                    /usr/lib/x86_64-linux-gnu/libltdl.so.7.3.0
7fac5c223000-7fac5c237000 r-xp 00000000 08:05 5253040                    /usr/lib/x86_64-linux-gnu/libtdb.so.1.3.5
7fac5c237000-7fac5c436000 ---p 00014000 08:05 5253040                    /usr/lib/x86_64-linux-gnu/libtdb.so.1.3.5
7fac5c436000-7fac5c437000 r--p 00013000 08:05 5253040                    /usr/lib/x86_64-linux-gnu/libtdb.so.1.3.5
7fac5c437000-7fac5c438000 rw-p 00014000 08:05 5253040                    /usr/lib/x86_64-linux-gnu/libtdb.so.1.3.5
7fac5c438000-7fac5c43f000 r-xp 00000000 08:05 5253137                    /usr/lib/x86_64-linux-gnu/libvorbisfile.so.3.3.6
7fac5c43f000-7fac5c63f000 ---p 00007000 08:05 5253137                    /usr/lib/x86_64-linux-gnu/libvorbisfile.so.3.3.6
7fac5c63f000-7fac5c640000 r--p 00007000 08:05 5253137                    /usr/lib/x86_64-linux-gnu/libvorbisfile.so.3.3.6
7fac5c640000-7fac5c641000 rw-p 00008000 08:05 5253137                    /usr/lib/x86_64-linux-gnu/libvorbisfile.so.3.3.6
7fac5c641000-7fac5c651000 r-xp 00000000 08:05 5252207                    /usr/lib/x86_64-linux-gnu/libcanberra.so.0.2.5
7fac5c651000-7fac5c851000 ---p 00010000 08:05 5252207                    /usr/lib/x86_64-linux-gnu/libcanberra.so.0.2.5
7fac5c851000-7fac5c852000 r--p 00010000 08:05 5252207                    /usr/lib/x86_64-linux-gnu/libcanberra.so.0.2.5
7fac5c852000-7fac5c853000 rw-p 00011000 08:05 5252207                    /usr/lib/x86_64-linux-gnu/libcanberra.so.0.2.5
7fac5c853000-7fac5c857000 r-xp 00000000 08:05 5252203                    /usr/lib/x86_64-linux-gnu/libcanberra-gtk.so.0.1.9
7fac5c857000-7fac5ca56000 ---p 00004000 08:05 5252203                    /usr/lib/x86_64-linux-gnu/libcanberra-gtk.so.0.1.9
7fac5ca56000-7fac5ca57000 r--p 00003000 08:05 5252203                    /usr/lib/x86_64-linux-gnu/libcanberra-gtk.so.0.1.9
7fac5ca57000-7fac5ca58000 rw-p 00004000 08:05 5252203                    /usr/lib/x86_64-linux-gnu/libcanberra-gtk.so.0.1.9
7fac5ca58000-7fac5ca5d000 r-xp 00000000 08:05 5636607                    /usr/lib/x86_64-linux-gnu/gtk-2.0/modules/libcanberra-gtk-module.so
7fac5ca5d000-7fac5cc5c000 ---p 00005000 08:05 5636607                    /usr/lib/x86_64-linux-gnu/gtk-2.0/modules/libcanberra-gtk-module.so
7fac5cc5c000-7fac5cc5d000 r--p 00004000 08:05 5636607                    /usr/lib/x86_64-linux-gnu/gtk-2.0/modules/libcanberra-gtk-module.so
7fac5cc5d000-7fac5cc5e000 rw-p 00005000 08:05 5636607                    /usr/lib/x86_64-linux-gnu/gtk-2.0/modules/libcanberra-gtk-module.so
7fac5cc5e000-7fac5cc8d000 r-xp 00000000 08:05 5636589                    /usr/lib/x86_64-linux-gnu/gtk-2.0/2.10.0/engines/libmurrine.so
7fac5cc8d000-7fac5ce8d000 ---p 0002f000 08:05 5636589                    /usr/lib/x86_64-linux-gnu/gtk-2.0/2.10.0/engines/libmurrine.so
7fac5ce8d000-7fac5ce8e000 r--p 0002f000 08:05 5636589                    /usr/lib/x86_64-linux-gnu/gtk-2.0/2.10.0/engines/libmurrine.so
7fac5ce8e000-7fac5ce8f000 rw-p 00030000 08:05 5636589                    /usr/lib/x86_64-linux-gnu/gtk-2.0/2.10.0/engines/libmurrine.so
7fac5ce8f000-7fac5ce9f000 r-xp 00000000 08:05 5253096                    /usr/lib/x86_64-linux-gnu/libunity-gtk2-parser.so.0.0.0
7fac5ce9f000-7fac5d09f000 ---p 00010000 08:05 5253096                    /usr/lib/x86_64-linux-gnu/libunity-gtk2-parser.so.0.0.0
7fac5d09f000-7fac5d0a0000 r--p 00010000 08:05 5253096                    /usr/lib/x86_64-linux-gnu/libunity-gtk2-parser.so.0.0.0
7fac5d0a0000-7fac5d0a1000 rw-p 00011000 08:05 5253096                    /usr/lib/x86_64-linux-gnu/libunity-gtk2-parser.so.0.0.0
7fac5d0a1000-7fac5d0a6000 r-xp 00000000 08:05 5636611                    /usr/lib/x86_64-linux-gnu/gtk-2.0/modules/libunity-gtk-module.so
7fac5d0a6000-7fac5d2a5000 ---p 00005000 08:05 5636611                    /usr/lib/x86_64-linux-gnu/gtk-2.0/modules/libunity-gtk-module.so
7fac5d2a5000-7fac5d2a6000 r--p 00004000 08:05 5636611                    /usr/lib/x86_64-linux-gnu/gtk-2.0/modules/libunity-gtk-module.so
7fac5d2a6000-7fac5d2a7000 rw-p 00005000 08:05 5636611                    /usr/lib/x86_64-linux-gnu/gtk-2.0/modules/libunity-gtk-module.so
7fac5d2a7000-7fac5d2b8000 r-xp 00000000 08:05 5636610                    /usr/lib/x86_64-linux-gnu/gtk-2.0/modules/liboverlay-scrollbar.so
7fac5d2b8000-7fac5d4b8000 ---p 00011000 08:05 5636610                    /usr/lib/x86_64-linux-gnu/gtk-2.0/modules/liboverlay-scrollbar.so
7fac5d4b8000-7fac5d4b9000 r--p 00011000 08:05 5636610                    /usr/lib/x86_64-linux-gnu/gtk-2.0/modules/liboverlay-scrollbar.so
7fac5d4b9000-7fac5d4ba000 rw-p 00012000 08:05 5636610                    /usr/lib/x86_64-linux-gnu/gtk-2.0/modules/liboverlay-scrollbar.so
7fac5d4ba000-7fac5d4e3000 r-xp 00000000 08:05 5780952                    /usr/lib/jvm/java-8-oracle/jre/lib/amd64/libglass.so
7fac5d4e3000-7fac5d6e2000 ---p 00029000 08:05 5780952                    /usr/lib/jvm/java-8-oracle/jre/lib/amd64/libglass.so
7fac5d6e2000-7fac5d6e5000 rw-p 00028000 08:05 5780952                    /usr/lib/jvm/java-8-oracle/jre/lib/amd64/libglass.so
7fac5d6e5000-7fac5d71c000 r-xp 00000000 08:05 5253079                    /usr/lib/x86_64-linux-gnu/libtxc_dxtn_s2tc.so.0.0.0
7fac5d71c000-7fac5d91b000 ---p 00037000 08:05 5253079                    /usr/lib/x86_64-linux-gnu/libtxc_dxtn_s2tc.so.0.0.0
7fac5d91b000-7fac5d91c000 r--p 00036000 08:05 5253079                    /usr/lib/x86_64-linux-gnu/libtxc_dxtn_s2tc.so.0.0.0
7fac5d91c000-7fac5d91d000 rw-p 00037000 08:05 5253079                    /usr/lib/x86_64-linux-gnu/libtxc_dxtn_s2tc.so.0.0.0
7fac5d91d000-7fac5d925000 r-xp 00000000 08:05 5252843                    /usr/lib/x86_64-linux-gnu/libpciaccess.so.0.11.1
7fac5d925000-7fac5db25000 ---p 00008000 08:05 5252843                    /usr/lib/x86_64-linux-gnu/libpciaccess.so.0.11.1
7fac5db25000-7fac5db26000 r--p 00008000 08:05 5252843                    /usr/lib/x86_64-linux-gnu/libpciaccess.so.0.11.1
7fac5db26000-7fac5db27000 rw-p 00009000 08:05 5252843                    /usr/lib/x86_64-linux-gnu/libpciaccess.so.0.11.1
7fac5db27000-7fac5db32000 r-xp 00000000 08:05 5252333                    /usr/lib/x86_64-linux-gnu/libdrm_radeon.so.1.0.1
7fac5db32000-7fac5dd31000 ---p 0000b000 08:05 5252333                    /usr/lib/x86_64-linux-gnu/libdrm_radeon.so.1.0.1
7fac5dd31000-7fac5dd32000 r--p 0000a000 08:05 5252333                    /usr/lib/x86_64-linux-gnu/libdrm_radeon.so.1.0.1
7fac5dd32000-7fac5dd33000 rw-p 0000b000 08:05 5252333                    /usr/lib/x86_64-linux-gnu/libdrm_radeon.so.1.0.1
7fac5dd33000-7fac5dd39000 r-xp 00000000 08:05 5252331                    /usr/lib/x86_64-linux-gnu/libdrm_nouveau.so.2.0.0
7fac5dd39000-7fac5df38000 ---p 00006000 08:05 5252331                    /usr/lib/x86_64-linux-gnu/libdrm_nouveau.so.2.0.0
7fac5df38000-7fac5df39000 r--p 00005000 08:05 5252331                    /usr/lib/x86_64-linux-gnu/libdrm_nouveau.so.2.0.0
7fac5df39000-7fac5df3a000 rw-p 00006000 08:05 5252331                    /usr/lib/x86_64-linux-gnu/libdrm_nouveau.so.2.0.0
7fac5df3a000-7fac5df5a000 r-xp 00000000 08:05 5252329                    /usr/lib/x86_64-linux-gnu/libdrm_intel.so.1.0.0
7fac5df5a000-7fac5e159000 ---p 00020000 08:05 5252329                    /usr/lib/x86_64-linux-gnu/libdrm_intel.so.1.0.0
7fac5e159000-7fac5e15a000 r--p 0001f000 08:05 5252329                    /usr/lib/x86_64-linux-gnu/libdrm_intel.so.1.0.0
7fac5e15a000-7fac5e15b000 rw-p 00020000 08:05 5252329                    /usr/lib/x86_64-linux-gnu/libdrm_intel.so.1.0.0
7fac5e15b000-7fac5e70d000 r-xp 00000000 08:05 5508073                    /usr/lib/x86_64-linux-gnu/dri/i965_dri.so
7fac5e70d000-7fac5e90c000 ---p 005b2000 08:05 5508073                    /usr/lib/x86_64-linux-gnu/dri/i965_dri.so
7fac5e90c000-7fac5e939000 r--p 005b1000 08:05 5508073                    /usr/lib/x86_64-linux-gnu/dri/i965_dri.so
7fac5e939000-7fac5e93f000 rw-p 005de000 08:05 5508073                    /usr/lib/x86_64-linux-gnu/dri/i965_dri.so
7fac5e93f000-7fac5e947000 rw-p 00000000 00:00 0 
7fac5e947000-7fac5e94d000 r-xp 00000000 08:05 5252282                    /usr/lib/x86_64-linux-gnu/libdatrie.so.1.3.2
7fac5e94d000-7fac5eb4c000 ---p 00006000 08:05 5252282                    /usr/lib/x86_64-linux-gnu/libdatrie.so.1.3.2
7fac5eb4c000-7fac5eb4d000 r--p 00005000 08:05 5252282                    /usr/lib/x86_64-linux-gnu/libdatrie.so.1.3.2
7fac5eb4d000-7fac5eb4e000 rw-p 00006000 08:05 5252282                    /usr/lib/x86_64-linux-gnu/libdatrie.so.1.3.2
7fac5eb4e000-7fac5eb53000 r-xp 00000000 08:05 5252065                    /usr/lib/x86_64-linux-gnu/libXdmcp.so.6.0.0
7fac5eb53000-7fac5ed52000 ---p 00005000 08:05 5252065                    /usr/lib/x86_64-linux-gnu/libXdmcp.so.6.0.0
7fac5ed52000-7fac5ed53000 r--p 00004000 08:05 5252065                    /usr/lib/x86_64-linux-gnu/libXdmcp.so.6.0.0
7fac5ed53000-7fac5ed54000 rw-p 00005000 08:05 5252065                    /usr/lib/x86_64-linux-gnu/libXdmcp.so.6.0.0
7fac5ed54000-7fac5ed56000 r-xp 00000000 08:05 5252054                    /usr/lib/x86_64-linux-gnu/libXau.so.6.0.0
7fac5ed56000-7fac5ef56000 ---p 00002000 08:05 5252054                    /usr/lib/x86_64-linux-gnu/libXau.so.6.0.0
7fac5ef56000-7fac5ef57000 r--p 00002000 08:05 5252054                    /usr/lib/x86_64-linux-gnu/libXau.so.6.0.0
7fac5ef57000-7fac5ef58000 rw-p 00003000 08:05 5252054                    /usr/lib/x86_64-linux-gnu/libXau.so.6.0.0
7fac5ef58000-7fac5ef71000 r-xp 00000000 08:05 5248584                    /usr/lib/x86_64-linux-gnu/libgraphite2.so.3.0.1
7fac5ef71000-7fac5f170000 ---p 00019000 08:05 5248584                    /usr/lib/x86_64-linux-gnu/libgraphite2.so.3.0.1
7fac5f170000-7fac5f172000 r--p 00018000 08:05 5248584                    /usr/lib/x86_64-linux-gnu/libgraphite2.so.3.0.1
7fac5f172000-7fac5f173000 rw-p 0001a000 08:05 5248584                    /usr/lib/x86_64-linux-gnu/libgraphite2.so.3.0.1
7fac5f173000-7fac5f180000 r-xp 00000000 08:05 5252325                    /usr/lib/x86_64-linux-gnu/libdrm.so.2.4.0
7fac5f180000-7fac5f37f000 ---p 0000d000 08:05 5252325                    /usr/lib/x86_64-linux-gnu/libdrm.so.2.4.0
7fac5f37f000-7fac5f380000 r--p 0000c000 08:05 5252325                    /usr/lib/x86_64-linux-gnu/libdrm.so.2.4.0
7fac5f380000-7fac5f381000 rw-p 0000d000 08:05 5252325                    /usr/lib/x86_64-linux-gnu/libdrm.so.2.4.0
7fac5f381000-7fac5f382000 r-xp 00000000 08:05 5253258                    /usr/lib/x86_64-linux-gnu/libxshmfence.so.1.0.0
7fac5f382000-7fac5f582000 ---p 00001000 08:05 5253258                    /usr/lib/x86_64-linux-gnu/libxshmfence.so.1.0.0
7fac5f582000-7fac5f583000 r--p 00001000 08:05 5253258                    /usr/lib/x86_64-linux-gnu/libxshmfence.so.1.0.0
7fac5f583000-7fac5f584000 rw-p 00002000 08:05 5253258                    /usr/lib/x86_64-linux-gnu/libxshmfence.so.1.0.0
7fac5f584000-7fac5f589000 r-xp 00000000 08:05 5253240                    /usr/lib/x86_64-linux-gnu/libxcb-sync.so.1.0.0
7fac5f589000-7fac5f789000 ---p 00005000 08:05 5253240                    /usr/lib/x86_64-linux-gnu/libxcb-sync.so.1.0.0
7fac5f789000-7fac5f78a000 r--p 00005000 08:05 5253240                    /usr/lib/x86_64-linux-gnu/libxcb-sync.so.1.0.0
7fac5f78a000-7fac5f78b000 rw-p 00006000 08:05 5253240                    /usr/lib/x86_64-linux-gnu/libxcb-sync.so.1.0.0
7fac5f78b000-7fac5f78d000 r-xp 00000000 08:05 5253228                    /usr/lib/x86_64-linux-gnu/libxcb-present.so.0.0.0
7fac5f78d000-7fac5f98c000 ---p 00002000 08:05 5253228                    /usr/lib/x86_64-linux-gnu/libxcb-present.so.0.0.0
7fac5f98c000-7fac5f98d000 r--p 00001000 08:05 5253228                    /usr/lib/x86_64-linux-gnu/libxcb-present.so.0.0.0
7fac5f98d000-7fac5f98e000 rw-p 00002000 08:05 5253228                    /usr/lib/x86_64-linux-gnu/libxcb-present.so.0.0.0
7fac5f98e000-7fac5f990000 r-xp 00000000 08:05 5253218                    /usr/lib/x86_64-linux-gnu/libxcb-dri3.so.0.0.0
7fac5f990000-7fac5fb8f000 ---p 00002000 08:05 5253218                    /usr/lib/x86_64-linux-gnu/libxcb-dri3.so.0.0.0
7fac5fb8f000-7fac5fb90000 r--p 00001000 08:05 5253218                    /usr/lib/x86_64-linux-gnu/libxcb-dri3.so.0.0.0
7fac5fb90000-7fac5fb91000 rw-p 00002000 08:05 5253218                    /usr/lib/x86_64-linux-gnu/libxcb-dri3.so.0.0.0
7fac5fb91000-7fac5fb95000 r-xp 00000000 08:05 5253216                    /usr/lib/x86_64-linux-gnu/libxcb-dri2.so.0.0.0
7fac5fb95000-7fac5fd94000 ---p 00004000 08:05 5253216                    /usr/lib/x86_64-linux-gnu/libxcb-dri2.so.0.0.0
7fac5fd94000-7fac5fd95000 r--p 00003000 08:05 5253216                    /usr/lib/x86_64-linux-gnu/libxcb-dri2.so.0.0.0
7fac5fd95000-7fac5fd96000 rw-p 00004000 08:05 5253216                    /usr/lib/x86_64-linux-gnu/libxcb-dri2.so.0.0.0
7fac5fd96000-7fac5fdad000 r-xp 00000000 08:05 5253220                    /usr/lib/x86_64-linux-gnu/libxcb-glx.so.0.0.0
7fac5fdad000-7fac5ffac000 ---p 00017000 08:05 5253220                    /usr/lib/x86_64-linux-gnu/libxcb-glx.so.0.0.0
7fac5ffac000-7fac5ffae000 r--p 00016000 08:05 5253220                    /usr/lib/x86_64-linux-gnu/libxcb-glx.so.0.0.0
7fac5ffae000-7fac5ffaf000 rw-p 00018000 08:05 5253220                    /usr/lib/x86_64-linux-gnu/libxcb-glx.so.0.0.0
7fac5ffaf000-7fac5ffb0000 r-xp 00000000 08:05 5252048                    /usr/lib/x86_64-linux-gnu/libX11-xcb.so.1.0.0
7fac5ffb0000-7fac601af000 ---p 00001000 08:05 5252048                    /usr/lib/x86_64-linux-gnu/libX11-xcb.so.1.0.0
7fac601af000-7fac601b0000 r--p 00000000 08:05 5252048                    /usr/lib/x86_64-linux-gnu/libX11-xcb.so.1.0.0
7fac601b0000-7fac601b1000 rw-p 00001000 08:05 5252048                    /usr/lib/x86_64-linux-gnu/libX11-xcb.so.1.0.0
7fac601b1000-7fac601da000 r-xp 00000000 08:05 5252484                    /usr/lib/x86_64-linux-gnu/libglapi.so.0.0.0
7fac601da000-7fac603d9000 ---p 00029000 08:05 5252484                    /usr/lib/x86_64-linux-gnu/libglapi.so.0.0.0
7fac603d9000-7fac603dd000 r--p 00028000 08:05 5252484                    /usr/lib/x86_64-linux-gnu/libglapi.so.0.0.0
7fac603dd000-7fac603de000 rw-p 0002c000 08:05 5252484                    /usr/lib/x86_64-linux-gnu/libglapi.so.0.0.0
7fac603de000-7fac603df000 rw-p 00000000 00:00 0 
7fac603df000-7fac6044b000 r-xp 00000000 08:05 2101774                    /lib/x86_64-linux-gnu/libpcre.so.3.13.1
7fac6044b000-7fac6064a000 ---p 0006c000 08:05 2101774                    /lib/x86_64-linux-gnu/libpcre.so.3.13.1
7fac6064a000-7fac6064b000 r--p 0006b000 08:05 2101774                    /lib/x86_64-linux-gnu/libpcre.so.3.13.1
7fac6064b000-7fac6064c000 rw-p 0006c000 08:05 2101774                    /lib/x86_64-linux-gnu/libpcre.so.3.13.1
7fac6064c000-7fac60653000 r-xp 00000000 08:05 5252373                    /usr/lib/x86_64-linux-gnu/libffi.so.6.0.4
7fac60653000-7fac60852000 ---p 00007000 08:05 5252373                    /usr/lib/x86_64-linux-gnu/libffi.so.6.0.4
7fac60852000-7fac60853000 r--p 00006000 08:05 5252373                    /usr/lib/x86_64-linux-gnu/libffi.so.6.0.4
7fac60853000-7fac60854000 rw-p 00007000 08:05 5252373                    /usr/lib/x86_64-linux-gnu/libffi.so.6.0.4
7fac60854000-7fac6087a000 r-xp 00000000 08:05 2101681                    /lib/x86_64-linux-gnu/libexpat.so.1.6.0
7fac6087a000-7fac60a7a000 ---p 00026000 08:05 2101681                    /lib/x86_64-linux-gnu/libexpat.so.1.6.0
7fac60a7a000-7fac60a7c000 r--p 00026000 08:05 2101681                    /lib/x86_64-linux-gnu/libexpat.so.1.6.0
7fac60a7c000-7fac60a7d000 rw-p 00028000 08:05 2101681                    /lib/x86_64-linux-gnu/libexpat.so.1.6.0
7fac60a7d000-7fac60a85000 r-xp 00000000 08:05 5253052                    /usr/lib/x86_64-linux-gnu/libthai.so.0.2.2
7fac60a85000-7fac60c84000 ---p 00008000 08:05 5253052                    /usr/lib/x86_64-linux-gnu/libthai.so.0.2.2
7fac60c84000-7fac60c85000 r--p 00007000 08:05 5253052                    /usr/lib/x86_64-linux-gnu/libthai.so.0.2.2
7fac60c85000-7fac60c86000 rw-p 00008000 08:05 5253052                    /usr/lib/x86_64-linux-gnu/libthai.so.0.2.2
7fac60c86000-7fac60ca6000 r-xp 00000000 08:05 5253248                    /usr/lib/x86_64-linux-gnu/libxcb.so.1.1.0
7fac60ca6000-7fac60ea5000 ---p 00020000 08:05 5253248                    /usr/lib/x86_64-linux-gnu/libxcb.so.1.1.0
7fac60ea5000-7fac60ea6000 r--p 0001f000 08:05 5253248                    /usr/lib/x86_64-linux-gnu/libxcb.so.1.1.0
7fac60ea6000-7fac60ea7000 rw-p 00020000 08:05 5253248                    /usr/lib/x86_64-linux-gnu/libxcb.so.1.1.0
7fac60ea7000-7fac60eaf000 r-xp 00000000 08:05 5253234                    /usr/lib/x86_64-linux-gnu/libxcb-render.so.0.0.0
7fac60eaf000-7fac610af000 ---p 00008000 08:05 5253234                    /usr/lib/x86_64-linux-gnu/libxcb-render.so.0.0.0
7fac610af000-7fac610b0000 r--p 00008000 08:05 5253234                    /usr/lib/x86_64-linux-gnu/libxcb-render.so.0.0.0
7fac610b0000-7fac610b1000 rw-p 00009000 08:05 5253234                    /usr/lib/x86_64-linux-gnu/libxcb-render.so.0.0.0
7fac610b1000-7fac610b3000 r-xp 00000000 08:05 5253238                    /usr/lib/x86_64-linux-gnu/libxcb-shm.so.0.0.0
7fac610b3000-7fac612b3000 ---p 00002000 08:05 5253238                    /usr/lib/x86_64-linux-gnu/libxcb-shm.so.0.0.0
7fac612b3000-7fac612b4000 r--p 00002000 08:05 5253238                    /usr/lib/x86_64-linux-gnu/libxcb-shm.so.0.0.0
7fac612b4000-7fac612b5000 rw-p 00003000 08:05 5253238                    /usr/lib/x86_64-linux-gnu/libxcb-shm.so.0.0.0
7fac612b5000-7fac612da000 r-xp 00000000 08:05 2106866                    /lib/x86_64-linux-gnu/libpng12.so.0.51.0
7fac612da000-7fac614d9000 ---p 00025000 08:05 2106866                    /lib/x86_64-linux-gnu/libpng12.so.0.51.0
7fac614d9000-7fac614da000 r--p 00024000 08:05 2106866                    /lib/x86_64-linux-gnu/libpng12.so.0.51.0
7fac614da000-7fac614db000 rw-p 00025000 08:05 2106866                    /lib/x86_64-linux-gnu/libpng12.so.0.51.0
7fac614db000-7fac61580000 r-xp 00000000 08:05 5252854                    /usr/lib/x86_64-linux-gnu/libpixman-1.so.0.32.6
7fac61580000-7fac6177f000 ---p 000a5000 08:05 5252854                    /usr/lib/x86_64-linux-gnu/libpixman-1.so.0.32.6
7fac6177f000-7fac61787000 r--p 000a4000 08:05 5252854                    /usr/lib/x86_64-linux-gnu/libpixman-1.so.0.32.6
7fac61787000-7fac61788000 rw-p 000ac000 08:05 5252854                    /usr/lib/x86_64-linux-gnu/libpixman-1.so.0.32.6
7fac61788000-7fac617e4000 r-xp 00000000 08:05 5252608                    /usr/lib/x86_64-linux-gnu/libharfbuzz.so.0.10000.1
7fac617e4000-7fac619e4000 ---p 0005c000 08:05 5252608                    /usr/lib/x86_64-linux-gnu/libharfbuzz.so.0.10000.1
7fac619e4000-7fac619e5000 r--p 0005c000 08:05 5252608                    /usr/lib/x86_64-linux-gnu/libharfbuzz.so.0.10000.1
7fac619e5000-7fac619e6000 rw-p 0005d000 08:05 5252608                    /usr/lib/x86_64-linux-gnu/libharfbuzz.so.0.10000.1
7fac619e6000-7fac619fd000 r-xp 00000000 08:05 2103968                    /lib/x86_64-linux-gnu/libresolv-2.21.so
7fac619fd000-7fac61bfd000 ---p 00017000 08:05 2103968                    /lib/x86_64-linux-gnu/libresolv-2.21.so
7fac61bfd000-7fac61bfe000 r--p 00017000 08:05 2103968                    /lib/x86_64-linux-gnu/libresolv-2.21.so
7fac61bfe000-7fac61bff000 rw-p 00018000 08:05 2103968                    /lib/x86_64-linux-gnu/libresolv-2.21.so
7fac61bff000-7fac61c01000 rw-p 00000000 00:00 0 
7fac61c01000-7fac61c22000 r-xp 00000000 08:05 2101803                    /lib/x86_64-linux-gnu/libselinux.so.1
7fac61c22000-7fac61e21000 ---p 00021000 08:05 2101803                    /lib/x86_64-linux-gnu/libselinux.so.1
7fac61e21000-7fac61e22000 r--p 00020000 08:05 2101803                    /lib/x86_64-linux-gnu/libselinux.so.1
7fac61e22000-7fac61e23000 rw-p 00021000 08:05 2101803                    /lib/x86_64-linux-gnu/libselinux.so.1
7fac61e23000-7fac61e25000 rw-p 00000000 00:00 0 
7fac61e25000-7fac61e3e000 r-xp 00000000 08:05 2101834                    /lib/x86_64-linux-gnu/libz.so.1.2.8
7fac61e3e000-7fac6203d000 ---p 00019000 08:05 2101834                    /lib/x86_64-linux-gnu/libz.so.1.2.8
7fac6203d000-7fac6203e000 r--p 00018000 08:05 2101834                    /lib/x86_64-linux-gnu/libz.so.1.2.8
7fac6203e000-7fac6203f000 rw-p 00019000 08:05 2101834                    /lib/x86_64-linux-gnu/libz.so.1.2.8
7fac6203f000-7fac62050000 r-xp 00000000 08:05 5252067                    /usr/lib/x86_64-linux-gnu/libXext.so.6.4.0
7fac62050000-7fac6224f000 ---p 00011000 08:05 5252067                    /usr/lib/x86_64-linux-gnu/libXext.so.6.4.0
7fac6224f000-7fac62250000 r--p 00010000 08:05 5252067                    /usr/lib/x86_64-linux-gnu/libXext.so.6.4.0
7fac62250000-7fac62251000 rw-p 00011000 08:05 5252067                    /usr/lib/x86_64-linux-gnu/libXext.so.6.4.0
7fac62251000-7fac62253000 r-xp 00000000 08:05 5252063                    /usr/lib/x86_64-linux-gnu/libXdamage.so.1.1.0
7fac62253000-7fac62452000 ---p 00002000 08:05 5252063                    /usr/lib/x86_64-linux-gnu/libXdamage.so.1.1.0
7fac62452000-7fac62453000 r--p 00001000 08:05 5252063                    /usr/lib/x86_64-linux-gnu/libXdamage.so.1.1.0
7fac62453000-7fac62454000 rw-p 00002000 08:05 5252063                    /usr/lib/x86_64-linux-gnu/libXdamage.so.1.1.0
7fac62454000-7fac62456000 r-xp 00000000 08:05 5252059                    /usr/lib/x86_64-linux-gnu/libXcomposite.so.1.0.0
7fac62456000-7fac62655000 ---p 00002000 08:05 5252059                    /usr/lib/x86_64-linux-gnu/libXcomposite.so.1.0.0
7fac62655000-7fac62656000 r--p 00001000 08:05 5252059                    /usr/lib/x86_64-linux-gnu/libXcomposite.so.1.0.0
7fac62656000-7fac62657000 rw-p 00002000 08:05 5252059                    /usr/lib/x86_64-linux-gnu/libXcomposite.so.1.0.0
7fac62657000-7fac62660000 r-xp 00000000 08:05 5252061                    /usr/lib/x86_64-linux-gnu/libXcursor.so.1.0.2
7fac62660000-7fac6285f000 ---p 00009000 08:05 5252061                    /usr/lib/x86_64-linux-gnu/libXcursor.so.1.0.2
7fac6285f000-7fac62860000 r--p 00008000 08:05 5252061                    /usr/lib/x86_64-linux-gnu/libXcursor.so.1.0.2
7fac62860000-7fac62861000 rw-p 00009000 08:05 5252061                    /usr/lib/x86_64-linux-gnu/libXcursor.so.1.0.2
7fac62861000-7fac6286b000 r-xp 00000000 08:05 5252085                    /usr/lib/x86_64-linux-gnu/libXrandr.so.2.2.0
7fac6286b000-7fac62a6a000 ---p 0000a000 08:05 5252085                    /usr/lib/x86_64-linux-gnu/libXrandr.so.2.2.0
7fac62a6a000-7fac62a6b000 r--p 00009000 08:05 5252085                    /usr/lib/x86_64-linux-gnu/libXrandr.so.2.2.0
7fac62a6b000-7fac62a6c000 rw-p 0000a000 08:05 5252085                    /usr/lib/x86_64-linux-gnu/libXrandr.so.2.2.0
7fac62a6c000-7fac62a7b000 r-xp 00000000 08:05 5252075                    /usr/lib/x86_64-linux-gnu/libXi.so.6.1.0
7fac62a7b000-7fac62c7a000 ---p 0000f000 08:05 5252075                    /usr/lib/x86_64-linux-gnu/libXi.so.6.1.0
7fac62c7a000-7fac62c7b000 r--p 0000e000 08:05 5252075                    /usr/lib/x86_64-linux-gnu/libXi.so.6.1.0
7fac62c7b000-7fac62c7c000 rw-p 0000f000 08:05 5252075                    /usr/lib/x86_64-linux-gnu/libXi.so.6.1.0
7fac62c7c000-7fac62c7e000 r-xp 00000000 08:05 5252077                    /usr/lib/x86_64-linux-gnu/libXinerama.so.1.0.0
7fac62c7e000-7fac62e7d000 ---p 00002000 08:05 5252077                    /usr/lib/x86_64-linux-gnu/libXinerama.so.1.0.0
7fac62e7d000-7fac62e7e000 r--p 00001000 08:05 5252077                    /usr/lib/x86_64-linux-gnu/libXinerama.so.1.0.0
7fac62e7e000-7fac62e7f000 rw-p 00002000 08:05 5252077                    /usr/lib/x86_64-linux-gnu/libXinerama.so.1.0.0
7fac62e7f000-7fac62e88000 r-xp 00000000 08:05 5252087                    /usr/lib/x86_64-linux-gnu/libXrender.so.1.3.0
7fac62e88000-7fac63087000 ---p 00009000 08:05 5252087                    /usr/lib/x86_64-linux-gnu/libXrender.so.1.3.0
7fac63087000-7fac63088000 r--p 00008000 08:05 5252087                    /usr/lib/x86_64-linux-gnu/libXrender.so.1.3.0
7fac63088000-7fac63089000 rw-p 00009000 08:05 5252087                    /usr/lib/x86_64-linux-gnu/libXrender.so.1.3.0
7fac63089000-7fac6308e000 r-xp 00000000 08:05 5252069                    /usr/lib/x86_64-linux-gnu/libXfixes.so.3.1.0
7fac6308e000-7fac6328d000 ---p 00005000 08:05 5252069                    /usr/lib/x86_64-linux-gnu/libXfixes.so.3.1.0
7fac6328d000-7fac6328e000 r--p 00004000 08:05 5252069                    /usr/lib/x86_64-linux-gnu/libXfixes.so.3.1.0
7fac6328e000-7fac6328f000 rw-p 00005000 08:05 5252069                    /usr/lib/x86_64-linux-gnu/libXfixes.so.3.1.0
7fac6328f000-7fac632a5000 r-xp 00000000 08:05 2101688                    /lib/x86_64-linux-gnu/libgcc_s.so.1
7fac632a5000-7fac634a4000 ---p 00016000 08:05 2101688                    /lib/x86_64-linux-gnu/libgcc_s.so.1
7fac634a4000-7fac634a5000 r--p 00015000 08:05 2101688                    /lib/x86_64-linux-gnu/libgcc_s.so.1
7fac634a5000-7fac634a6000 rw-p 00016000 08:05 2101688                    /lib/x86_64-linux-gnu/libgcc_s.so.1
7fac634a6000-7fac63619000 r-xp 00000000 08:05 5253030                    /usr/lib/x86_64-linux-gnu/libstdc++.so.6.0.21
7fac63619000-7fac63818000 ---p 00173000 08:05 5253030                    /usr/lib/x86_64-linux-gnu/libstdc++.so.6.0.21
7fac63818000-7fac63822000 r--p 00172000 08:05 5253030                    /usr/lib/x86_64-linux-gnu/libstdc++.so.6.0.21
7fac63822000-7fac63824000 rw-p 0017c000 08:05 5253030                    /usr/lib/x86_64-linux-gnu/libstdc++.so.6.0.21
7fac63824000-7fac63828000 rw-p 00000000 00:00 0 
7fac63828000-7fac638bc000 r-xp 00000000 08:05 5637098                    /usr/lib/x86_64-linux-gnu/mesa/libGL.so.1.2.0
7fac638bc000-7fac63abb000 ---p 00094000 08:05 5637098                    /usr/lib/x86_64-linux-gnu/mesa/libGL.so.1.2.0
7fac63abb000-7fac63abe000 r--p 00093000 08:05 5637098                    /usr/lib/x86_64-linux-gnu/mesa/libGL.so.1.2.0
7fac63abe000-7fac63abf000 rw-p 00096000 08:05 5637098                    /usr/lib/x86_64-linux-gnu/mesa/libGL.so.1.2.0
7fac63abf000-7fac63ac0000 rw-p 00000000 00:00 0 
7fac63ac0000-7fac63ac5000 r-xp 00000000 08:05 5252103                    /usr/lib/x86_64-linux-gnu/libXxf86vm.so.1.0.0
7fac63ac5000-7fac63cc4000 ---p 00005000 08:05 5252103                    /usr/lib/x86_64-linux-gnu/libXxf86vm.so.1.0.0
7fac63cc4000-7fac63cc5000 r--p 00004000 08:05 5252103                    /usr/lib/x86_64-linux-gnu/libXxf86vm.so.1.0.0
7fac63cc5000-7fac63cc6000 rw-p 00005000 08:05 5252103                    /usr/lib/x86_64-linux-gnu/libXxf86vm.so.1.0.0
7fac63cc6000-7fac63dfb000 r-xp 00000000 08:05 5252050                    /usr/lib/x86_64-linux-gnu/libX11.so.6.3.0
7fac63dfb000-7fac63ffb000 ---p 00135000 08:05 5252050                    /usr/lib/x86_64-linux-gnu/libX11.so.6.3.0
7fac63ffb000-7fac63ffc000 r--p 00135000 08:05 5252050                    /usr/lib/x86_64-linux-gnu/libX11.so.6.3.0
7fac63ffc000-7fac64000000 rw-p 00136000 08:05 5252050                    /usr/lib/x86_64-linux-gnu/libX11.so.6.3.0
7fac64000000-7fac64021000 rw-p 00000000 00:00 0 
7fac64021000-7fac68000000 ---p 00000000 00:00 0 
7fac68000000-7fac69db8000 rw-p 00000000 00:00 0 
7fac69db8000-7fac6c000000 ---p 00000000 00:00 0 
7fac6c000000-7fac6c436000 rw-p 00000000 00:00 0 
7fac6c436000-7fac70000000 ---p 00000000 00:00 0 
7fac70000000-7fac70021000 rw-p 00000000 00:00 0 
7fac70021000-7fac74000000 ---p 00000000 00:00 0 
7fac74000000-7fac742ab000 rw-p 00000000 00:00 0 
7fac742ab000-7fac78000000 ---p 00000000 00:00 0 
7fac78000000-7fac7855c000 rw-p 00000000 00:00 0 
7fac7855c000-7fac7c000000 ---p 00000000 00:00 0 
7fac7c000000-7fac7c021000 rw-p 00000000 00:00 0 
7fac7c021000-7fac80000000 ---p 00000000 00:00 0 
7fac80000000-7fac80021000 rw-p 00000000 00:00 0 
7fac80021000-7fac84000000 ---p 00000000 00:00 0 
7fac84000000-7fac84021000 rw-p 00000000 00:00 0 
7fac84021000-7fac88000000 ---p 00000000 00:00 0 
7fac88000000-7fac88021000 rw-p 00000000 00:00 0 
7fac88021000-7fac8c000000 ---p 00000000 00:00 0 
7fac8c000000-7fac8c021000 rw-p 00000000 00:00 0 
7fac8c021000-7fac90000000 ---p 00000000 00:00 0 
7fac90000000-7fac90007000 r--s 00000000 08:05 4849758                    /var/cache/fontconfig/a755afe4a08bf5b97852ceb7400b47bc-le64.cache-4
7fac90007000-7fac9000b000 r--s 00000000 08:05 4862139                    /var/cache/fontconfig/de156ccd2eddbdc19d37a45b8b2aac9c-le64.cache-4
7fac9000b000-7fac9000c000 r--s 00000000 08:05 4849757                    /var/cache/fontconfig/a6354e3ac43af67bd8d7b8e43c34e49f-le64.cache-4
7fac9000c000-7fac90022000 r--s 00000000 08:05 4849734                    /var/cache/fontconfig/04aabc0a78ac019cf9454389977116d2-le64.cache-4
7fac90022000-7fac90023000 r--s 00000000 08:05 4849738                    /var/cache/fontconfig/1ac9eb803944fde146138c791f5cc56a-le64.cache-4
7fac90023000-7fac90027000 r--s 00000000 08:05 4849742                    /var/cache/fontconfig/385c0604a188198f04d133e54aba7fe7-le64.cache-4
7fac90027000-7fac9002c000 r--s 00000000 08:05 4849753                    /var/cache/fontconfig/8801497958630a81b71ace7c5f9b32a8-le64.cache-4
7fac9002c000-7fac90067000 r--s 00000000 08:05 4859834                    /var/cache/fontconfig/365b55f210c0a22e9a19e35191240f32-le64.cache-4
7fac90067000-7fac9006a000 ---p 00000000 00:00 0 
7fac9006a000-7fac90168000 rw-p 00000000 00:00 0                          [stack:4915]
7fac90168000-7fac9016d000 r-xp 00000000 08:05 5252093                    /usr/lib/x86_64-linux-gnu/libXtst.so.6.1.0
7fac9016d000-7fac9036c000 ---p 00005000 08:05 5252093                    /usr/lib/x86_64-linux-gnu/libXtst.so.6.1.0
7fac9036c000-7fac9036d000 r--p 00004000 08:05 5252093                    /usr/lib/x86_64-linux-gnu/libXtst.so.6.1.0
7fac9036d000-7fac9036e000 rw-p 00005000 08:05 5252093                    /usr/lib/x86_64-linux-gnu/libXtst.so.6.1.0
7fac9036e000-7fac9047b000 r-xp 00000000 08:05 2101692                    /lib/x86_64-linux-gnu/libglib-2.0.so.0.4600.1
7fac9047b000-7fac9067a000 ---p 0010d000 08:05 2101692                    /lib/x86_64-linux-gnu/libglib-2.0.so.0.4600.1
7fac9067a000-7fac9067b000 r--p 0010c000 08:05 2101692                    /lib/x86_64-linux-gnu/libglib-2.0.so.0.4600.1
7fac9067b000-7fac9067c000 rw-p 0010d000 08:05 2101692                    /lib/x86_64-linux-gnu/libglib-2.0.so.0.4600.1
7fac9067c000-7fac9067d000 rw-p 00000000 00:00 0 
7fac9067d000-7fac9067e000 r-xp 00000000 08:05 5252579                    /usr/lib/x86_64-linux-gnu/libgthread-2.0.so.0.4600.1
7fac9067e000-7fac9087d000 ---p 00001000 08:05 5252579                    /usr/lib/x86_64-linux-gnu/libgthread-2.0.so.0.4600.1
7fac9087d000-7fac9087e000 r--p 00000000 08:05 5252579                    /usr/lib/x86_64-linux-gnu/libgthread-2.0.so.0.4600.1
7fac9087e000-7fac9087f000 rw-p 00001000 08:05 5252579                    /usr/lib/x86_64-linux-gnu/libgthread-2.0.so.0.4600.1
7fac9087f000-7fac90882000 r-xp 00000000 08:05 5252492                    /usr/lib/x86_64-linux-gnu/libgmodule-2.0.so.0.4600.1
7fac90882000-7fac90a81000 ---p 00003000 08:05 5252492                    /usr/lib/x86_64-linux-gnu/libgmodule-2.0.so.0.4600.1
7fac90a81000-7fac90a82000 r--p 00002000 08:05 5252492                    /usr/lib/x86_64-linux-gnu/libgmodule-2.0.so.0.4600.1
7fac90a82000-7fac90a83000 rw-p 00003000 08:05 5252492                    /usr/lib/x86_64-linux-gnu/libgmodule-2.0.so.0.4600.1
7fac90a83000-7fac90ad5000 r-xp 00000000 08:05 5252508                    /usr/lib/x86_64-linux-gnu/libgobject-2.0.so.0.4600.1
7fac90ad5000-7fac90cd4000 ---p 00052000 08:05 5252508                    /usr/lib/x86_64-linux-gnu/libgobject-2.0.so.0.4600.1
7fac90cd4000-7fac90cd5000 r--p 00051000 08:05 5252508                    /usr/lib/x86_64-linux-gnu/libgobject-2.0.so.0.4600.1
7fac90cd5000-7fac90cd6000 rw-p 00052000 08:05 5252508                    /usr/lib/x86_64-linux-gnu/libgobject-2.0.so.0.4600.1
7fac90cd6000-7fac90d12000 r-xp 00000000 08:05 5252387                    /usr/lib/x86_64-linux-gnu/libfontconfig.so.1.8.0
7fac90d12000-7fac90f11000 ---p 0003c000 08:05 5252387                    /usr/lib/x86_64-linux-gnu/libfontconfig.so.1.8.0
7fac90f11000-7fac90f13000 r--p 0003b000 08:05 5252387                    /usr/lib/x86_64-linux-gnu/libfontconfig.so.1.8.0
7fac90f13000-7fac90f14000 rw-p 0003d000 08:05 5252387                    /usr/lib/x86_64-linux-gnu/libfontconfig.so.1.8.0
7fac90f14000-7fac90fb4000 r-xp 00000000 08:05 5252419                    /usr/lib/x86_64-linux-gnu/libfreetype.so.6.11.1
7fac90fb4000-7fac911b3000 ---p 000a0000 08:05 5252419                    /usr/lib/x86_64-linux-gnu/libfreetype.so.6.11.1
7fac911b3000-7fac911b9000 r--p 0009f000 08:05 5252419                    /usr/lib/x86_64-linux-gnu/libfreetype.so.6.11.1
7fac911b9000-7fac911ba000 rw-p 000a5000 08:05 5252419                    /usr/lib/x86_64-linux-gnu/libfreetype.so.6.11.1
7fac911ba000-7fac91205000 r-xp 00000000 08:05 5252827                    /usr/lib/x86_64-linux-gnu/libpango-1.0.so.0.3600.8
7fac91205000-7fac91405000 ---p 0004b000 08:05 5252827                    /usr/lib/x86_64-linux-gnu/libpango-1.0.so.0.3600.8
7fac91405000-7fac91407000 r--p 0004b000 08:05 5252827                    /usr/lib/x86_64-linux-gnu/libpango-1.0.so.0.3600.8
7fac91407000-7fac91408000 rw-p 0004d000 08:05 5252827                    /usr/lib/x86_64-linux-gnu/libpango-1.0.so.0.3600.8
7fac91408000-7fac91516000 r-xp 00000000 08:05 5252199                    /usr/lib/x86_64-linux-gnu/libcairo.so.2.11400.2
7fac91516000-7fac91715000 ---p 0010e000 08:05 5252199                    /usr/lib/x86_64-linux-gnu/libcairo.so.2.11400.2
7fac91715000-7fac91718000 r--p 0010d000 08:05 5252199                    /usr/lib/x86_64-linux-gnu/libcairo.so.2.11400.2
7fac91718000-7fac91719000 rw-p 00110000 08:05 5252199                    /usr/lib/x86_64-linux-gnu/libcairo.so.2.11400.2
7fac91719000-7fac9171b000 rw-p 00000000 00:00 0 
7fac9171b000-7fac91727000 r-xp 00000000 08:05 5252829                    /usr/lib/x86_64-linux-gnu/libpangocairo-1.0.so.0.3600.8
7fac91727000-7fac91926000 ---p 0000c000 08:05 5252829                    /usr/lib/x86_64-linux-gnu/libpangocairo-1.0.so.0.3600.8
7fac91926000-7fac91927000 r--p 0000b000 08:05 5252829                    /usr/lib/x86_64-linux-gnu/libpangocairo-1.0.so.0.3600.8
7fac91927000-7fac91928000 rw-p 0000c000 08:05 5252829                    /usr/lib/x86_64-linux-gnu/libpangocairo-1.0.so.0.3600.8
7fac91928000-7fac91949000 r-xp 00000000 08:05 5252454                    /usr/lib/x86_64-linux-gnu/libgdk_pixbuf-2.0.so.0.3200.1
7fac91949000-7fac91b48000 ---p 00021000 08:05 5252454                    /usr/lib/x86_64-linux-gnu/libgdk_pixbuf-2.0.so.0.3200.1
7fac91b48000-7fac91b49000 r--p 00020000 08:05 5252454                    /usr/lib/x86_64-linux-gnu/libgdk_pixbuf-2.0.so.0.3200.1
7fac91b49000-7fac91b4a000 rw-p 00021000 08:05 5252454                    /usr/lib/x86_64-linux-gnu/libgdk_pixbuf-2.0.so.0.3200.1
7fac91b4a000-7fac91b5e000 r-xp 00000000 08:05 5252831                    /usr/lib/x86_64-linux-gnu/libpangoft2-1.0.so.0.3600.8
7fac91b5e000-7fac91d5e000 ---p 00014000 08:05 5252831                    /usr/lib/x86_64-linux-gnu/libpangoft2-1.0.so.0.3600.8
7fac91d5e000-7fac91d5f000 r--p 00014000 08:05 5252831                    /usr/lib/x86_64-linux-gnu/libpangoft2-1.0.so.0.3600.8
7fac91d5f000-7fac91d60000 rw-p 00015000 08:05 5252831                    /usr/lib/x86_64-linux-gnu/libpangoft2-1.0.so.0.3600.8
7fac91d60000-7fac91eda000 r-xp 00000000 08:05 5252478                    /usr/lib/x86_64-linux-gnu/libgio-2.0.so.0.4600.1
7fac91eda000-7fac920d9000 ---p 0017a000 08:05 5252478                    /usr/lib/x86_64-linux-gnu/libgio-2.0.so.0.4600.1
7fac920d9000-7fac920dd000 r--p 00179000 08:05 5252478                    /usr/lib/x86_64-linux-gnu/libgio-2.0.so.0.4600.1
7fac920dd000-7fac920df000 rw-p 0017d000 08:05 5252478                    /usr/lib/x86_64-linux-gnu/libgio-2.0.so.0.4600.1
7fac920df000-7fac920e1000 rw-p 00000000 00:00 0 
7fac920e1000-7fac92103000 r-xp 00000000 08:05 5252144                    /usr/lib/x86_64-linux-gnu/libatk-1.0.so.0.21609.1
7fac92103000-7fac92302000 ---p 00022000 08:05 5252144                    /usr/lib/x86_64-linux-gnu/libatk-1.0.so.0.21609.1
7fac92302000-7fac92305000 r--p 00021000 08:05 5252144                    /usr/lib/x86_64-linux-gnu/libatk-1.0.so.0.21609.1
7fac92305000-7fac92306000 rw-p 00024000 08:05 5252144                    /usr/lib/x86_64-linux-gnu/libatk-1.0.so.0.21609.1
7fac92306000-7fac923b6000 r-xp 00000000 08:05 5248579                    /usr/lib/x86_64-linux-gnu/libgdk-x11-2.0.so.0.2400.28
7fac923b6000-7fac925b5000 ---p 000b0000 08:05 5248579                    /usr/lib/x86_64-linux-gnu/libgdk-x11-2.0.so.0.2400.28
7fac925b5000-7fac925b9000 r--p 000af000 08:05 5248579                    /usr/lib/x86_64-linux-gnu/libgdk-x11-2.0.so.0.2400.28
7fac925b9000-7fac925bb000 rw-p 000b3000 08:05 5248579                    /usr/lib/x86_64-linux-gnu/libgdk-x11-2.0.so.0.2400.28
7fac925bb000-7fac929f9000 r-xp 00000000 08:05 5248580                    /usr/lib/x86_64-linux-gnu/libgtk-x11-2.0.so.0.2400.28
7fac929f9000-7fac92bf9000 ---p 0043e000 08:05 5248580                    /usr/lib/x86_64-linux-gnu/libgtk-x11-2.0.so.0.2400.28
7fac92bf9000-7fac92c00000 r--p 0043e000 08:05 5248580                    /usr/lib/x86_64-linux-gnu/libgtk-x11-2.0.so.0.2400.28
7fac92c00000-7fac92c04000 rw-p 00445000 08:05 5248580                    /usr/lib/x86_64-linux-gnu/libgtk-x11-2.0.so.0.2400.28
7fac92c04000-7fac92c07000 rw-p 00000000 00:00 0 
7fac92c07000-7fac92c13000 r-xp 00000000 08:05 5781013                    /usr/lib/jvm/java-8-oracle/jre/lib/amd64/libprism_es2.so
7fac92c13000-7fac92e12000 ---p 0000c000 08:05 5781013                    /usr/lib/jvm/java-8-oracle/jre/lib/amd64/libprism_es2.so
7fac92e12000-7fac92e13000 rw-p 0000b000 08:05 5781013                    /usr/lib/jvm/java-8-oracle/jre/lib/amd64/libprism_es2.so
7fac92e13000-7fac92e16000 ---p 00000000 00:00 0 
7fac92e16000-7fac92f14000 rw-p 00000000 00:00 0                          [stack:4911]
7fac92f14000-7fac92f15000 ---p 00000000 00:00 0 
7fac92f15000-7fac93015000 rw-p 00000000 00:00 0                          [stack:4910]
7fac93015000-7fac93018000 ---p 00000000 00:00 0 
7fac93018000-7fac93116000 rw-p 00000000 00:00 0                          [stack:4909]
7fac93116000-7fac93119000 ---p 00000000 00:00 0 
7fac93119000-7fac93217000 rw-p 00000000 00:00 0                          [stack:4908]
7fac93217000-7fac9321a000 ---p 00000000 00:00 0 
7fac9321a000-7fac93318000 rw-p 00000000 00:00 0                          [stack:4907]
7fac93318000-7fac9331b000 ---p 00000000 00:00 0 
7fac9331b000-7fac93419000 rw-p 00000000 00:00 0                          [stack:4906]
7fac93419000-7fac9341c000 ---p 00000000 00:00 0 
7fac9341c000-7fac9351a000 rw-p 00000000 00:00 0                          [stack:4905]
7fac9351a000-7fac93bfc000 r--p 00000000 08:05 5250806                    /usr/lib/locale/locale-archive
7fac93bfc000-7fac93bff000 ---p 00000000 00:00 0 
7fac93bff000-7fac93cfd000 rw-p 00000000 00:00 0                          [stack:4904]
7fac93cfd000-7fac93d00000 ---p 00000000 00:00 0 
7fac93d00000-7fac93dfe000 rw-p 00000000 00:00 0                          [stack:4903]
7fac93dfe000-7fac93dff000 ---p 00000000 00:00 0 
7fac93dff000-7fac94000000 rw-p 00000000 00:00 0                          [stack:4902]
7fac94000000-7fac94021000 rw-p 00000000 00:00 0 
7fac94021000-7fac98000000 ---p 00000000 00:00 0 
7fac98000000-7fac98021000 rw-p 00000000 00:00 0 
7fac98021000-7fac9c000000 ---p 00000000 00:00 0 
7fac9c000000-7fac9c021000 rw-p 00000000 00:00 0 
7fac9c021000-7faca0000000 ---p 00000000 00:00 0 
7faca0000000-7faca0001000 r--s 00000000 08:05 4849768                    /var/cache/fontconfig/dc05db6664285cc2f12bf69c139ae4c3-le64.cache-4
7faca0001000-7faca0003000 r--s 00000000 08:05 4849751                    /var/cache/fontconfig/767a8244fc0220cfb567a839d0392e0b-le64.cache-4
7faca0003000-7faca0004000 r--s 00000000 08:05 4862228                    /var/cache/fontconfig/4794a0821666d79190d59a36cb4f44b5-le64.cache-4
7faca0004000-7faca0005000 r--s 00000000 08:05 4849761                    /var/cache/fontconfig/bab58bb527bb656aaa9f116d68a48d89-le64.cache-4
7faca0005000-7faca000c000 r--s 00000000 08:05 4849740                    /var/cache/fontconfig/3047814df9a2f067bd2d96a2b9c36e5a-le64.cache-4
7faca000c000-7faca000d000 r--s 00000000 08:05 4849747                    /var/cache/fontconfig/56cf4f4769d0f4abc89a4895d7bd3ae1-le64.cache-4
7faca000d000-7faca0013000 r--s 00000000 08:05 4849759                    /var/cache/fontconfig/b47c4e1ecd0709278f4910c18777a504-le64.cache-4
7faca0013000-7faca0026000 r--s 00000000 08:05 4849765                    /var/cache/fontconfig/d52a8644073d54c13679302ca1180695-le64.cache-4
7faca0026000-7faca0030000 r--s 00000000 08:05 4849743                    /var/cache/fontconfig/3f7329c5293ffd510edef78f73874cfd-le64.cache-4
7faca0030000-7faca003b000 r--s 00000000 08:05 4859832                    /var/cache/fontconfig/d589a48862398ed80a3d6066f4f56f4c-le64.cache-4
7faca003b000-7faca0046000 r--s 00000000 08:05 4859105                    /var/cache/fontconfig/83bf95040141907cd45bb53cf7c1c148-le64.cache-4
7faca0046000-7faca004f000 r--s 00000000 08:05 4861630                    /var/cache/fontconfig/d0972c3d32f097851eb916381fc38920-le64.cache-4
7faca004f000-7faca0095000 r--p 00000000 08:05 524722                     /usr/share/glib-2.0/schemas/gschemas.compiled
7faca0095000-7faca00b2000 r-xp 00000000 08:05 2101819                    /lib/x86_64-linux-gnu/libudev.so.1.6.4
7faca00b2000-7faca00b3000 r--p 0001c000 08:05 2101819                    /lib/x86_64-linux-gnu/libudev.so.1.6.4
7faca00b3000-7faca00b4000 rw-p 0001d000 08:05 2101819                    /lib/x86_64-linux-gnu/libudev.so.1.6.4
7faca00b4000-7faca00b5000 r--s 00000000 08:05 4849760                    /var/cache/fontconfig/b9d506c9ac06c20b433354fa67a72993-le64.cache-4
7faca00b5000-7faca00b6000 r--s 00000000 08:05 4849746                    /var/cache/fontconfig/551ecf3b0e8b0bca0f25c0944f561853-le64.cache-4
7faca00b6000-7faca00b9000 r--s 00000000 08:05 4859110                    /var/cache/fontconfig/75114ca45c98e8a441da0ff356701271-le64.cache-4
7faca00b9000-7faca00c6000 r--s 00000000 08:05 4849864                    /var/cache/fontconfig/e13b20fdb08344e0e664864cc2ede53d-le64.cache-4
7faca00c6000-7faca00ca000 r--s 00000000 08:05 4859082                    /var/cache/fontconfig/7ef2298fde41cc6eeb7af42e48b7d293-le64.cache-4
7faca00ca000-7faca00d2000 rw-s 00000000 00:05 152307                     /drm mm object (deleted)
7faca00d2000-7faca0ee0000 rw-p 00000000 00:00 0 
7faca0ee0000-7faca10b8000 r--s 03d1d000 08:05 5641291                    /usr/lib/jvm/java-8-oracle/jre/lib/rt.jar
7faca10b8000-7faca3898000 rw-p 00000000 00:00 0 
7faca3898000-7faca3899000 ---p 00000000 00:00 0 
7faca3899000-7faca3999000 rw-p 00000000 00:00 0                          [stack:4901]
7faca3999000-7faca399a000 ---p 00000000 00:00 0 
7faca399a000-7faca3a9a000 rw-p 00000000 00:00 0                          [stack:4900]
7faca3a9a000-7faca3a9b000 ---p 00000000 00:00 0 
7faca3a9b000-7faca3b9b000 rw-p 00000000 00:00 0                          [stack:4899]
7faca3b9b000-7faca3b9c000 ---p 00000000 00:00 0 
7faca3b9c000-7faca3cb0000 rw-p 00000000 00:00 0                          [stack:4898]
7faca3cb0000-7faca3ddc000 ---p 00000000 00:00 0 
7faca3ddc000-7faca3df0000 rw-p 00000000 00:00 0 
7faca3df0000-7faca3f1c000 ---p 00000000 00:00 0 
7faca3f1c000-7faca3f26000 rw-p 00000000 00:00 0 
7faca3f26000-7faca3fbc000 ---p 00000000 00:00 0 
7faca3fbc000-7faca3fde000 rw-p 00000000 00:00 0 
7faca3fde000-7faca437d000 ---p 00000000 00:00 0 
7faca437d000-7faca4bbd000 rwxp 00000000 00:00 0 
7faca4bbd000-7facb337d000 ---p 00000000 00:00 0 
7facb337d000-7facb3397000 r-xp 00000000 08:05 5780973                    /usr/lib/jvm/java-8-oracle/jre/lib/amd64/libzip.so
7facb3397000-7facb3597000 ---p 0001a000 08:05 5780973                    /usr/lib/jvm/java-8-oracle/jre/lib/amd64/libzip.so
7facb3597000-7facb3598000 rw-p 0001a000 08:05 5780973                    /usr/lib/jvm/java-8-oracle/jre/lib/amd64/libzip.so
7facb3598000-7facb35a4000 r-xp 00000000 08:05 2102970                    /lib/x86_64-linux-gnu/libnss_files-2.21.so
7facb35a4000-7facb37a3000 ---p 0000c000 08:05 2102970                    /lib/x86_64-linux-gnu/libnss_files-2.21.so
7facb37a3000-7facb37a4000 r--p 0000b000 08:05 2102970                    /lib/x86_64-linux-gnu/libnss_files-2.21.so
7facb37a4000-7facb37a5000 rw-p 0000c000 08:05 2102970                    /lib/x86_64-linux-gnu/libnss_files-2.21.so
7facb37a5000-7facb37b0000 r-xp 00000000 08:05 2103956                    /lib/x86_64-linux-gnu/libnss_nis-2.21.so
7facb37b0000-7facb39af000 ---p 0000b000 08:05 2103956                    /lib/x86_64-linux-gnu/libnss_nis-2.21.so
7facb39af000-7facb39b0000 r--p 0000a000 08:05 2103956                    /lib/x86_64-linux-gnu/libnss_nis-2.21.so
7facb39b0000-7facb39b1000 rw-p 0000b000 08:05 2103956                    /lib/x86_64-linux-gnu/libnss_nis-2.21.so
7facb39b1000-7facb39c8000 r-xp 00000000 08:05 2102975                    /lib/x86_64-linux-gnu/libnsl-2.21.so
7facb39c8000-7facb3bc7000 ---p 00017000 08:05 2102975                    /lib/x86_64-linux-gnu/libnsl-2.21.so
7facb3bc7000-7facb3bc8000 r--p 00016000 08:05 2102975                    /lib/x86_64-linux-gnu/libnsl-2.21.so
7facb3bc8000-7facb3bc9000 rw-p 00017000 08:05 2102975                    /lib/x86_64-linux-gnu/libnsl-2.21.so
7facb3bc9000-7facb3bcb000 rw-p 00000000 00:00 0 
7facb3bcb000-7facb3bd3000 r-xp 00000000 08:05 2102971                    /lib/x86_64-linux-gnu/libnss_compat-2.21.so
7facb3bd3000-7facb3dd2000 ---p 00008000 08:05 2102971                    /lib/x86_64-linux-gnu/libnss_compat-2.21.so
7facb3dd2000-7facb3dd3000 r--p 00007000 08:05 2102971                    /lib/x86_64-linux-gnu/libnss_compat-2.21.so
7facb3dd3000-7facb3dd4000 rw-p 00008000 08:05 2102971                    /lib/x86_64-linux-gnu/libnss_compat-2.21.so
7facb3dd4000-7facb3dfe000 r-xp 00000000 08:05 5780951                    /usr/lib/jvm/java-8-oracle/jre/lib/amd64/libjava.so
7facb3dfe000-7facb3ffe000 ---p 0002a000 08:05 5780951                    /usr/lib/jvm/java-8-oracle/jre/lib/amd64/libjava.so
7facb3ffe000-7facb4000000 rw-p 0002a000 08:05 5780951                    /usr/lib/jvm/java-8-oracle/jre/lib/amd64/libjava.so
7facb4000000-7facb44f4000 rw-p 00000000 00:00 0 
7facb44f4000-7facb8000000 ---p 00000000 00:00 0 
7facb8000000-7facb8001000 r--s 00000000 08:05 4849735                    /var/cache/fontconfig/0c9eb80ebd1c36541ebe2852d3bb0c49-le64.cache-4
7facb8001000-7facb8002000 rw-s 00000000 00:05 152360                     /drm mm object (deleted)
7facb8002000-7facb800a000 rw-s 00000000 00:05 151160                     /drm mm object (deleted)
7facb800a000-7facb8012000 rw-s 00000000 00:05 152289                     /drm mm object (deleted)
7facb8012000-7facb801a000 rw-s 00000000 00:05 152285                     /drm mm object (deleted)
7facb801a000-7facb80b0000 r--s 01102000 08:05 5781155                    /usr/lib/jvm/java-8-oracle/jre/lib/ext/jfxrt.jar
7facb80b0000-7facb80ff000 rw-p 00000000 00:00 0 
7facb80ff000-7facb810c000 r-xp 00000000 08:05 5780967                    /usr/lib/jvm/java-8-oracle/jre/lib/amd64/libverify.so
7facb810c000-7facb830c000 ---p 0000d000 08:05 5780967                    /usr/lib/jvm/java-8-oracle/jre/lib/amd64/libverify.so
7facb830c000-7facb830e000 rw-p 0000d000 08:05 5780967                    /usr/lib/jvm/java-8-oracle/jre/lib/amd64/libverify.so
7facb830e000-7facb8315000 r-xp 00000000 08:05 2102968                    /lib/x86_64-linux-gnu/librt-2.21.so
7facb8315000-7facb8514000 ---p 00007000 08:05 2102968                    /lib/x86_64-linux-gnu/librt-2.21.so
7facb8514000-7facb8515000 r--p 00006000 08:05 2102968                    /lib/x86_64-linux-gnu/librt-2.21.so
7facb8515000-7facb8516000 rw-p 00007000 08:05 2102968                    /lib/x86_64-linux-gnu/librt-2.21.so
7facb8516000-7facb861d000 r-xp 00000000 08:05 2103960                    /lib/x86_64-linux-gnu/libm-2.21.so
7facb861d000-7facb881c000 ---p 00107000 08:05 2103960                    /lib/x86_64-linux-gnu/libm-2.21.so
7facb881c000-7facb881d000 r--p 00106000 08:05 2103960                    /lib/x86_64-linux-gnu/libm-2.21.so
7facb881d000-7facb881e000 rw-p 00107000 08:05 2103960                    /lib/x86_64-linux-gnu/libm-2.21.so
7facb881e000-7facb94dd000 r-xp 00000000 08:05 5781007                    /usr/lib/jvm/java-8-oracle/jre/lib/amd64/server/libjvm.so
7facb94dd000-7facb96dc000 ---p 00cbf000 08:05 5781007                    /usr/lib/jvm/java-8-oracle/jre/lib/amd64/server/libjvm.so
7facb96dc000-7facb97b5000 rw-p 00cbe000 08:05 5781007                    /usr/lib/jvm/java-8-oracle/jre/lib/amd64/server/libjvm.so
7facb97b5000-7facb97fe000 rw-p 00000000 00:00 0 
7facb97fe000-7facb99be000 r-xp 00000000 08:05 2103962                    /lib/x86_64-linux-gnu/libc-2.21.so
7facb99be000-7facb9bbe000 ---p 001c0000 08:05 2103962                    /lib/x86_64-linux-gnu/libc-2.21.so
7facb9bbe000-7facb9bc2000 r--p 001c0000 08:05 2103962                    /lib/x86_64-linux-gnu/libc-2.21.so
7facb9bc2000-7facb9bc4000 rw-p 001c4000 08:05 2103962                    /lib/x86_64-linux-gnu/libc-2.21.so
7facb9bc4000-7facb9bc8000 rw-p 00000000 00:00 0 
7facb9bc8000-7facb9bcb000 r-xp 00000000 08:05 2103954                    /lib/x86_64-linux-gnu/libdl-2.21.so
7facb9bcb000-7facb9dca000 ---p 00003000 08:05 2103954                    /lib/x86_64-linux-gnu/libdl-2.21.so
7facb9dca000-7facb9dcb000 r--p 00002000 08:05 2103954                    /lib/x86_64-linux-gnu/libdl-2.21.so
7facb9dcb000-7facb9dcc000 rw-p 00003000 08:05 2103954                    /lib/x86_64-linux-gnu/libdl-2.21.so
7facb9dcc000-7facb9de1000 r-xp 00000000 08:05 5780961                    /usr/lib/jvm/java-8-oracle/jre/lib/amd64/jli/libjli.so
7facb9de1000-7facb9fe1000 ---p 00015000 08:05 5780961                    /usr/lib/jvm/java-8-oracle/jre/lib/amd64/jli/libjli.so
7facb9fe1000-7facb9fe2000 rw-p 00015000 08:05 5780961                    /usr/lib/jvm/java-8-oracle/jre/lib/amd64/jli/libjli.so
7facb9fe2000-7facb9ffa000 r-xp 00000000 08:05 2102969                    /lib/x86_64-linux-gnu/libpthread-2.21.so
7facb9ffa000-7facba1fa000 ---p 00018000 08:05 2102969                    /lib/x86_64-linux-gnu/libpthread-2.21.so
7facba1fa000-7facba1fb000 r--p 00018000 08:05 2102969                    /lib/x86_64-linux-gnu/libpthread-2.21.so
7facba1fb000-7facba1fc000 rw-p 00019000 08:05 2102969                    /lib/x86_64-linux-gnu/libpthread-2.21.so
7facba1fc000-7facba200000 rw-p 00000000 00:00 0 
7facba200000-7facba224000 r-xp 00000000 08:05 2102978                    /lib/x86_64-linux-gnu/ld-2.21.so
7facba224000-7facba22a000 r--p 00000000 08:05 1858938                    /home/kraulain/.config/dconf/user
7facba22a000-7facba22b000 rw-s 00000000 00:05 152287                     /drm mm object (deleted)
7facba22b000-7facba22d000 r--s 00008000 08:05 1968881                    /home/kraulain/NetBeansProjects/COT-MIS2/dist/run904573807/COT-MIS2.jar
7facba22d000-7facba2fe000 rw-p 00000000 00:00 0 
7facba2fe000-7facba301000 ---p 00000000 00:00 0 
7facba301000-7facba403000 rw-p 00000000 00:00 0                          [stack:4897]
7facba403000-7facba404000 r--s 00000000 00:2a 33                         /run/user/1000/dconf/user
7facba404000-7facba417000 rw-p 00000000 00:00 0 
7facba417000-7facba41f000 rw-s 00000000 08:05 2231392                    /tmp/hsperfdata_kraulain/4893
7facba41f000-7facba420000 rw-p 00000000 00:00 0 
7facba420000-7facba421000 r--p 00000000 00:00 0 
7facba421000-7facba423000 rw-p 00000000 00:00 0 
7facba423000-7facba424000 r--p 00023000 08:05 2102978                    /lib/x86_64-linux-gnu/ld-2.21.so
7facba424000-7facba425000 rw-p 00024000 08:05 2102978                    /lib/x86_64-linux-gnu/ld-2.21.so
7facba425000-7facba426000 rw-p 00000000 00:00 0 
7fffc54fb000-7fffc551c000 rw-p 00000000 00:00 0                          [stack]
7fffc558c000-7fffc558e000 r--p 00000000 00:00 0                          [vvar]
7fffc558e000-7fffc5590000 r-xp 00000000 00:00 0                          [vdso]
ffffffffff600000-ffffffffff601000 r-xp 00000000 00:00 0                  [vsyscall]

VM Arguments:
jvm_args: -Dfile.encoding=UTF-8 
java_command: /home/kraulain/NetBeansProjects/COT-MIS2/dist/run904573807/COT-MIS2.jar
java_class_path (initial): /home/kraulain/NetBeansProjects/COT-MIS2/dist/run904573807/COT-MIS2.jar
Launcher Type: SUN_STANDARD

Environment Variables:
PATH=/usr/local/sbin:/usr/local/bin:/usr/sbin:/usr/bin:/sbin:/bin:/usr/games:/usr/local/games
LD_LIBRARY_PATH=/usr/lib/jvm/java-8-oracle/jre/lib/amd64:/usr/lib/jvm/java-8-oracle/jre/lib/i386:
SHELL=/bin/bash
DISPLAY=:0

Signal Handlers:
SIGSEGV: [libjvm.so+0xabb070], sa_mask[0]=11111111011111111101111111111110, sa_flags=SA_RESTART|SA_SIGINFO
SIGBUS: [libjvm.so+0xabb070], sa_mask[0]=11111111011111111101111111111110, sa_flags=SA_RESTART|SA_SIGINFO
SIGFPE: [libjvm.so+0x918480], sa_mask[0]=11111111011111111101111111111110, sa_flags=SA_RESTART|SA_SIGINFO
SIGPIPE: SIG_IGN, sa_mask[0]=00000000000010000000000000000000, sa_flags=SA_RESTART
SIGXFSZ: [libjvm.so+0x918480], sa_mask[0]=11111111011111111101111111111110, sa_flags=SA_RESTART|SA_SIGINFO
SIGILL: [libjvm.so+0x918480], sa_mask[0]=11111111011111111101111111111110, sa_flags=SA_RESTART|SA_SIGINFO
SIGUSR1: SIG_DFL, sa_mask[0]=00000000000000000000000000000000, sa_flags=none
SIGUSR2: [libjvm.so+0x919ab0], sa_mask[0]=00100000000000000000000000000000, sa_flags=SA_RESTART|SA_SIGINFO
SIGHUP: [libjvm.so+0x91aeb0], sa_mask[0]=11111111011111111101111111111110, sa_flags=SA_RESTART|SA_SIGINFO
SIGINT: SIG_IGN, sa_mask[0]=00000000000000000000000000000000, sa_flags=none
SIGTERM: [libjvm.so+0x91aeb0], sa_mask[0]=11111111011111111101111111111110, sa_flags=SA_RESTART|SA_SIGINFO
SIGQUIT: [libjvm.so+0x91aeb0], sa_mask[0]=11111111011111111101111111111110, sa_flags=SA_RESTART|SA_SIGINFO


---------------  S Y S T E M  ---------------

OS:DISTRIB_ID=Ubuntu
DISTRIB_RELEASE=15.10
DISTRIB_CODENAME=wily
DISTRIB_DESCRIPTION="Ubuntu 15.10"

uname:Linux 4.2.0-30-generic #36-Ubuntu SMP Fri Feb 26 00:58:07 UTC 2016 x86_64
libc:glibc 2.21 NPTL 2.21 
rlimit: STACK 8192k, CORE 0k, NPROC 14986, NOFILE 65536, AS infinity
load average:1.21 0.90 0.42

/proc/meminfo:
MemTotal:        3928172 kB
MemFree:           63840 kB
MemAvailable:    1942720 kB
Buffers:          592824 kB
Cached:          1529332 kB
SwapCached:            0 kB
Active:          1690324 kB
Inactive:        1964744 kB
Active(anon):    1265168 kB
Inactive(anon):   560212 kB
Active(file):     425156 kB
Inactive(file):  1404532 kB
Unevictable:          32 kB
Mlocked:              32 kB
SwapTotal:       4075516 kB
SwapFree:        4075516 kB
Dirty:             11068 kB
Writeback:             0 kB
AnonPages:       1533060 kB
Mapped:           245532 kB
Shmem:            292468 kB
Slab:             114676 kB
SReclaimable:      78460 kB
SUnreclaim:        36216 kB
KernelStack:       10208 kB
PageTables:        32820 kB
NFS_Unstable:          0 kB
Bounce:                0 kB
WritebackTmp:          0 kB
CommitLimit:     6039600 kB
Committed_AS:    5210176 kB
VmallocTotal:   34359738367 kB
VmallocUsed:      414368 kB
VmallocChunk:   34358947836 kB
HardwareCorrupted:     0 kB
AnonHugePages:    851968 kB
CmaTotal:              0 kB
CmaFree:               0 kB
HugePages_Total:       0
HugePages_Free:        0
HugePages_Rsvd:        0
HugePages_Surp:        0
Hugepagesize:       2048 kB
DirectMap4k:      144068 kB
DirectMap2M:     3932160 kB


CPU:total 4 (2 cores per cpu, 2 threads per core) family 6 model 58 stepping 9, cmov, cx8, fxsr, mmx, sse, sse2, sse3, ssse3, sse4.1, sse4.2, popcnt, avx, clmul, erms, ht, tsc, tscinvbit, tscinv

/proc/cpuinfo:
processor	: 0
vendor_id	: GenuineIntel
cpu family	: 6
model		: 58
model name	: Intel(R) Core(TM) i3-3110M CPU @ 2.40GHz
stepping	: 9
microcode	: 0x1b
cpu MHz		: 2399.906
cache size	: 3072 KB
physical id	: 0
siblings	: 4
core id		: 0
cpu cores	: 2
apicid		: 0
initial apicid	: 0
fpu		: yes
fpu_exception	: yes
cpuid level	: 13
wp		: yes
flags		: fpu vme de pse tsc msr pae mce cx8 apic sep mtrr pge mca cmov pat pse36 clflush dts acpi mmx fxsr sse sse2 ss ht tm pbe syscall nx rdtscp lm constant_tsc arch_perfmon pebs bts rep_good nopl xtopology nonstop_tsc aperfmperf eagerfpu pni pclmulqdq dtes64 monitor ds_cpl vmx est tm2 ssse3 cx16 xtpr pdcm pcid sse4_1 sse4_2 x2apic popcnt tsc_deadline_timer xsave avx f16c lahf_lm arat epb pln pts dtherm tpr_shadow vnmi flexpriority ept vpid fsgsbase smep erms xsaveopt
bugs		:
bogomips	: 4789.29
clflush size	: 64
cache_alignment	: 64
address sizes	: 36 bits physical, 48 bits virtual
power management:

processor	: 1
vendor_id	: GenuineIntel
cpu family	: 6
model		: 58
model name	: Intel(R) Core(TM) i3-3110M CPU @ 2.40GHz
stepping	: 9
microcode	: 0x1b
cpu MHz		: 2399.906
cache size	: 3072 KB
physical id	: 0
siblings	: 4
core id		: 0
cpu cores	: 2
apicid		: 1
initial apicid	: 1
fpu		: yes
fpu_exception	: yes
cpuid level	: 13
wp		: yes
flags		: fpu vme de pse tsc msr pae mce cx8 apic sep mtrr pge mca cmov pat pse36 clflush dts acpi mmx fxsr sse sse2 ss ht tm pbe syscall nx rdtscp lm constant_tsc arch_perfmon pebs bts rep_good nopl xtopology nonstop_tsc aperfmperf eagerfpu pni pclmulqdq dtes64 monitor ds_cpl vmx est tm2 ssse3 cx16 xtpr pdcm pcid sse4_1 sse4_2 x2apic popcnt tsc_deadline_timer xsave avx f16c lahf_lm arat epb pln pts dtherm tpr_shadow vnmi flexpriority ept vpid fsgsbase smep erms xsaveopt
bugs		:
bogomips	: 4789.29
clflush size	: 64
cache_alignment	: 64
address sizes	: 36 bits physical, 48 bits virtual
power management:

processor	: 2
vendor_id	: GenuineIntel
cpu family	: 6
model		: 58
model name	: Intel(R) Core(TM) i3-3110M CPU @ 2.40GHz
stepping	: 9
microcode	: 0x1b
cpu MHz		: 2399.906
cache size	: 3072 KB
physical id	: 0
siblings	: 4
core id		: 1
cpu cores	: 2
apicid		: 2
initial apicid	: 2
fpu		: yes
fpu_exception	: yes
cpuid level	: 13
wp		: yes
flags		: fpu vme de pse tsc msr pae mce cx8 apic sep mtrr pge mca cmov pat pse36 clflush dts acpi mmx fxsr sse sse2 ss ht tm pbe syscall nx rdtscp lm constant_tsc arch_perfmon pebs bts rep_good nopl xtopology nonstop_tsc aperfmperf eagerfpu pni pclmulqdq dtes64 monitor ds_cpl vmx est tm2 ssse3 cx16 xtpr pdcm pcid sse4_1 sse4_2 x2apic popcnt tsc_deadline_timer xsave avx f16c lahf_lm arat epb pln pts dtherm tpr_shadow vnmi flexpriority ept vpid fsgsbase smep erms xsaveopt
bugs		:
bogomips	: 4789.29
clflush size	: 64
cache_alignment	: 64
address sizes	: 36 bits physical, 48 bits virtual
power management:

processor	: 3
vendor_id	: GenuineIntel
cpu family	: 6
model		: 58
model name	: Intel(R) Core(TM) i3-3110M CPU @ 2.40GHz
stepping	: 9
microcode	: 0x1b
cpu MHz		: 2399.906
cache size	: 3072 KB
physical id	: 0
siblings	: 4
core id		: 1
cpu cores	: 2
apicid		: 3
initial apicid	: 3
fpu		: yes
fpu_exception	: yes
cpuid level	: 13
wp		: yes
flags		: fpu vme de pse tsc msr pae mce cx8 apic sep mtrr pge mca cmov pat pse36 clflush dts acpi mmx fxsr sse sse2 ss ht tm pbe syscall nx rdtscp lm constant_tsc arch_perfmon pebs bts rep_good nopl xtopology nonstop_tsc aperfmperf eagerfpu pni pclmulqdq dtes64 monitor ds_cpl vmx est tm2 ssse3 cx16 xtpr pdcm pcid sse4_1 sse4_2 x2apic popcnt tsc_deadline_timer xsave avx f16c lahf_lm arat epb pln pts dtherm tpr_shadow vnmi flexpriority ept vpid fsgsbase smep erms xsaveopt
bugs		:
bogomips	: 4789.29
clflush size	: 64
cache_alignment	: 64
address sizes	: 36 bits physical, 48 bits virtual
power management:



Memory: 4k page, physical 3928172k(63840k free), swap 4075516k(4075516k free)

vm_info: Java HotSpot(TM) 64-Bit Server VM (25.72-b15) for linux-amd64 JRE (1.8.0_72-b15), built on Dec 22 2015 22:00:07 by "java_re" with gcc 4.3.0 20080428 (Red Hat 4.3.0-8)

time: Tue Mar  8 12:52:24 2016
elapsed time: 30 seconds (0d 0h 0m 30s)

